running egg_info
creating ../build/usb_cam2/usb_cam2.egg-info
writing ../build/usb_cam2/usb_cam2.egg-info/PKG-INFO
writing dependency_links to ../build/usb_cam2/usb_cam2.egg-info/dependency_links.txt
writing entry points to ../build/usb_cam2/usb_cam2.egg-info/entry_points.txt
writing requirements to ../build/usb_cam2/usb_cam2.egg-info/requires.txt
writing top-level names to ../build/usb_cam2/usb_cam2.egg-info/top_level.txt
writing manifest file '../build/usb_cam2/usb_cam2.egg-info/SOURCES.txt'
reading manifest file '../build/usb_cam2/usb_cam2.egg-info/SOURCES.txt'
writing manifest file '../build/usb_cam2/usb_cam2.egg-info/SOURCES.txt'
running build
running build_py
creating /home/michael/ros2_ws/mega_prosjekt/src/mekatronikk_mega_prosjekt/build/usb_cam2/build/lib/usb_cam2
copying usb_cam2/__init__.py -> /home/michael/ros2_ws/mega_prosjekt/src/mekatronikk_mega_prosjekt/build/usb_cam2/build/lib/usb_cam2
running install
running install_lib
creating /home/michael/ros2_ws/mega_prosjekt/src/mekatronikk_mega_prosjekt/install/usb_cam2/lib/python3.12/site-packages/usb_cam2
copying /home/michael/ros2_ws/mega_prosjekt/src/mekatronikk_mega_prosjekt/build/usb_cam2/build/lib/usb_cam2/__init__.py -> /home/michael/ros2_ws/mega_prosjekt/src/mekatronikk_mega_prosjekt/install/usb_cam2/lib/python3.12/site-packages/usb_cam2
byte-compiling /home/michael/ros2_ws/mega_prosjekt/src/mekatronikk_mega_prosjekt/install/usb_cam2/lib/python3.12/site-packages/usb_cam2/__init__.py to __init__.cpython-312.pyc
running install_data
creating /home/michael/ros2_ws/mega_prosjekt/src/mekatronikk_mega_prosjekt/install/usb_cam2/share/ament_index/resource_index/packages
copying resource/usb_cam2 -> /home/michael/ros2_ws/mega_prosjekt/src/mekatronikk_mega_prosjekt/install/usb_cam2/share/ament_index/resource_index/packages
creating /home/michael/ros2_ws/mega_prosjekt/src/mekatronikk_mega_prosjekt/install/usb_cam2/share/usb_cam2
copying package.xml -> /home/michael/ros2_ws/mega_prosjekt/src/mekatronikk_mega_prosjekt/install/usb_cam2/share/usb_cam2
running install_egg_info
Copying ../build/usb_cam2/usb_cam2.egg-info to /home/michael/ros2_ws/mega_prosjekt/src/mekatronikk_mega_prosjekt/install/usb_cam2/lib/python3.12/site-packages/usb_cam2-0.0.0-py3.12.egg-info
running install_scripts
Installing camera_begin script to /home/michael/ros2_ws/mega_prosjekt/src/mekatronikk_mega_prosjekt/install/usb_cam2/lib/usb_cam2
writing list of installed files to '/home/michael/ros2_ws/mega_prosjekt/src/mekatronikk_mega_prosjekt/build/usb_cam2/install.log'
