[2.190s] Invoking command in '/home/michael/ros2_ws/mega_prosjekt/src/mekatronikk_mega_prosjekt/usb_cam22': DEBUGINFOD_URLS=https://debuginfod.ubuntu.com PS1=(.venv) \[\e]0;\u@\h: \w\a\]${debian_chroot:+($debian_chroot)}\[\033[01;32m\]\u@\h\[\033[00m\]:\[\033[01;34m\]\w\[\033[00m\]\$ PYTHONPATH=/home/michael/ros2_ws/mega_prosjekt/src/mekatronikk_mega_prosjekt/build/usb_cam2/prefix_override:/home/michael/ros2_ws/.venv/lib/python3.12/site-packages/colcon_core/task/python/colcon_distutils_commands:/home/michael/ros2_ws/mega_prosjekt/src/mekatronikk_mega_prosjekt/install/usb_cam2/lib/python3.12/site-packages:${PYTHONPATH} VIRTUAL_ENV_PROMPT=(.venv) /home/michael/ros2_ws/.venv/bin/python3.12 -W ignore:setup.py install is deprecated -W ignore:easy_install command is deprecated setup.py egg_info --egg-base ../build/usb_cam2 build --build-base /home/michael/ros2_ws/mega_prosjekt/src/mekatronikk_mega_prosjekt/build/usb_cam2/build install --record /home/michael/ros2_ws/mega_prosjekt/src/mekatronikk_mega_prosjekt/build/usb_cam2/install.log --single-version-externally-managed install_data
[2.482s] running egg_info
[2.496s] creating ../build/usb_cam2/usb_cam2.egg-info
[2.496s] writing ../build/usb_cam2/usb_cam2.egg-info/PKG-INFO
[2.497s] writing dependency_links to ../build/usb_cam2/usb_cam2.egg-info/dependency_links.txt
[2.497s] writing entry points to ../build/usb_cam2/usb_cam2.egg-info/entry_points.txt
[2.497s] writing requirements to ../build/usb_cam2/usb_cam2.egg-info/requires.txt
[2.497s] writing top-level names to ../build/usb_cam2/usb_cam2.egg-info/top_level.txt
[2.497s] writing manifest file '../build/usb_cam2/usb_cam2.egg-info/SOURCES.txt'
[2.527s] reading manifest file '../build/usb_cam2/usb_cam2.egg-info/SOURCES.txt'
[2.528s] writing manifest file '../build/usb_cam2/usb_cam2.egg-info/SOURCES.txt'
[2.528s] running build
[2.528s] running build_py
[2.528s] creating /home/michael/ros2_ws/mega_prosjekt/src/mekatronikk_mega_prosjekt/build/usb_cam2/build/lib/usb_cam2
[2.528s] copying usb_cam2/__init__.py -> /home/michael/ros2_ws/mega_prosjekt/src/mekatronikk_mega_prosjekt/build/usb_cam2/build/lib/usb_cam2
[2.529s] running install
[2.534s] running install_lib
[2.549s] creating /home/michael/ros2_ws/mega_prosjekt/src/mekatronikk_mega_prosjekt/install/usb_cam2/lib/python3.12/site-packages/usb_cam2
[2.549s] copying /home/michael/ros2_ws/mega_prosjekt/src/mekatronikk_mega_prosjekt/build/usb_cam2/build/lib/usb_cam2/__init__.py -> /home/michael/ros2_ws/mega_prosjekt/src/mekatronikk_mega_prosjekt/install/usb_cam2/lib/python3.12/site-packages/usb_cam2
[2.549s] byte-compiling /home/michael/ros2_ws/mega_prosjekt/src/mekatronikk_mega_prosjekt/install/usb_cam2/lib/python3.12/site-packages/usb_cam2/__init__.py to __init__.cpython-312.pyc
[2.550s] running install_data
[2.550s] creating /home/michael/ros2_ws/mega_prosjekt/src/mekatronikk_mega_prosjekt/install/usb_cam2/share/ament_index/resource_index/packages
[2.550s] copying resource/usb_cam2 -> /home/michael/ros2_ws/mega_prosjekt/src/mekatronikk_mega_prosjekt/install/usb_cam2/share/ament_index/resource_index/packages
[2.550s] creating /home/michael/ros2_ws/mega_prosjekt/src/mekatronikk_mega_prosjekt/install/usb_cam2/share/usb_cam2
[2.551s] copying package.xml -> /home/michael/ros2_ws/mega_prosjekt/src/mekatronikk_mega_prosjekt/install/usb_cam2/share/usb_cam2
[2.551s] running install_egg_info
[2.565s] Copying ../build/usb_cam2/usb_cam2.egg-info to /home/michael/ros2_ws/mega_prosjekt/src/mekatronikk_mega_prosjekt/install/usb_cam2/lib/python3.12/site-packages/usb_cam2-0.0.0-py3.12.egg-info
[2.566s] running install_scripts
[2.596s] Installing camera_begin script to /home/michael/ros2_ws/mega_prosjekt/src/mekatronikk_mega_prosjekt/install/usb_cam2/lib/usb_cam2
[2.596s] writing list of installed files to '/home/michael/ros2_ws/mega_prosjekt/src/mekatronikk_mega_prosjekt/build/usb_cam2/install.log'
