[0.016s] Invoking command in '/home/michael/ros2_ws/mega_prosjekt/src/mekatronikk_mega_prosjekt/build/scene_handler': CMAKE_PREFIX_PATH=${CMAKE_PREFIX_PATH}:/opt/ros/jazzy DEBUGINFOD_URLS=https://debuginfod.ubuntu.com PS1=(.venv) \[\e]0;\u@\h: \w\a\]${debian_chroot:+($debian_chroot)}\[\033[01;32m\]\u@\h\[\033[00m\]:\[\033[01;34m\]\w\[\033[00m\]\$ VIRTUAL_ENV_PROMPT=(.venv) /usr/bin/cmake /home/michael/ros2_ws/mega_prosjekt/src/mekatronikk_mega_prosjekt/scene_handler -DCMAKE_INSTALL_PREFIX=/home/michael/ros2_ws/mega_prosjekt/src/mekatronikk_mega_prosjekt/install/scene_handler
[0.038s] -- Found ament_cmake: 2.5.4 (/opt/ros/jazzy/share/ament_cmake/cmake)
[0.377s] -- Found rclcpp: 28.1.6 (/opt/ros/jazzy/share/rclcpp/cmake)
[0.426s] -- Found rosidl_generator_c: 4.6.5 (/opt/ros/jazzy/share/rosidl_generator_c/cmake)
[0.439s] -- Found rosidl_generator_cpp: 4.6.5 (/opt/ros/jazzy/share/rosidl_generator_cpp/cmake)
[0.454s] -- Using all available rosidl_typesupport_c: rosidl_typesupport_fastrtps_c;rosidl_typesupport_introspection_c
[0.471s] -- Using all available rosidl_typesupport_cpp: rosidl_typesupport_fastrtps_cpp;rosidl_typesupport_introspection_cpp
[0.552s] -- Found rmw_implementation_cmake: 7.3.1 (/opt/ros/jazzy/share/rmw_implementation_cmake/cmake)
[0.553s] -- Found rmw_fastrtps_cpp: 8.4.1 (/opt/ros/jazzy/share/rmw_fastrtps_cpp/cmake)
[0.644s] -- Using RMW implementation 'rmw_fastrtps_cpp' as default
[0.750s] [31mCMake Error at CMakeLists.txt:11 (find_package):
[0.750s]   By not providing "Findmoveit_visual_tools.cmake" in CMAKE_MODULE_PATH this
[0.750s]   project has asked CMake to find a package configuration file provided by
[0.750s]   "moveit_visual_tools", but CMake did not find one.
[0.750s] 
[0.750s]   Could not find a package configuration file provided by
[0.750s]   "moveit_visual_tools" with any of the following names:
[0.750s] 
[0.750s]     moveit_visual_toolsConfig.cmake
[0.750s]     moveit_visual_tools-config.cmake
[0.750s] 
[0.750s]   Add the installation prefix of "moveit_visual_tools" to CMAKE_PREFIX_PATH
[0.751s]   or set "moveit_visual_tools_DIR" to a directory containing one of the above
[0.751s]   files.  If "moveit_visual_tools" provides a separate development package or
[0.751s]   SDK, be sure it has been installed.
[0.751s] 
[0.751s] [0m
[0.751s] -- Configuring incomplete, errors occurred!
[0.758s] Invoked command in '/home/michael/ros2_ws/mega_prosjekt/src/mekatronikk_mega_prosjekt/build/scene_handler' returned '1': CMAKE_PREFIX_PATH=${CMAKE_PREFIX_PATH}:/opt/ros/jazzy DEBUGINFOD_URLS=https://debuginfod.ubuntu.com PS1=(.venv) \[\e]0;\u@\h: \w\a\]${debian_chroot:+($debian_chroot)}\[\033[01;32m\]\u@\h\[\033[00m\]:\[\033[01;34m\]\w\[\033[00m\]\$ VIRTUAL_ENV_PROMPT=(.venv) /usr/bin/cmake /home/michael/ros2_ws/mega_prosjekt/src/mekatronikk_mega_prosjekt/scene_handler -DCMAKE_INSTALL_PREFIX=/home/michael/ros2_ws/mega_prosjekt/src/mekatronikk_mega_prosjekt/install/scene_handler
