[  1%] [34m[1mGenerating type hashes for ROS interfaces[0m
[  1%] Built target ament_cmake_python_copy_process_msgs
running egg_info
creating process_msgs.egg-info
writing process_msgs.egg-info/PKG-INFO
writing dependency_links to process_msgs.egg-info/dependency_links.txt
writing top-level names to process_msgs.egg-info/top_level.txt
writing manifest file 'process_msgs.egg-info/SOURCES.txt'
reading manifest file 'process_msgs.egg-info/SOURCES.txt'
writing manifest file 'process_msgs.egg-info/SOURCES.txt'
[  1%] Built target process_msgs__rosidl_generator_type_description
[  2%] [34m[1mGenerating C code for ROS interfaces[0m
[  2%] Built target ament_cmake_python_build_process_msgs_egg
[  3%] [34m[1mGenerating C++ code for ROS interfaces[0m
[  3%] Built target process_msgs__cpp
[  4%] [32mBuilding C object CMakeFiles/process_msgs__rosidl_generator_c.dir/rosidl_generator_c/process_msgs/msg/detail/cube__description.c.o[0m
[  5%] [32mBuilding C object CMakeFiles/process_msgs__rosidl_generator_c.dir/rosidl_generator_c/process_msgs/msg/detail/cube_array__functions.c.o[0m
[  6%] [32mBuilding C object CMakeFiles/process_msgs__rosidl_generator_c.dir/rosidl_generator_c/process_msgs/msg/detail/cube_array__description.c.o[0m
[  7%] [32mBuilding C object CMakeFiles/process_msgs__rosidl_generator_c.dir/rosidl_generator_c/process_msgs/msg/detail/key_event__description.c.o[0m
[  9%] [32mBuilding C object CMakeFiles/process_msgs__rosidl_generator_c.dir/rosidl_generator_c/process_msgs/msg/detail/cube__functions.c.o[0m
[  8%] [32mBuilding C object CMakeFiles/process_msgs__rosidl_generator_c.dir/rosidl_generator_c/process_msgs/msg/detail/key_event__functions.c.o[0m
[ 11%] [32mBuilding C object CMakeFiles/process_msgs__rosidl_generator_c.dir/rosidl_generator_c/process_msgs/msg/detail/cube__type_support.c.o[0m
[ 12%] [32mBuilding C object CMakeFiles/process_msgs__rosidl_generator_c.dir/rosidl_generator_c/process_msgs/msg/detail/cube_array__type_support.c.o[0m
[ 13%] [32mBuilding C object CMakeFiles/process_msgs__rosidl_generator_c.dir/rosidl_generator_c/process_msgs/msg/detail/key_event__type_support.c.o[0m
[ 14%] [32mBuilding C object CMakeFiles/process_msgs__rosidl_generator_c.dir/rosidl_generator_c/process_msgs/msg/detail/task__description.c.o[0m
[ 18%] [32mBuilding C object CMakeFiles/process_msgs__rosidl_generator_c.dir/rosidl_generator_c/process_msgs/msg/detail/task_feedback__description.c.o[0m
[ 10%] [32mBuilding C object CMakeFiles/process_msgs__rosidl_generator_c.dir/rosidl_generator_c/process_msgs/msg/detail/scene_state__description.c.o[0m
[ 19%] [32mBuilding C object CMakeFiles/process_msgs__rosidl_generator_c.dir/rosidl_generator_c/process_msgs/msg/detail/task__type_support.c.o[0m
[ 19%] [32mBuilding C object CMakeFiles/process_msgs__rosidl_generator_c.dir/rosidl_generator_c/process_msgs/msg/detail/scene_state__functions.c.o[0m
[ 19%] [32mBuilding C object CMakeFiles/process_msgs__rosidl_generator_c.dir/rosidl_generator_c/process_msgs/msg/detail/task__functions.c.o[0m
[ 20%] [32mBuilding C object CMakeFiles/process_msgs__rosidl_generator_c.dir/rosidl_generator_c/process_msgs/msg/detail/scene_state__type_support.c.o[0m
[ 21%] [32mBuilding C object CMakeFiles/process_msgs__rosidl_generator_c.dir/rosidl_generator_c/process_msgs/msg/detail/task_feedback__functions.c.o[0m
[ 22%] [32mBuilding C object CMakeFiles/process_msgs__rosidl_generator_c.dir/rosidl_generator_c/process_msgs/msg/detail/task_feedback__type_support.c.o[0m
[ 23%] [32mBuilding C object CMakeFiles/process_msgs__rosidl_generator_c.dir/rosidl_generator_c/process_msgs/srv/detail/get_scene__functions.c.o[0m
[ 24%] [32mBuilding C object CMakeFiles/process_msgs__rosidl_generator_c.dir/rosidl_generator_c/process_msgs/srv/detail/get_scene__description.c.o[0m
[ 25%] [32mBuilding C object CMakeFiles/process_msgs__rosidl_generator_c.dir/rosidl_generator_c/process_msgs/srv/detail/get_scene__type_support.c.o[0m
[ 26%] [32m[1mLinking C shared library libprocess_msgs__rosidl_generator_c.so[0m
[ 26%] Built target process_msgs__rosidl_generator_c
[ 27%] [34m[1mGenerating C introspection for ROS interfaces[0m
[ 28%] [34m[1mGenerating C type support dispatch for ROS interfaces[0m
[ 29%] [34m[1mGenerating C++ introspection for ROS interfaces[0m
[ 30%] [34m[1mGenerating C++ type support for eProsima Fast-RTPS[0m
[ 31%] [34m[1mGenerating C type support for eProsima Fast-RTPS[0m
[ 32%] [34m[1mGenerating C++ type support dispatch for ROS interfaces[0m
[ 34%] [32mBuilding CXX object CMakeFiles/process_msgs__rosidl_typesupport_cpp.dir/rosidl_typesupport_cpp/process_msgs/msg/cube_array__type_support.cpp.o[0m
[ 35%] [32mBuilding CXX object CMakeFiles/process_msgs__rosidl_typesupport_cpp.dir/rosidl_typesupport_cpp/process_msgs/msg/key_event__type_support.cpp.o[0m
[ 36%] [32mBuilding CXX object CMakeFiles/process_msgs__rosidl_typesupport_cpp.dir/rosidl_typesupport_cpp/process_msgs/msg/scene_state__type_support.cpp.o[0m
[ 38%] [32mBuilding CXX object CMakeFiles/process_msgs__rosidl_typesupport_cpp.dir/rosidl_typesupport_cpp/process_msgs/msg/cube__type_support.cpp.o[0m
[ 38%] [32mBuilding CXX object CMakeFiles/process_msgs__rosidl_typesupport_cpp.dir/rosidl_typesupport_cpp/process_msgs/msg/task_feedback__type_support.cpp.o[0m
[ 39%] [32mBuilding CXX object CMakeFiles/process_msgs__rosidl_typesupport_cpp.dir/rosidl_typesupport_cpp/process_msgs/msg/task__type_support.cpp.o[0m
[ 40%] [32mBuilding CXX object CMakeFiles/process_msgs__rosidl_typesupport_cpp.dir/rosidl_typesupport_cpp/process_msgs/srv/get_scene__type_support.cpp.o[0m
[ 42%] [32mBuilding CXX object CMakeFiles/process_msgs__rosidl_typesupport_c.dir/rosidl_typesupport_c/process_msgs/msg/scene_state__type_support.cpp.o[0m
[ 42%] [32mBuilding CXX object CMakeFiles/process_msgs__rosidl_typesupport_c.dir/rosidl_typesupport_c/process_msgs/msg/cube__type_support.cpp.o[0m
[ 43%] [32mBuilding CXX object CMakeFiles/process_msgs__rosidl_typesupport_c.dir/rosidl_typesupport_c/process_msgs/msg/cube_array__type_support.cpp.o[0m
[ 44%] [32mBuilding CXX object CMakeFiles/process_msgs__rosidl_typesupport_c.dir/rosidl_typesupport_c/process_msgs/msg/task__type_support.cpp.o[0m
[ 45%] [32mBuilding CXX object CMakeFiles/process_msgs__rosidl_typesupport_c.dir/rosidl_typesupport_c/process_msgs/msg/key_event__type_support.cpp.o[0m
[ 46%] [32mBuilding CXX object CMakeFiles/process_msgs__rosidl_typesupport_c.dir/rosidl_typesupport_c/process_msgs/srv/get_scene__type_support.cpp.o[0m
[ 47%] [32mBuilding CXX object CMakeFiles/process_msgs__rosidl_typesupport_c.dir/rosidl_typesupport_c/process_msgs/msg/task_feedback__type_support.cpp.o[0m
[ 50%] [32mBuilding C object CMakeFiles/process_msgs__rosidl_typesupport_introspection_c.dir/rosidl_typesupport_introspection_c/process_msgs/msg/detail/cube_array__type_support.c.o[0m
[ 50%] [32mBuilding C object CMakeFiles/process_msgs__rosidl_typesupport_introspection_c.dir/rosidl_typesupport_introspection_c/process_msgs/msg/detail/cube__type_support.c.o[0m
[ 51%] [32mBuilding CXX object CMakeFiles/process_msgs__rosidl_typesupport_introspection_cpp.dir/rosidl_typesupport_introspection_cpp/process_msgs/msg/detail/cube__type_support.cpp.o[0m
[ 52%] [32mBuilding C object CMakeFiles/process_msgs__rosidl_typesupport_introspection_c.dir/rosidl_typesupport_introspection_c/process_msgs/msg/detail/scene_state__type_support.c.o[0m
[ 53%] [32mBuilding C object CMakeFiles/process_msgs__rosidl_typesupport_introspection_c.dir/rosidl_typesupport_introspection_c/process_msgs/msg/detail/key_event__type_support.c.o[0m
[ 54%] [32m[1mLinking CXX shared library libprocess_msgs__rosidl_typesupport_c.so[0m
[ 55%] [32mBuilding CXX object CMakeFiles/process_msgs__rosidl_typesupport_introspection_cpp.dir/rosidl_typesupport_introspection_cpp/process_msgs/msg/detail/cube_array__type_support.cpp.o[0m
[ 56%] [32mBuilding CXX object CMakeFiles/process_msgs__rosidl_typesupport_introspection_cpp.dir/rosidl_typesupport_introspection_cpp/process_msgs/msg/detail/key_event__type_support.cpp.o[0m
[ 57%] [32mBuilding CXX object CMakeFiles/process_msgs__rosidl_typesupport_introspection_cpp.dir/rosidl_typesupport_introspection_cpp/process_msgs/msg/detail/scene_state__type_support.cpp.o[0m
[ 58%] [32mBuilding CXX object CMakeFiles/process_msgs__rosidl_typesupport_introspection_cpp.dir/rosidl_typesupport_introspection_cpp/process_msgs/msg/detail/task__type_support.cpp.o[0m
[ 59%] [32mBuilding C object CMakeFiles/process_msgs__rosidl_typesupport_introspection_c.dir/rosidl_typesupport_introspection_c/process_msgs/msg/detail/task__type_support.c.o[0m
[ 59%] Built target process_msgs__rosidl_typesupport_c
[ 60%] [32mBuilding C object CMakeFiles/process_msgs__rosidl_typesupport_introspection_c.dir/rosidl_typesupport_introspection_c/process_msgs/msg/detail/task_feedback__type_support.c.o[0m
[ 61%] [32mBuilding C object CMakeFiles/process_msgs__rosidl_typesupport_introspection_c.dir/rosidl_typesupport_introspection_c/process_msgs/srv/detail/get_scene__type_support.c.o[0m
[ 62%] [32mBuilding CXX object CMakeFiles/process_msgs__rosidl_typesupport_introspection_cpp.dir/rosidl_typesupport_introspection_cpp/process_msgs/msg/detail/task_feedback__type_support.cpp.o[0m
[ 63%] [32m[1mLinking C shared library libprocess_msgs__rosidl_typesupport_introspection_c.so[0m
[ 64%] [32mBuilding CXX object CMakeFiles/process_msgs__rosidl_typesupport_introspection_cpp.dir/rosidl_typesupport_introspection_cpp/process_msgs/srv/detail/get_scene__type_support.cpp.o[0m
[ 65%] [32mBuilding CXX object CMakeFiles/process_msgs__rosidl_typesupport_fastrtps_cpp.dir/rosidl_typesupport_fastrtps_cpp/process_msgs/msg/detail/dds_fastrtps/cube__type_support.cpp.o[0m
[ 67%] [32mBuilding CXX object CMakeFiles/process_msgs__rosidl_typesupport_fastrtps_cpp.dir/rosidl_typesupport_fastrtps_cpp/process_msgs/msg/detail/dds_fastrtps/cube_array__type_support.cpp.o[0m
[ 68%] [32mBuilding CXX object CMakeFiles/process_msgs__rosidl_typesupport_fastrtps_cpp.dir/rosidl_typesupport_fastrtps_cpp/process_msgs/msg/detail/dds_fastrtps/key_event__type_support.cpp.o[0m
[ 69%] [32mBuilding CXX object CMakeFiles/process_msgs__rosidl_typesupport_fastrtps_cpp.dir/rosidl_typesupport_fastrtps_cpp/process_msgs/msg/detail/dds_fastrtps/scene_state__type_support.cpp.o[0m
[ 69%] Built target process_msgs__rosidl_typesupport_introspection_c
[ 70%] [32mBuilding CXX object CMakeFiles/process_msgs__rosidl_typesupport_fastrtps_cpp.dir/rosidl_typesupport_fastrtps_cpp/process_msgs/msg/detail/dds_fastrtps/task__type_support.cpp.o[0m
[ 71%] [32mBuilding CXX object CMakeFiles/process_msgs__rosidl_typesupport_fastrtps_cpp.dir/rosidl_typesupport_fastrtps_cpp/process_msgs/msg/detail/dds_fastrtps/task_feedback__type_support.cpp.o[0m
[ 72%] [32mBuilding CXX object CMakeFiles/process_msgs__rosidl_typesupport_fastrtps_cpp.dir/rosidl_typesupport_fastrtps_cpp/process_msgs/srv/detail/dds_fastrtps/get_scene__type_support.cpp.o[0m
[ 73%] [32mBuilding CXX object CMakeFiles/process_msgs__rosidl_typesupport_fastrtps_c.dir/rosidl_typesupport_fastrtps_c/process_msgs/msg/detail/cube__type_support_c.cpp.o[0m
[ 74%] [32mBuilding CXX object CMakeFiles/process_msgs__rosidl_typesupport_fastrtps_c.dir/rosidl_typesupport_fastrtps_c/process_msgs/msg/detail/cube_array__type_support_c.cpp.o[0m
[ 75%] [32mBuilding CXX object CMakeFiles/process_msgs__rosidl_typesupport_fastrtps_c.dir/rosidl_typesupport_fastrtps_c/process_msgs/msg/detail/key_event__type_support_c.cpp.o[0m
[ 76%] [32mBuilding CXX object CMakeFiles/process_msgs__rosidl_typesupport_fastrtps_c.dir/rosidl_typesupport_fastrtps_c/process_msgs/msg/detail/scene_state__type_support_c.cpp.o[0m
[ 77%] [32mBuilding CXX object CMakeFiles/process_msgs__rosidl_typesupport_fastrtps_c.dir/rosidl_typesupport_fastrtps_c/process_msgs/msg/detail/task__type_support_c.cpp.o[0m
[ 78%] [32m[1mLinking CXX shared library libprocess_msgs__rosidl_typesupport_cpp.so[0m
[ 79%] [32mBuilding CXX object CMakeFiles/process_msgs__rosidl_typesupport_fastrtps_c.dir/rosidl_typesupport_fastrtps_c/process_msgs/msg/detail/task_feedback__type_support_c.cpp.o[0m
[ 79%] Built target process_msgs__rosidl_typesupport_cpp
[ 80%] [32mBuilding CXX object CMakeFiles/process_msgs__rosidl_typesupport_fastrtps_c.dir/rosidl_typesupport_fastrtps_c/process_msgs/srv/detail/get_scene__type_support_c.cpp.o[0m
[ 81%] [32m[1mLinking CXX shared library libprocess_msgs__rosidl_typesupport_introspection_cpp.so[0m
[ 81%] Built target process_msgs__rosidl_typesupport_introspection_cpp
[ 82%] [32m[1mLinking CXX shared library libprocess_msgs__rosidl_typesupport_fastrtps_c.so[0m
[ 82%] Built target process_msgs__rosidl_typesupport_fastrtps_c
[ 84%] [32m[1mLinking CXX shared library libprocess_msgs__rosidl_typesupport_fastrtps_cpp.so[0m
[ 84%] Built target process_msgs__rosidl_typesupport_fastrtps_cpp
[ 84%] Built target process_msgs
[ 85%] [34m[1mGenerating Python code for ROS interfaces[0m
[ 85%] Built target process_msgs__py
[ 86%] [32mBuilding C object CMakeFiles/process_msgs__rosidl_generator_py.dir/rosidl_generator_py/process_msgs/msg/_key_event_s.c.o[0m
[ 87%] [32mBuilding C object CMakeFiles/process_msgs__rosidl_generator_py.dir/rosidl_generator_py/process_msgs/msg/_scene_state_s.c.o[0m
[ 88%] [32mBuilding C object CMakeFiles/process_msgs__rosidl_generator_py.dir/rosidl_generator_py/process_msgs/msg/_cube_s.c.o[0m
[ 89%] [32mBuilding C object CMakeFiles/process_msgs__rosidl_generator_py.dir/rosidl_generator_py/process_msgs/msg/_task_feedback_s.c.o[0m
[ 90%] [32mBuilding C object CMakeFiles/process_msgs__rosidl_generator_py.dir/rosidl_generator_py/process_msgs/srv/_get_scene_s.c.o[0m
[ 91%] [32mBuilding C object CMakeFiles/process_msgs__rosidl_generator_py.dir/rosidl_generator_py/process_msgs/msg/_cube_array_s.c.o[0m
[ 92%] [32mBuilding C object CMakeFiles/process_msgs__rosidl_generator_py.dir/rosidl_generator_py/process_msgs/msg/_task_s.c.o[0m
[ 93%] [32m[1mLinking C shared library libprocess_msgs__rosidl_generator_py.so[0m
[ 93%] Built target process_msgs__rosidl_generator_py
[ 94%] [32mBuilding C object CMakeFiles/process_msgs_s__rosidl_typesupport_fastrtps_c.dir/rosidl_generator_py/process_msgs/_process_msgs_s.ep.rosidl_typesupport_fastrtps_c.c.o[0m
[ 95%] [32mBuilding C object CMakeFiles/process_msgs_s__rosidl_typesupport_introspection_c.dir/rosidl_generator_py/process_msgs/_process_msgs_s.ep.rosidl_typesupport_introspection_c.c.o[0m
[ 96%] [32mBuilding C object CMakeFiles/process_msgs_s__rosidl_typesupport_c.dir/rosidl_generator_py/process_msgs/_process_msgs_s.ep.rosidl_typesupport_c.c.o[0m
[ 97%] [32m[1mLinking C shared module rosidl_generator_py/process_msgs/process_msgs_s__rosidl_typesupport_c.so[0m
[ 98%] [32m[1mLinking C shared module rosidl_generator_py/process_msgs/process_msgs_s__rosidl_typesupport_introspection_c.so[0m
[100%] [32m[1mLinking C shared module rosidl_generator_py/process_msgs/process_msgs_s__rosidl_typesupport_fastrtps_c.so[0m
[100%] Built target process_msgs_s__rosidl_typesupport_introspection_c
[100%] Built target process_msgs_s__rosidl_typesupport_c
[100%] Built target process_msgs_s__rosidl_typesupport_fastrtps_c
-- Install configuration: ""
-- Installing: /home/michael/ros2_ws/mega_prosjekt/src/mekatronikk_mega_prosjekt/install/process_msgs/share/ament_index/resource_index/rosidl_interfaces/process_msgs
-- Installing: /home/michael/ros2_ws/mega_prosjekt/src/mekatronikk_mega_prosjekt/install/process_msgs/share/process_msgs/msg/Cube.json
-- Installing: /home/michael/ros2_ws/mega_prosjekt/src/mekatronikk_mega_prosjekt/install/process_msgs/share/process_msgs/msg/CubeArray.json
-- Installing: /home/michael/ros2_ws/mega_prosjekt/src/mekatronikk_mega_prosjekt/install/process_msgs/share/process_msgs/msg/KeyEvent.json
-- Installing: /home/michael/ros2_ws/mega_prosjekt/src/mekatronikk_mega_prosjekt/install/process_msgs/share/process_msgs/msg/SceneState.json
-- Installing: /home/michael/ros2_ws/mega_prosjekt/src/mekatronikk_mega_prosjekt/install/process_msgs/share/process_msgs/msg/Task.json
-- Installing: /home/michael/ros2_ws/mega_prosjekt/src/mekatronikk_mega_prosjekt/install/process_msgs/share/process_msgs/msg/TaskFeedback.json
-- Installing: /home/michael/ros2_ws/mega_prosjekt/src/mekatronikk_mega_prosjekt/install/process_msgs/share/process_msgs/srv/GetScene.json
-- Installing: /home/michael/ros2_ws/mega_prosjekt/src/mekatronikk_mega_prosjekt/install/process_msgs/include/process_msgs/process_msgs
-- Installing: /home/michael/ros2_ws/mega_prosjekt/src/mekatronikk_mega_prosjekt/install/process_msgs/include/process_msgs/process_msgs/msg
-- Installing: /home/michael/ros2_ws/mega_prosjekt/src/mekatronikk_mega_prosjekt/install/process_msgs/include/process_msgs/process_msgs/msg/cube_array.h
-- Installing: /home/michael/ros2_ws/mega_prosjekt/src/mekatronikk_mega_prosjekt/install/process_msgs/include/process_msgs/process_msgs/msg/scene_state.h
-- Installing: /home/michael/ros2_ws/mega_prosjekt/src/mekatronikk_mega_prosjekt/install/process_msgs/include/process_msgs/process_msgs/msg/cube.h
-- Installing: /home/michael/ros2_ws/mega_prosjekt/src/mekatronikk_mega_prosjekt/install/process_msgs/include/process_msgs/process_msgs/msg/detail
-- Installing: /home/michael/ros2_ws/mega_prosjekt/src/mekatronikk_mega_prosjekt/install/process_msgs/include/process_msgs/process_msgs/msg/detail/cube_array__struct.h
-- Installing: /home/michael/ros2_ws/mega_prosjekt/src/mekatronikk_mega_prosjekt/install/process_msgs/include/process_msgs/process_msgs/msg/detail/task_feedback__description.c
-- Installing: /home/michael/ros2_ws/mega_prosjekt/src/mekatronikk_mega_prosjekt/install/process_msgs/include/process_msgs/process_msgs/msg/detail/task__functions.h
-- Installing: /home/michael/ros2_ws/mega_prosjekt/src/mekatronikk_mega_prosjekt/install/process_msgs/include/process_msgs/process_msgs/msg/detail/task__description.c
-- Installing: /home/michael/ros2_ws/mega_prosjekt/src/mekatronikk_mega_prosjekt/install/process_msgs/include/process_msgs/process_msgs/msg/detail/key_event__type_support.h
-- Installing: /home/michael/ros2_ws/mega_prosjekt/src/mekatronikk_mega_prosjekt/install/process_msgs/include/process_msgs/process_msgs/msg/detail/cube__description.c
-- Installing: /home/michael/ros2_ws/mega_prosjekt/src/mekatronikk_mega_prosjekt/install/process_msgs/include/process_msgs/process_msgs/msg/detail/cube__functions.c
-- Installing: /home/michael/ros2_ws/mega_prosjekt/src/mekatronikk_mega_prosjekt/install/process_msgs/include/process_msgs/process_msgs/msg/detail/key_event__functions.c
-- Installing: /home/michael/ros2_ws/mega_prosjekt/src/mekatronikk_mega_prosjekt/install/process_msgs/include/process_msgs/process_msgs/msg/detail/task_feedback__functions.c
-- Installing: /home/michael/ros2_ws/mega_prosjekt/src/mekatronikk_mega_prosjekt/install/process_msgs/include/process_msgs/process_msgs/msg/detail/cube_array__functions.h
-- Installing: /home/michael/ros2_ws/mega_prosjekt/src/mekatronikk_mega_prosjekt/install/process_msgs/include/process_msgs/process_msgs/msg/detail/scene_state__functions.h
-- Installing: /home/michael/ros2_ws/mega_prosjekt/src/mekatronikk_mega_prosjekt/install/process_msgs/include/process_msgs/process_msgs/msg/detail/cube_array__functions.c
-- Installing: /home/michael/ros2_ws/mega_prosjekt/src/mekatronikk_mega_prosjekt/install/process_msgs/include/process_msgs/process_msgs/msg/detail/cube_array__description.c
-- Installing: /home/michael/ros2_ws/mega_prosjekt/src/mekatronikk_mega_prosjekt/install/process_msgs/include/process_msgs/process_msgs/msg/detail/cube_array__type_support.c
-- Installing: /home/michael/ros2_ws/mega_prosjekt/src/mekatronikk_mega_prosjekt/install/process_msgs/include/process_msgs/process_msgs/msg/detail/scene_state__type_support.h
-- Installing: /home/michael/ros2_ws/mega_prosjekt/src/mekatronikk_mega_prosjekt/install/process_msgs/include/process_msgs/process_msgs/msg/detail/key_event__type_support.c
-- Installing: /home/michael/ros2_ws/mega_prosjekt/src/mekatronikk_mega_prosjekt/install/process_msgs/include/process_msgs/process_msgs/msg/detail/task__functions.c
-- Installing: /home/michael/ros2_ws/mega_prosjekt/src/mekatronikk_mega_prosjekt/install/process_msgs/include/process_msgs/process_msgs/msg/detail/task__type_support.c
-- Installing: /home/michael/ros2_ws/mega_prosjekt/src/mekatronikk_mega_prosjekt/install/process_msgs/include/process_msgs/process_msgs/msg/detail/key_event__description.c
-- Installing: /home/michael/ros2_ws/mega_prosjekt/src/mekatronikk_mega_prosjekt/install/process_msgs/include/process_msgs/process_msgs/msg/detail/cube__functions.h
-- Installing: /home/michael/ros2_ws/mega_prosjekt/src/mekatronikk_mega_prosjekt/install/process_msgs/include/process_msgs/process_msgs/msg/detail/task_feedback__struct.h
-- Installing: /home/michael/ros2_ws/mega_prosjekt/src/mekatronikk_mega_prosjekt/install/process_msgs/include/process_msgs/process_msgs/msg/detail/cube__type_support.c
-- Installing: /home/michael/ros2_ws/mega_prosjekt/src/mekatronikk_mega_prosjekt/install/process_msgs/include/process_msgs/process_msgs/msg/detail/task_feedback__functions.h
-- Installing: /home/michael/ros2_ws/mega_prosjekt/src/mekatronikk_mega_prosjekt/install/process_msgs/include/process_msgs/process_msgs/msg/detail/key_event__struct.h
-- Installing: /home/michael/ros2_ws/mega_prosjekt/src/mekatronikk_mega_prosjekt/install/process_msgs/include/process_msgs/process_msgs/msg/detail/task_feedback__type_support.h
-- Installing: /home/michael/ros2_ws/mega_prosjekt/src/mekatronikk_mega_prosjekt/install/process_msgs/include/process_msgs/process_msgs/msg/detail/task__type_support.h
-- Installing: /home/michael/ros2_ws/mega_prosjekt/src/mekatronikk_mega_prosjekt/install/process_msgs/include/process_msgs/process_msgs/msg/detail/scene_state__type_support.c
-- Installing: /home/michael/ros2_ws/mega_prosjekt/src/mekatronikk_mega_prosjekt/install/process_msgs/include/process_msgs/process_msgs/msg/detail/scene_state__description.c
-- Installing: /home/michael/ros2_ws/mega_prosjekt/src/mekatronikk_mega_prosjekt/install/process_msgs/include/process_msgs/process_msgs/msg/detail/cube__struct.h
-- Installing: /home/michael/ros2_ws/mega_prosjekt/src/mekatronikk_mega_prosjekt/install/process_msgs/include/process_msgs/process_msgs/msg/detail/task_feedback__type_support.c
-- Installing: /home/michael/ros2_ws/mega_prosjekt/src/mekatronikk_mega_prosjekt/install/process_msgs/include/process_msgs/process_msgs/msg/detail/scene_state__functions.c
-- Installing: /home/michael/ros2_ws/mega_prosjekt/src/mekatronikk_mega_prosjekt/install/process_msgs/include/process_msgs/process_msgs/msg/detail/cube__type_support.h
-- Installing: /home/michael/ros2_ws/mega_prosjekt/src/mekatronikk_mega_prosjekt/install/process_msgs/include/process_msgs/process_msgs/msg/detail/scene_state__struct.h
-- Installing: /home/michael/ros2_ws/mega_prosjekt/src/mekatronikk_mega_prosjekt/install/process_msgs/include/process_msgs/process_msgs/msg/detail/key_event__functions.h
-- Installing: /home/michael/ros2_ws/mega_prosjekt/src/mekatronikk_mega_prosjekt/install/process_msgs/include/process_msgs/process_msgs/msg/detail/task__struct.h
-- Installing: /home/michael/ros2_ws/mega_prosjekt/src/mekatronikk_mega_prosjekt/install/process_msgs/include/process_msgs/process_msgs/msg/detail/cube_array__type_support.h
-- Installing: /home/michael/ros2_ws/mega_prosjekt/src/mekatronikk_mega_prosjekt/install/process_msgs/include/process_msgs/process_msgs/msg/task.h
-- Installing: /home/michael/ros2_ws/mega_prosjekt/src/mekatronikk_mega_prosjekt/install/process_msgs/include/process_msgs/process_msgs/msg/key_event.h
-- Installing: /home/michael/ros2_ws/mega_prosjekt/src/mekatronikk_mega_prosjekt/install/process_msgs/include/process_msgs/process_msgs/msg/rosidl_generator_c__visibility_control.h
-- Installing: /home/michael/ros2_ws/mega_prosjekt/src/mekatronikk_mega_prosjekt/install/process_msgs/include/process_msgs/process_msgs/msg/task_feedback.h
-- Installing: /home/michael/ros2_ws/mega_prosjekt/src/mekatronikk_mega_prosjekt/install/process_msgs/include/process_msgs/process_msgs/srv
-- Installing: /home/michael/ros2_ws/mega_prosjekt/src/mekatronikk_mega_prosjekt/install/process_msgs/include/process_msgs/process_msgs/srv/get_scene.h
-- Installing: /home/michael/ros2_ws/mega_prosjekt/src/mekatronikk_mega_prosjekt/install/process_msgs/include/process_msgs/process_msgs/srv/detail
-- Installing: /home/michael/ros2_ws/mega_prosjekt/src/mekatronikk_mega_prosjekt/install/process_msgs/include/process_msgs/process_msgs/srv/detail/get_scene__struct.h
-- Installing: /home/michael/ros2_ws/mega_prosjekt/src/mekatronikk_mega_prosjekt/install/process_msgs/include/process_msgs/process_msgs/srv/detail/get_scene__description.c
-- Installing: /home/michael/ros2_ws/mega_prosjekt/src/mekatronikk_mega_prosjekt/install/process_msgs/include/process_msgs/process_msgs/srv/detail/get_scene__type_support.h
-- Installing: /home/michael/ros2_ws/mega_prosjekt/src/mekatronikk_mega_prosjekt/install/process_msgs/include/process_msgs/process_msgs/srv/detail/get_scene__type_support.c
-- Installing: /home/michael/ros2_ws/mega_prosjekt/src/mekatronikk_mega_prosjekt/install/process_msgs/include/process_msgs/process_msgs/srv/detail/get_scene__functions.h
-- Installing: /home/michael/ros2_ws/mega_prosjekt/src/mekatronikk_mega_prosjekt/install/process_msgs/include/process_msgs/process_msgs/srv/detail/get_scene__functions.c
-- Installing: /home/michael/ros2_ws/mega_prosjekt/src/mekatronikk_mega_prosjekt/install/process_msgs/share/process_msgs/environment/library_path.sh
-- Installing: /home/michael/ros2_ws/mega_prosjekt/src/mekatronikk_mega_prosjekt/install/process_msgs/share/process_msgs/environment/library_path.dsv
-- Installing: /home/michael/ros2_ws/mega_prosjekt/src/mekatronikk_mega_prosjekt/install/process_msgs/lib/libprocess_msgs__rosidl_generator_c.so
-- Set non-toolchain portion of runtime path of "/home/michael/ros2_ws/mega_prosjekt/src/mekatronikk_mega_prosjekt/install/process_msgs/lib/libprocess_msgs__rosidl_generator_c.so" to ""
-- Up-to-date: /home/michael/ros2_ws/mega_prosjekt/src/mekatronikk_mega_prosjekt/install/process_msgs/include/process_msgs/process_msgs
-- Up-to-date: /home/michael/ros2_ws/mega_prosjekt/src/mekatronikk_mega_prosjekt/install/process_msgs/include/process_msgs/process_msgs/msg
-- Installing: /home/michael/ros2_ws/mega_prosjekt/src/mekatronikk_mega_prosjekt/install/process_msgs/include/process_msgs/process_msgs/msg/rosidl_typesupport_fastrtps_c__visibility_control.h
-- Up-to-date: /home/michael/ros2_ws/mega_prosjekt/src/mekatronikk_mega_prosjekt/install/process_msgs/include/process_msgs/process_msgs/msg/detail
-- Installing: /home/michael/ros2_ws/mega_prosjekt/src/mekatronikk_mega_prosjekt/install/process_msgs/include/process_msgs/process_msgs/msg/detail/task__rosidl_typesupport_fastrtps_c.h
-- Installing: /home/michael/ros2_ws/mega_prosjekt/src/mekatronikk_mega_prosjekt/install/process_msgs/include/process_msgs/process_msgs/msg/detail/task_feedback__rosidl_typesupport_fastrtps_c.h
-- Installing: /home/michael/ros2_ws/mega_prosjekt/src/mekatronikk_mega_prosjekt/install/process_msgs/include/process_msgs/process_msgs/msg/detail/cube_array__rosidl_typesupport_fastrtps_c.h
-- Installing: /home/michael/ros2_ws/mega_prosjekt/src/mekatronikk_mega_prosjekt/install/process_msgs/include/process_msgs/process_msgs/msg/detail/cube__rosidl_typesupport_fastrtps_c.h
-- Installing: /home/michael/ros2_ws/mega_prosjekt/src/mekatronikk_mega_prosjekt/install/process_msgs/include/process_msgs/process_msgs/msg/detail/key_event__rosidl_typesupport_fastrtps_c.h
-- Installing: /home/michael/ros2_ws/mega_prosjekt/src/mekatronikk_mega_prosjekt/install/process_msgs/include/process_msgs/process_msgs/msg/detail/scene_state__rosidl_typesupport_fastrtps_c.h
-- Up-to-date: /home/michael/ros2_ws/mega_prosjekt/src/mekatronikk_mega_prosjekt/install/process_msgs/include/process_msgs/process_msgs/srv
-- Up-to-date: /home/michael/ros2_ws/mega_prosjekt/src/mekatronikk_mega_prosjekt/install/process_msgs/include/process_msgs/process_msgs/srv/detail
-- Installing: /home/michael/ros2_ws/mega_prosjekt/src/mekatronikk_mega_prosjekt/install/process_msgs/include/process_msgs/process_msgs/srv/detail/get_scene__rosidl_typesupport_fastrtps_c.h
-- Installing: /home/michael/ros2_ws/mega_prosjekt/src/mekatronikk_mega_prosjekt/install/process_msgs/lib/libprocess_msgs__rosidl_typesupport_fastrtps_c.so
-- Set non-toolchain portion of runtime path of "/home/michael/ros2_ws/mega_prosjekt/src/mekatronikk_mega_prosjekt/install/process_msgs/lib/libprocess_msgs__rosidl_typesupport_fastrtps_c.so" to ""
-- Up-to-date: /home/michael/ros2_ws/mega_prosjekt/src/mekatronikk_mega_prosjekt/install/process_msgs/include/process_msgs/process_msgs
-- Up-to-date: /home/michael/ros2_ws/mega_prosjekt/src/mekatronikk_mega_prosjekt/install/process_msgs/include/process_msgs/process_msgs/msg
-- Installing: /home/michael/ros2_ws/mega_prosjekt/src/mekatronikk_mega_prosjekt/install/process_msgs/include/process_msgs/process_msgs/msg/rosidl_typesupport_introspection_c__visibility_control.h
-- Up-to-date: /home/michael/ros2_ws/mega_prosjekt/src/mekatronikk_mega_prosjekt/install/process_msgs/include/process_msgs/process_msgs/msg/detail
-- Installing: /home/michael/ros2_ws/mega_prosjekt/src/mekatronikk_mega_prosjekt/install/process_msgs/include/process_msgs/process_msgs/msg/detail/scene_state__rosidl_typesupport_introspection_c.h
-- Installing: /home/michael/ros2_ws/mega_prosjekt/src/mekatronikk_mega_prosjekt/install/process_msgs/include/process_msgs/process_msgs/msg/detail/cube_array__type_support.c
-- Installing: /home/michael/ros2_ws/mega_prosjekt/src/mekatronikk_mega_prosjekt/install/process_msgs/include/process_msgs/process_msgs/msg/detail/key_event__type_support.c
-- Installing: /home/michael/ros2_ws/mega_prosjekt/src/mekatronikk_mega_prosjekt/install/process_msgs/include/process_msgs/process_msgs/msg/detail/task__type_support.c
-- Installing: /home/michael/ros2_ws/mega_prosjekt/src/mekatronikk_mega_prosjekt/install/process_msgs/include/process_msgs/process_msgs/msg/detail/task_feedback__rosidl_typesupport_introspection_c.h
-- Installing: /home/michael/ros2_ws/mega_prosjekt/src/mekatronikk_mega_prosjekt/install/process_msgs/include/process_msgs/process_msgs/msg/detail/cube__type_support.c
-- Installing: /home/michael/ros2_ws/mega_prosjekt/src/mekatronikk_mega_prosjekt/install/process_msgs/include/process_msgs/process_msgs/msg/detail/task__rosidl_typesupport_introspection_c.h
-- Installing: /home/michael/ros2_ws/mega_prosjekt/src/mekatronikk_mega_prosjekt/install/process_msgs/include/process_msgs/process_msgs/msg/detail/scene_state__type_support.c
-- Installing: /home/michael/ros2_ws/mega_prosjekt/src/mekatronikk_mega_prosjekt/install/process_msgs/include/process_msgs/process_msgs/msg/detail/cube_array__rosidl_typesupport_introspection_c.h
-- Installing: /home/michael/ros2_ws/mega_prosjekt/src/mekatronikk_mega_prosjekt/install/process_msgs/include/process_msgs/process_msgs/msg/detail/key_event__rosidl_typesupport_introspection_c.h
-- Installing: /home/michael/ros2_ws/mega_prosjekt/src/mekatronikk_mega_prosjekt/install/process_msgs/include/process_msgs/process_msgs/msg/detail/task_feedback__type_support.c
-- Installing: /home/michael/ros2_ws/mega_prosjekt/src/mekatronikk_mega_prosjekt/install/process_msgs/include/process_msgs/process_msgs/msg/detail/cube__rosidl_typesupport_introspection_c.h
-- Up-to-date: /home/michael/ros2_ws/mega_prosjekt/src/mekatronikk_mega_prosjekt/install/process_msgs/include/process_msgs/process_msgs/srv
-- Up-to-date: /home/michael/ros2_ws/mega_prosjekt/src/mekatronikk_mega_prosjekt/install/process_msgs/include/process_msgs/process_msgs/srv/detail
-- Installing: /home/michael/ros2_ws/mega_prosjekt/src/mekatronikk_mega_prosjekt/install/process_msgs/include/process_msgs/process_msgs/srv/detail/get_scene__type_support.c
-- Installing: /home/michael/ros2_ws/mega_prosjekt/src/mekatronikk_mega_prosjekt/install/process_msgs/include/process_msgs/process_msgs/srv/detail/get_scene__rosidl_typesupport_introspection_c.h
-- Installing: /home/michael/ros2_ws/mega_prosjekt/src/mekatronikk_mega_prosjekt/install/process_msgs/lib/libprocess_msgs__rosidl_typesupport_introspection_c.so
-- Set non-toolchain portion of runtime path of "/home/michael/ros2_ws/mega_prosjekt/src/mekatronikk_mega_prosjekt/install/process_msgs/lib/libprocess_msgs__rosidl_typesupport_introspection_c.so" to ""
-- Installing: /home/michael/ros2_ws/mega_prosjekt/src/mekatronikk_mega_prosjekt/install/process_msgs/lib/libprocess_msgs__rosidl_typesupport_c.so
-- Set non-toolchain portion of runtime path of "/home/michael/ros2_ws/mega_prosjekt/src/mekatronikk_mega_prosjekt/install/process_msgs/lib/libprocess_msgs__rosidl_typesupport_c.so" to ""
-- Up-to-date: /home/michael/ros2_ws/mega_prosjekt/src/mekatronikk_mega_prosjekt/install/process_msgs/include/process_msgs/process_msgs
-- Up-to-date: /home/michael/ros2_ws/mega_prosjekt/src/mekatronikk_mega_prosjekt/install/process_msgs/include/process_msgs/process_msgs/msg
-- Installing: /home/michael/ros2_ws/mega_prosjekt/src/mekatronikk_mega_prosjekt/install/process_msgs/include/process_msgs/process_msgs/msg/task.hpp
-- Installing: /home/michael/ros2_ws/mega_prosjekt/src/mekatronikk_mega_prosjekt/install/process_msgs/include/process_msgs/process_msgs/msg/cube.hpp
-- Installing: /home/michael/ros2_ws/mega_prosjekt/src/mekatronikk_mega_prosjekt/install/process_msgs/include/process_msgs/process_msgs/msg/rosidl_generator_cpp__visibility_control.hpp
-- Installing: /home/michael/ros2_ws/mega_prosjekt/src/mekatronikk_mega_prosjekt/install/process_msgs/include/process_msgs/process_msgs/msg/task_feedback.hpp
-- Installing: /home/michael/ros2_ws/mega_prosjekt/src/mekatronikk_mega_prosjekt/install/process_msgs/include/process_msgs/process_msgs/msg/cube_array.hpp
-- Up-to-date: /home/michael/ros2_ws/mega_prosjekt/src/mekatronikk_mega_prosjekt/install/process_msgs/include/process_msgs/process_msgs/msg/detail
-- Installing: /home/michael/ros2_ws/mega_prosjekt/src/mekatronikk_mega_prosjekt/install/process_msgs/include/process_msgs/process_msgs/msg/detail/cube__type_support.hpp
-- Installing: /home/michael/ros2_ws/mega_prosjekt/src/mekatronikk_mega_prosjekt/install/process_msgs/include/process_msgs/process_msgs/msg/detail/cube_array__traits.hpp
-- Installing: /home/michael/ros2_ws/mega_prosjekt/src/mekatronikk_mega_prosjekt/install/process_msgs/include/process_msgs/process_msgs/msg/detail/task__struct.hpp
-- Installing: /home/michael/ros2_ws/mega_prosjekt/src/mekatronikk_mega_prosjekt/install/process_msgs/include/process_msgs/process_msgs/msg/detail/task__traits.hpp
-- Installing: /home/michael/ros2_ws/mega_prosjekt/src/mekatronikk_mega_prosjekt/install/process_msgs/include/process_msgs/process_msgs/msg/detail/task__builder.hpp
-- Installing: /home/michael/ros2_ws/mega_prosjekt/src/mekatronikk_mega_prosjekt/install/process_msgs/include/process_msgs/process_msgs/msg/detail/cube_array__builder.hpp
-- Installing: /home/michael/ros2_ws/mega_prosjekt/src/mekatronikk_mega_prosjekt/install/process_msgs/include/process_msgs/process_msgs/msg/detail/task_feedback__struct.hpp
-- Installing: /home/michael/ros2_ws/mega_prosjekt/src/mekatronikk_mega_prosjekt/install/process_msgs/include/process_msgs/process_msgs/msg/detail/key_event__builder.hpp
-- Installing: /home/michael/ros2_ws/mega_prosjekt/src/mekatronikk_mega_prosjekt/install/process_msgs/include/process_msgs/process_msgs/msg/detail/scene_state__builder.hpp
-- Installing: /home/michael/ros2_ws/mega_prosjekt/src/mekatronikk_mega_prosjekt/install/process_msgs/include/process_msgs/process_msgs/msg/detail/task_feedback__builder.hpp
-- Installing: /home/michael/ros2_ws/mega_prosjekt/src/mekatronikk_mega_prosjekt/install/process_msgs/include/process_msgs/process_msgs/msg/detail/key_event__type_support.hpp
-- Installing: /home/michael/ros2_ws/mega_prosjekt/src/mekatronikk_mega_prosjekt/install/process_msgs/include/process_msgs/process_msgs/msg/detail/scene_state__type_support.hpp
-- Installing: /home/michael/ros2_ws/mega_prosjekt/src/mekatronikk_mega_prosjekt/install/process_msgs/include/process_msgs/process_msgs/msg/detail/scene_state__struct.hpp
-- Installing: /home/michael/ros2_ws/mega_prosjekt/src/mekatronikk_mega_prosjekt/install/process_msgs/include/process_msgs/process_msgs/msg/detail/key_event__struct.hpp
-- Installing: /home/michael/ros2_ws/mega_prosjekt/src/mekatronikk_mega_prosjekt/install/process_msgs/include/process_msgs/process_msgs/msg/detail/cube_array__struct.hpp
-- Installing: /home/michael/ros2_ws/mega_prosjekt/src/mekatronikk_mega_prosjekt/install/process_msgs/include/process_msgs/process_msgs/msg/detail/task__type_support.hpp
-- Installing: /home/michael/ros2_ws/mega_prosjekt/src/mekatronikk_mega_prosjekt/install/process_msgs/include/process_msgs/process_msgs/msg/detail/cube__struct.hpp
-- Installing: /home/michael/ros2_ws/mega_prosjekt/src/mekatronikk_mega_prosjekt/install/process_msgs/include/process_msgs/process_msgs/msg/detail/task_feedback__traits.hpp
-- Installing: /home/michael/ros2_ws/mega_prosjekt/src/mekatronikk_mega_prosjekt/install/process_msgs/include/process_msgs/process_msgs/msg/detail/cube__builder.hpp
-- Installing: /home/michael/ros2_ws/mega_prosjekt/src/mekatronikk_mega_prosjekt/install/process_msgs/include/process_msgs/process_msgs/msg/detail/scene_state__traits.hpp
-- Installing: /home/michael/ros2_ws/mega_prosjekt/src/mekatronikk_mega_prosjekt/install/process_msgs/include/process_msgs/process_msgs/msg/detail/task_feedback__type_support.hpp
-- Installing: /home/michael/ros2_ws/mega_prosjekt/src/mekatronikk_mega_prosjekt/install/process_msgs/include/process_msgs/process_msgs/msg/detail/cube__traits.hpp
-- Installing: /home/michael/ros2_ws/mega_prosjekt/src/mekatronikk_mega_prosjekt/install/process_msgs/include/process_msgs/process_msgs/msg/detail/key_event__traits.hpp
-- Installing: /home/michael/ros2_ws/mega_prosjekt/src/mekatronikk_mega_prosjekt/install/process_msgs/include/process_msgs/process_msgs/msg/detail/cube_array__type_support.hpp
-- Installing: /home/michael/ros2_ws/mega_prosjekt/src/mekatronikk_mega_prosjekt/install/process_msgs/include/process_msgs/process_msgs/msg/scene_state.hpp
-- Installing: /home/michael/ros2_ws/mega_prosjekt/src/mekatronikk_mega_prosjekt/install/process_msgs/include/process_msgs/process_msgs/msg/key_event.hpp
-- Up-to-date: /home/michael/ros2_ws/mega_prosjekt/src/mekatronikk_mega_prosjekt/install/process_msgs/include/process_msgs/process_msgs/srv
-- Up-to-date: /home/michael/ros2_ws/mega_prosjekt/src/mekatronikk_mega_prosjekt/install/process_msgs/include/process_msgs/process_msgs/srv/detail
-- Installing: /home/michael/ros2_ws/mega_prosjekt/src/mekatronikk_mega_prosjekt/install/process_msgs/include/process_msgs/process_msgs/srv/detail/get_scene__struct.hpp
-- Installing: /home/michael/ros2_ws/mega_prosjekt/src/mekatronikk_mega_prosjekt/install/process_msgs/include/process_msgs/process_msgs/srv/detail/get_scene__builder.hpp
-- Installing: /home/michael/ros2_ws/mega_prosjekt/src/mekatronikk_mega_prosjekt/install/process_msgs/include/process_msgs/process_msgs/srv/detail/get_scene__traits.hpp
-- Installing: /home/michael/ros2_ws/mega_prosjekt/src/mekatronikk_mega_prosjekt/install/process_msgs/include/process_msgs/process_msgs/srv/detail/get_scene__type_support.hpp
-- Installing: /home/michael/ros2_ws/mega_prosjekt/src/mekatronikk_mega_prosjekt/install/process_msgs/include/process_msgs/process_msgs/srv/get_scene.hpp
-- Up-to-date: /home/michael/ros2_ws/mega_prosjekt/src/mekatronikk_mega_prosjekt/install/process_msgs/include/process_msgs/process_msgs
-- Up-to-date: /home/michael/ros2_ws/mega_prosjekt/src/mekatronikk_mega_prosjekt/install/process_msgs/include/process_msgs/process_msgs/msg
-- Up-to-date: /home/michael/ros2_ws/mega_prosjekt/src/mekatronikk_mega_prosjekt/install/process_msgs/include/process_msgs/process_msgs/msg/detail
-- Installing: /home/michael/ros2_ws/mega_prosjekt/src/mekatronikk_mega_prosjekt/install/process_msgs/include/process_msgs/process_msgs/msg/detail/task_feedback__rosidl_typesupport_fastrtps_cpp.hpp
-- Installing: /home/michael/ros2_ws/mega_prosjekt/src/mekatronikk_mega_prosjekt/install/process_msgs/include/process_msgs/process_msgs/msg/detail/cube__rosidl_typesupport_fastrtps_cpp.hpp
-- Installing: /home/michael/ros2_ws/mega_prosjekt/src/mekatronikk_mega_prosjekt/install/process_msgs/include/process_msgs/process_msgs/msg/detail/task__rosidl_typesupport_fastrtps_cpp.hpp
-- Installing: /home/michael/ros2_ws/mega_prosjekt/src/mekatronikk_mega_prosjekt/install/process_msgs/include/process_msgs/process_msgs/msg/detail/dds_fastrtps
-- Installing: /home/michael/ros2_ws/mega_prosjekt/src/mekatronikk_mega_prosjekt/install/process_msgs/include/process_msgs/process_msgs/msg/detail/cube_array__rosidl_typesupport_fastrtps_cpp.hpp
-- Installing: /home/michael/ros2_ws/mega_prosjekt/src/mekatronikk_mega_prosjekt/install/process_msgs/include/process_msgs/process_msgs/msg/detail/key_event__rosidl_typesupport_fastrtps_cpp.hpp
-- Installing: /home/michael/ros2_ws/mega_prosjekt/src/mekatronikk_mega_prosjekt/install/process_msgs/include/process_msgs/process_msgs/msg/detail/scene_state__rosidl_typesupport_fastrtps_cpp.hpp
-- Installing: /home/michael/ros2_ws/mega_prosjekt/src/mekatronikk_mega_prosjekt/install/process_msgs/include/process_msgs/process_msgs/msg/rosidl_typesupport_fastrtps_cpp__visibility_control.h
-- Up-to-date: /home/michael/ros2_ws/mega_prosjekt/src/mekatronikk_mega_prosjekt/install/process_msgs/include/process_msgs/process_msgs/srv
-- Up-to-date: /home/michael/ros2_ws/mega_prosjekt/src/mekatronikk_mega_prosjekt/install/process_msgs/include/process_msgs/process_msgs/srv/detail
-- Installing: /home/michael/ros2_ws/mega_prosjekt/src/mekatronikk_mega_prosjekt/install/process_msgs/include/process_msgs/process_msgs/srv/detail/get_scene__rosidl_typesupport_fastrtps_cpp.hpp
-- Installing: /home/michael/ros2_ws/mega_prosjekt/src/mekatronikk_mega_prosjekt/install/process_msgs/include/process_msgs/process_msgs/srv/detail/dds_fastrtps
-- Installing: /home/michael/ros2_ws/mega_prosjekt/src/mekatronikk_mega_prosjekt/install/process_msgs/lib/libprocess_msgs__rosidl_typesupport_fastrtps_cpp.so
-- Set non-toolchain portion of runtime path of "/home/michael/ros2_ws/mega_prosjekt/src/mekatronikk_mega_prosjekt/install/process_msgs/lib/libprocess_msgs__rosidl_typesupport_fastrtps_cpp.so" to ""
-- Up-to-date: /home/michael/ros2_ws/mega_prosjekt/src/mekatronikk_mega_prosjekt/install/process_msgs/include/process_msgs/process_msgs
-- Up-to-date: /home/michael/ros2_ws/mega_prosjekt/src/mekatronikk_mega_prosjekt/install/process_msgs/include/process_msgs/process_msgs/msg
-- Up-to-date: /home/michael/ros2_ws/mega_prosjekt/src/mekatronikk_mega_prosjekt/install/process_msgs/include/process_msgs/process_msgs/msg/detail
-- Installing: /home/michael/ros2_ws/mega_prosjekt/src/mekatronikk_mega_prosjekt/install/process_msgs/include/process_msgs/process_msgs/msg/detail/scene_state__type_support.cpp
-- Installing: /home/michael/ros2_ws/mega_prosjekt/src/mekatronikk_mega_prosjekt/install/process_msgs/include/process_msgs/process_msgs/msg/detail/task_feedback__type_support.cpp
-- Installing: /home/michael/ros2_ws/mega_prosjekt/src/mekatronikk_mega_prosjekt/install/process_msgs/include/process_msgs/process_msgs/msg/detail/cube_array__rosidl_typesupport_introspection_cpp.hpp
-- Installing: /home/michael/ros2_ws/mega_prosjekt/src/mekatronikk_mega_prosjekt/install/process_msgs/include/process_msgs/process_msgs/msg/detail/task__rosidl_typesupport_introspection_cpp.hpp
-- Installing: /home/michael/ros2_ws/mega_prosjekt/src/mekatronikk_mega_prosjekt/install/process_msgs/include/process_msgs/process_msgs/msg/detail/task__type_support.cpp
-- Installing: /home/michael/ros2_ws/mega_prosjekt/src/mekatronikk_mega_prosjekt/install/process_msgs/include/process_msgs/process_msgs/msg/detail/cube__type_support.cpp
-- Installing: /home/michael/ros2_ws/mega_prosjekt/src/mekatronikk_mega_prosjekt/install/process_msgs/include/process_msgs/process_msgs/msg/detail/task_feedback__rosidl_typesupport_introspection_cpp.hpp
-- Installing: /home/michael/ros2_ws/mega_prosjekt/src/mekatronikk_mega_prosjekt/install/process_msgs/include/process_msgs/process_msgs/msg/detail/scene_state__rosidl_typesupport_introspection_cpp.hpp
-- Installing: /home/michael/ros2_ws/mega_prosjekt/src/mekatronikk_mega_prosjekt/install/process_msgs/include/process_msgs/process_msgs/msg/detail/cube_array__type_support.cpp
-- Installing: /home/michael/ros2_ws/mega_prosjekt/src/mekatronikk_mega_prosjekt/install/process_msgs/include/process_msgs/process_msgs/msg/detail/key_event__rosidl_typesupport_introspection_cpp.hpp
-- Installing: /home/michael/ros2_ws/mega_prosjekt/src/mekatronikk_mega_prosjekt/install/process_msgs/include/process_msgs/process_msgs/msg/detail/key_event__type_support.cpp
-- Installing: /home/michael/ros2_ws/mega_prosjekt/src/mekatronikk_mega_prosjekt/install/process_msgs/include/process_msgs/process_msgs/msg/detail/cube__rosidl_typesupport_introspection_cpp.hpp
-- Up-to-date: /home/michael/ros2_ws/mega_prosjekt/src/mekatronikk_mega_prosjekt/install/process_msgs/include/process_msgs/process_msgs/srv
-- Up-to-date: /home/michael/ros2_ws/mega_prosjekt/src/mekatronikk_mega_prosjekt/install/process_msgs/include/process_msgs/process_msgs/srv/detail
-- Installing: /home/michael/ros2_ws/mega_prosjekt/src/mekatronikk_mega_prosjekt/install/process_msgs/include/process_msgs/process_msgs/srv/detail/get_scene__type_support.cpp
-- Installing: /home/michael/ros2_ws/mega_prosjekt/src/mekatronikk_mega_prosjekt/install/process_msgs/include/process_msgs/process_msgs/srv/detail/get_scene__rosidl_typesupport_introspection_cpp.hpp
-- Installing: /home/michael/ros2_ws/mega_prosjekt/src/mekatronikk_mega_prosjekt/install/process_msgs/lib/libprocess_msgs__rosidl_typesupport_introspection_cpp.so
-- Set non-toolchain portion of runtime path of "/home/michael/ros2_ws/mega_prosjekt/src/mekatronikk_mega_prosjekt/install/process_msgs/lib/libprocess_msgs__rosidl_typesupport_introspection_cpp.so" to ""
-- Installing: /home/michael/ros2_ws/mega_prosjekt/src/mekatronikk_mega_prosjekt/install/process_msgs/lib/libprocess_msgs__rosidl_typesupport_cpp.so
-- Set non-toolchain portion of runtime path of "/home/michael/ros2_ws/mega_prosjekt/src/mekatronikk_mega_prosjekt/install/process_msgs/lib/libprocess_msgs__rosidl_typesupport_cpp.so" to ""
-- Installing: /home/michael/ros2_ws/mega_prosjekt/src/mekatronikk_mega_prosjekt/install/process_msgs/share/process_msgs/environment/pythonpath.sh
-- Installing: /home/michael/ros2_ws/mega_prosjekt/src/mekatronikk_mega_prosjekt/install/process_msgs/share/process_msgs/environment/pythonpath.dsv
-- Installing: /home/michael/ros2_ws/mega_prosjekt/src/mekatronikk_mega_prosjekt/install/process_msgs/lib/python3.12/site-packages/process_msgs-0.0.0-py3.12.egg-info
-- Installing: /home/michael/ros2_ws/mega_prosjekt/src/mekatronikk_mega_prosjekt/install/process_msgs/lib/python3.12/site-packages/process_msgs-0.0.0-py3.12.egg-info/PKG-INFO
-- Installing: /home/michael/ros2_ws/mega_prosjekt/src/mekatronikk_mega_prosjekt/install/process_msgs/lib/python3.12/site-packages/process_msgs-0.0.0-py3.12.egg-info/dependency_links.txt
-- Installing: /home/michael/ros2_ws/mega_prosjekt/src/mekatronikk_mega_prosjekt/install/process_msgs/lib/python3.12/site-packages/process_msgs-0.0.0-py3.12.egg-info/SOURCES.txt
-- Installing: /home/michael/ros2_ws/mega_prosjekt/src/mekatronikk_mega_prosjekt/install/process_msgs/lib/python3.12/site-packages/process_msgs-0.0.0-py3.12.egg-info/top_level.txt
-- Installing: /home/michael/ros2_ws/mega_prosjekt/src/mekatronikk_mega_prosjekt/install/process_msgs/lib/python3.12/site-packages/process_msgs
-- Installing: /home/michael/ros2_ws/mega_prosjekt/src/mekatronikk_mega_prosjekt/install/process_msgs/lib/python3.12/site-packages/process_msgs/msg
-- Installing: /home/michael/ros2_ws/mega_prosjekt/src/mekatronikk_mega_prosjekt/install/process_msgs/lib/python3.12/site-packages/process_msgs/msg/_task.py
-- Installing: /home/michael/ros2_ws/mega_prosjekt/src/mekatronikk_mega_prosjekt/install/process_msgs/lib/python3.12/site-packages/process_msgs/msg/_task_feedback_s.c
-- Installing: /home/michael/ros2_ws/mega_prosjekt/src/mekatronikk_mega_prosjekt/install/process_msgs/lib/python3.12/site-packages/process_msgs/msg/_cube_s.c
-- Installing: /home/michael/ros2_ws/mega_prosjekt/src/mekatronikk_mega_prosjekt/install/process_msgs/lib/python3.12/site-packages/process_msgs/msg/_scene_state_s.c
-- Installing: /home/michael/ros2_ws/mega_prosjekt/src/mekatronikk_mega_prosjekt/install/process_msgs/lib/python3.12/site-packages/process_msgs/msg/_task_s.c
-- Installing: /home/michael/ros2_ws/mega_prosjekt/src/mekatronikk_mega_prosjekt/install/process_msgs/lib/python3.12/site-packages/process_msgs/msg/_key_event_s.c
-- Installing: /home/michael/ros2_ws/mega_prosjekt/src/mekatronikk_mega_prosjekt/install/process_msgs/lib/python3.12/site-packages/process_msgs/msg/_scene_state.py
-- Installing: /home/michael/ros2_ws/mega_prosjekt/src/mekatronikk_mega_prosjekt/install/process_msgs/lib/python3.12/site-packages/process_msgs/msg/_task_feedback.py
-- Installing: /home/michael/ros2_ws/mega_prosjekt/src/mekatronikk_mega_prosjekt/install/process_msgs/lib/python3.12/site-packages/process_msgs/msg/_cube_array.py
-- Installing: /home/michael/ros2_ws/mega_prosjekt/src/mekatronikk_mega_prosjekt/install/process_msgs/lib/python3.12/site-packages/process_msgs/msg/_cube_array_s.c
-- Installing: /home/michael/ros2_ws/mega_prosjekt/src/mekatronikk_mega_prosjekt/install/process_msgs/lib/python3.12/site-packages/process_msgs/msg/_key_event.py
-- Installing: /home/michael/ros2_ws/mega_prosjekt/src/mekatronikk_mega_prosjekt/install/process_msgs/lib/python3.12/site-packages/process_msgs/msg/_cube.py
-- Installing: /home/michael/ros2_ws/mega_prosjekt/src/mekatronikk_mega_prosjekt/install/process_msgs/lib/python3.12/site-packages/process_msgs/msg/__init__.py
-- Installing: /home/michael/ros2_ws/mega_prosjekt/src/mekatronikk_mega_prosjekt/install/process_msgs/lib/python3.12/site-packages/process_msgs/process_msgs_s__rosidl_typesupport_c.so
-- Installing: /home/michael/ros2_ws/mega_prosjekt/src/mekatronikk_mega_prosjekt/install/process_msgs/lib/python3.12/site-packages/process_msgs/_process_msgs_s.ep.rosidl_typesupport_c.c
-- Installing: /home/michael/ros2_ws/mega_prosjekt/src/mekatronikk_mega_prosjekt/install/process_msgs/lib/python3.12/site-packages/process_msgs/_process_msgs_s.ep.rosidl_typesupport_introspection_c.c
-- Installing: /home/michael/ros2_ws/mega_prosjekt/src/mekatronikk_mega_prosjekt/install/process_msgs/lib/python3.12/site-packages/process_msgs/_process_msgs_s.ep.rosidl_typesupport_fastrtps_c.c
-- Installing: /home/michael/ros2_ws/mega_prosjekt/src/mekatronikk_mega_prosjekt/install/process_msgs/lib/python3.12/site-packages/process_msgs/process_msgs_s__rosidl_typesupport_introspection_c.so
-- Installing: /home/michael/ros2_ws/mega_prosjekt/src/mekatronikk_mega_prosjekt/install/process_msgs/lib/python3.12/site-packages/process_msgs/process_msgs_s__rosidl_typesupport_fastrtps_c.so
-- Installing: /home/michael/ros2_ws/mega_prosjekt/src/mekatronikk_mega_prosjekt/install/process_msgs/lib/python3.12/site-packages/process_msgs/srv
-- Installing: /home/michael/ros2_ws/mega_prosjekt/src/mekatronikk_mega_prosjekt/install/process_msgs/lib/python3.12/site-packages/process_msgs/srv/_get_scene.py
-- Installing: /home/michael/ros2_ws/mega_prosjekt/src/mekatronikk_mega_prosjekt/install/process_msgs/lib/python3.12/site-packages/process_msgs/srv/__init__.py
-- Installing: /home/michael/ros2_ws/mega_prosjekt/src/mekatronikk_mega_prosjekt/install/process_msgs/lib/python3.12/site-packages/process_msgs/srv/_get_scene_s.c
-- Installing: /home/michael/ros2_ws/mega_prosjekt/src/mekatronikk_mega_prosjekt/install/process_msgs/lib/python3.12/site-packages/process_msgs/__init__.py
Listing '/home/michael/ros2_ws/mega_prosjekt/src/mekatronikk_mega_prosjekt/install/process_msgs/lib/python3.12/site-packages/process_msgs'...
Compiling '/home/michael/ros2_ws/mega_prosjekt/src/mekatronikk_mega_prosjekt/install/process_msgs/lib/python3.12/site-packages/process_msgs/__init__.py'...
Listing '/home/michael/ros2_ws/mega_prosjekt/src/mekatronikk_mega_prosjekt/install/process_msgs/lib/python3.12/site-packages/process_msgs/msg'...
Compiling '/home/michael/ros2_ws/mega_prosjekt/src/mekatronikk_mega_prosjekt/install/process_msgs/lib/python3.12/site-packages/process_msgs/msg/__init__.py'...
Compiling '/home/michael/ros2_ws/mega_prosjekt/src/mekatronikk_mega_prosjekt/install/process_msgs/lib/python3.12/site-packages/process_msgs/msg/_cube.py'...
Compiling '/home/michael/ros2_ws/mega_prosjekt/src/mekatronikk_mega_prosjekt/install/process_msgs/lib/python3.12/site-packages/process_msgs/msg/_cube_array.py'...
Compiling '/home/michael/ros2_ws/mega_prosjekt/src/mekatronikk_mega_prosjekt/install/process_msgs/lib/python3.12/site-packages/process_msgs/msg/_key_event.py'...
Compiling '/home/michael/ros2_ws/mega_prosjekt/src/mekatronikk_mega_prosjekt/install/process_msgs/lib/python3.12/site-packages/process_msgs/msg/_scene_state.py'...
Compiling '/home/michael/ros2_ws/mega_prosjekt/src/mekatronikk_mega_prosjekt/install/process_msgs/lib/python3.12/site-packages/process_msgs/msg/_task.py'...
Compiling '/home/michael/ros2_ws/mega_prosjekt/src/mekatronikk_mega_prosjekt/install/process_msgs/lib/python3.12/site-packages/process_msgs/msg/_task_feedback.py'...
Listing '/home/michael/ros2_ws/mega_prosjekt/src/mekatronikk_mega_prosjekt/install/process_msgs/lib/python3.12/site-packages/process_msgs/srv'...
Compiling '/home/michael/ros2_ws/mega_prosjekt/src/mekatronikk_mega_prosjekt/install/process_msgs/lib/python3.12/site-packages/process_msgs/srv/__init__.py'...
Compiling '/home/michael/ros2_ws/mega_prosjekt/src/mekatronikk_mega_prosjekt/install/process_msgs/lib/python3.12/site-packages/process_msgs/srv/_get_scene.py'...
-- Installing: /home/michael/ros2_ws/mega_prosjekt/src/mekatronikk_mega_prosjekt/install/process_msgs/lib/python3.12/site-packages/process_msgs/process_msgs_s__rosidl_typesupport_fastrtps_c.so
-- Set non-toolchain portion of runtime path of "/home/michael/ros2_ws/mega_prosjekt/src/mekatronikk_mega_prosjekt/install/process_msgs/lib/python3.12/site-packages/process_msgs/process_msgs_s__rosidl_typesupport_fastrtps_c.so" to ""
-- Installing: /home/michael/ros2_ws/mega_prosjekt/src/mekatronikk_mega_prosjekt/install/process_msgs/lib/python3.12/site-packages/process_msgs/process_msgs_s__rosidl_typesupport_introspection_c.so
-- Set non-toolchain portion of runtime path of "/home/michael/ros2_ws/mega_prosjekt/src/mekatronikk_mega_prosjekt/install/process_msgs/lib/python3.12/site-packages/process_msgs/process_msgs_s__rosidl_typesupport_introspection_c.so" to ""
-- Installing: /home/michael/ros2_ws/mega_prosjekt/src/mekatronikk_mega_prosjekt/install/process_msgs/lib/python3.12/site-packages/process_msgs/process_msgs_s__rosidl_typesupport_c.so
-- Set non-toolchain portion of runtime path of "/home/michael/ros2_ws/mega_prosjekt/src/mekatronikk_mega_prosjekt/install/process_msgs/lib/python3.12/site-packages/process_msgs/process_msgs_s__rosidl_typesupport_c.so" to ""
-- Installing: /home/michael/ros2_ws/mega_prosjekt/src/mekatronikk_mega_prosjekt/install/process_msgs/lib/libprocess_msgs__rosidl_generator_py.so
-- Set non-toolchain portion of runtime path of "/home/michael/ros2_ws/mega_prosjekt/src/mekatronikk_mega_prosjekt/install/process_msgs/lib/libprocess_msgs__rosidl_generator_py.so" to ""
-- Installing: /home/michael/ros2_ws/mega_prosjekt/src/mekatronikk_mega_prosjekt/install/process_msgs/share/process_msgs/msg/Cube.idl
-- Installing: /home/michael/ros2_ws/mega_prosjekt/src/mekatronikk_mega_prosjekt/install/process_msgs/share/process_msgs/msg/CubeArray.idl
-- Installing: /home/michael/ros2_ws/mega_prosjekt/src/mekatronikk_mega_prosjekt/install/process_msgs/share/process_msgs/msg/KeyEvent.idl
-- Installing: /home/michael/ros2_ws/mega_prosjekt/src/mekatronikk_mega_prosjekt/install/process_msgs/share/process_msgs/msg/SceneState.idl
-- Installing: /home/michael/ros2_ws/mega_prosjekt/src/mekatronikk_mega_prosjekt/install/process_msgs/share/process_msgs/msg/Task.idl
-- Installing: /home/michael/ros2_ws/mega_prosjekt/src/mekatronikk_mega_prosjekt/install/process_msgs/share/process_msgs/msg/TaskFeedback.idl
-- Installing: /home/michael/ros2_ws/mega_prosjekt/src/mekatronikk_mega_prosjekt/install/process_msgs/share/process_msgs/srv/GetScene.idl
-- Installing: /home/michael/ros2_ws/mega_prosjekt/src/mekatronikk_mega_prosjekt/install/process_msgs/share/process_msgs/msg/Cube.msg
-- Installing: /home/michael/ros2_ws/mega_prosjekt/src/mekatronikk_mega_prosjekt/install/process_msgs/share/process_msgs/msg/CubeArray.msg
-- Installing: /home/michael/ros2_ws/mega_prosjekt/src/mekatronikk_mega_prosjekt/install/process_msgs/share/process_msgs/msg/KeyEvent.msg
-- Installing: /home/michael/ros2_ws/mega_prosjekt/src/mekatronikk_mega_prosjekt/install/process_msgs/share/process_msgs/msg/SceneState.msg
-- Installing: /home/michael/ros2_ws/mega_prosjekt/src/mekatronikk_mega_prosjekt/install/process_msgs/share/process_msgs/msg/Task.msg
-- Installing: /home/michael/ros2_ws/mega_prosjekt/src/mekatronikk_mega_prosjekt/install/process_msgs/share/process_msgs/msg/TaskFeedback.msg
-- Installing: /home/michael/ros2_ws/mega_prosjekt/src/mekatronikk_mega_prosjekt/install/process_msgs/share/process_msgs/srv/GetScene.srv
-- Installing: /home/michael/ros2_ws/mega_prosjekt/src/mekatronikk_mega_prosjekt/install/process_msgs/share/ament_index/resource_index/package_run_dependencies/process_msgs
-- Installing: /home/michael/ros2_ws/mega_prosjekt/src/mekatronikk_mega_prosjekt/install/process_msgs/share/ament_index/resource_index/parent_prefix_path/process_msgs
-- Installing: /home/michael/ros2_ws/mega_prosjekt/src/mekatronikk_mega_prosjekt/install/process_msgs/share/process_msgs/environment/ament_prefix_path.sh
-- Installing: /home/michael/ros2_ws/mega_prosjekt/src/mekatronikk_mega_prosjekt/install/process_msgs/share/process_msgs/environment/ament_prefix_path.dsv
-- Installing: /home/michael/ros2_ws/mega_prosjekt/src/mekatronikk_mega_prosjekt/install/process_msgs/share/process_msgs/environment/path.sh
-- Installing: /home/michael/ros2_ws/mega_prosjekt/src/mekatronikk_mega_prosjekt/install/process_msgs/share/process_msgs/environment/path.dsv
-- Installing: /home/michael/ros2_ws/mega_prosjekt/src/mekatronikk_mega_prosjekt/install/process_msgs/share/process_msgs/local_setup.bash
-- Installing: /home/michael/ros2_ws/mega_prosjekt/src/mekatronikk_mega_prosjekt/install/process_msgs/share/process_msgs/local_setup.sh
-- Installing: /home/michael/ros2_ws/mega_prosjekt/src/mekatronikk_mega_prosjekt/install/process_msgs/share/process_msgs/local_setup.zsh
-- Installing: /home/michael/ros2_ws/mega_prosjekt/src/mekatronikk_mega_prosjekt/install/process_msgs/share/process_msgs/local_setup.dsv
-- Installing: /home/michael/ros2_ws/mega_prosjekt/src/mekatronikk_mega_prosjekt/install/process_msgs/share/process_msgs/package.dsv
-- Installing: /home/michael/ros2_ws/mega_prosjekt/src/mekatronikk_mega_prosjekt/install/process_msgs/share/ament_index/resource_index/packages/process_msgs
-- Installing: /home/michael/ros2_ws/mega_prosjekt/src/mekatronikk_mega_prosjekt/install/process_msgs/share/process_msgs/cmake/export_process_msgs__rosidl_generator_cExport.cmake
-- Installing: /home/michael/ros2_ws/mega_prosjekt/src/mekatronikk_mega_prosjekt/install/process_msgs/share/process_msgs/cmake/export_process_msgs__rosidl_generator_cExport-noconfig.cmake
-- Installing: /home/michael/ros2_ws/mega_prosjekt/src/mekatronikk_mega_prosjekt/install/process_msgs/share/process_msgs/cmake/export_process_msgs__rosidl_typesupport_fastrtps_cExport.cmake
-- Installing: /home/michael/ros2_ws/mega_prosjekt/src/mekatronikk_mega_prosjekt/install/process_msgs/share/process_msgs/cmake/export_process_msgs__rosidl_typesupport_fastrtps_cExport-noconfig.cmake
-- Installing: /home/michael/ros2_ws/mega_prosjekt/src/mekatronikk_mega_prosjekt/install/process_msgs/share/process_msgs/cmake/process_msgs__rosidl_typesupport_introspection_cExport.cmake
-- Installing: /home/michael/ros2_ws/mega_prosjekt/src/mekatronikk_mega_prosjekt/install/process_msgs/share/process_msgs/cmake/process_msgs__rosidl_typesupport_introspection_cExport-noconfig.cmake
-- Installing: /home/michael/ros2_ws/mega_prosjekt/src/mekatronikk_mega_prosjekt/install/process_msgs/share/process_msgs/cmake/process_msgs__rosidl_typesupport_cExport.cmake
-- Installing: /home/michael/ros2_ws/mega_prosjekt/src/mekatronikk_mega_prosjekt/install/process_msgs/share/process_msgs/cmake/process_msgs__rosidl_typesupport_cExport-noconfig.cmake
-- Installing: /home/michael/ros2_ws/mega_prosjekt/src/mekatronikk_mega_prosjekt/install/process_msgs/share/process_msgs/cmake/export_process_msgs__rosidl_generator_cppExport.cmake
-- Installing: /home/michael/ros2_ws/mega_prosjekt/src/mekatronikk_mega_prosjekt/install/process_msgs/share/process_msgs/cmake/export_process_msgs__rosidl_typesupport_fastrtps_cppExport.cmake
-- Installing: /home/michael/ros2_ws/mega_prosjekt/src/mekatronikk_mega_prosjekt/install/process_msgs/share/process_msgs/cmake/export_process_msgs__rosidl_typesupport_fastrtps_cppExport-noconfig.cmake
-- Installing: /home/michael/ros2_ws/mega_prosjekt/src/mekatronikk_mega_prosjekt/install/process_msgs/share/process_msgs/cmake/process_msgs__rosidl_typesupport_introspection_cppExport.cmake
-- Installing: /home/michael/ros2_ws/mega_prosjekt/src/mekatronikk_mega_prosjekt/install/process_msgs/share/process_msgs/cmake/process_msgs__rosidl_typesupport_introspection_cppExport-noconfig.cmake
-- Installing: /home/michael/ros2_ws/mega_prosjekt/src/mekatronikk_mega_prosjekt/install/process_msgs/share/process_msgs/cmake/process_msgs__rosidl_typesupport_cppExport.cmake
-- Installing: /home/michael/ros2_ws/mega_prosjekt/src/mekatronikk_mega_prosjekt/install/process_msgs/share/process_msgs/cmake/process_msgs__rosidl_typesupport_cppExport-noconfig.cmake
-- Installing: /home/michael/ros2_ws/mega_prosjekt/src/mekatronikk_mega_prosjekt/install/process_msgs/share/process_msgs/cmake/export_process_msgs__rosidl_generator_pyExport.cmake
-- Installing: /home/michael/ros2_ws/mega_prosjekt/src/mekatronikk_mega_prosjekt/install/process_msgs/share/process_msgs/cmake/export_process_msgs__rosidl_generator_pyExport-noconfig.cmake
-- Installing: /home/michael/ros2_ws/mega_prosjekt/src/mekatronikk_mega_prosjekt/install/process_msgs/share/process_msgs/cmake/rosidl_cmake-extras.cmake
-- Installing: /home/michael/ros2_ws/mega_prosjekt/src/mekatronikk_mega_prosjekt/install/process_msgs/share/process_msgs/cmake/ament_cmake_export_dependencies-extras.cmake
-- Installing: /home/michael/ros2_ws/mega_prosjekt/src/mekatronikk_mega_prosjekt/install/process_msgs/share/process_msgs/cmake/ament_cmake_export_include_directories-extras.cmake
-- Installing: /home/michael/ros2_ws/mega_prosjekt/src/mekatronikk_mega_prosjekt/install/process_msgs/share/process_msgs/cmake/ament_cmake_export_libraries-extras.cmake
-- Installing: /home/michael/ros2_ws/mega_prosjekt/src/mekatronikk_mega_prosjekt/install/process_msgs/share/process_msgs/cmake/ament_cmake_export_targets-extras.cmake
-- Installing: /home/michael/ros2_ws/mega_prosjekt/src/mekatronikk_mega_prosjekt/install/process_msgs/share/process_msgs/cmake/rosidl_cmake_export_typesupport_targets-extras.cmake
-- Installing: /home/michael/ros2_ws/mega_prosjekt/src/mekatronikk_mega_prosjekt/install/process_msgs/share/process_msgs/cmake/rosidl_cmake_export_typesupport_libraries-extras.cmake
-- Installing: /home/michael/ros2_ws/mega_prosjekt/src/mekatronikk_mega_prosjekt/install/process_msgs/share/process_msgs/cmake/process_msgsConfig.cmake
-- Installing: /home/michael/ros2_ws/mega_prosjekt/src/mekatronikk_mega_prosjekt/install/process_msgs/share/process_msgs/cmake/process_msgsConfig-version.cmake
-- Installing: /home/michael/ros2_ws/mega_prosjekt/src/mekatronikk_mega_prosjekt/install/process_msgs/share/process_msgs/package.xml
