[0.019s] Invoking command in '/home/michael/ros2_ws/mega_prosjekt/src/mekatronikk_mega_prosjekt/build/process_msgs': CMAKE_PREFIX_PATH=${CMAKE_PREFIX_PATH}:/opt/ros/jazzy DEBUGINFOD_URLS=https://debuginfod.ubuntu.com PS1=(.venv) \[\e]0;\u@\h: \w\a\]${debian_chroot:+($debian_chroot)}\[\033[01;32m\]\u@\h\[\033[00m\]:\[\033[01;34m\]\w\[\033[00m\]\$ VIRTUAL_ENV_PROMPT=(.venv) /usr/bin/cmake --build /home/michael/ros2_ws/mega_prosjekt/src/mekatronikk_mega_prosjekt/build/process_msgs -- -j16 -l16
[0.106s] [  1%] [34m[1mGenerating type hashes for ROS interfaces[0m
[0.122s] [  1%] Built target ament_cmake_python_copy_process_msgs
[0.373s] running egg_info
[0.388s] creating process_msgs.egg-info
[0.388s] writing process_msgs.egg-info/PKG-INFO
[0.389s] writing dependency_links to process_msgs.egg-info/dependency_links.txt
[0.389s] writing top-level names to process_msgs.egg-info/top_level.txt
[0.389s] writing manifest file 'process_msgs.egg-info/SOURCES.txt'
[0.433s] reading manifest file 'process_msgs.egg-info/SOURCES.txt'
[0.434s] writing manifest file 'process_msgs.egg-info/SOURCES.txt'
[0.451s] [  1%] Built target process_msgs__rosidl_generator_type_description
[0.464s] [  2%] [34m[1mGenerating C code for ROS interfaces[0m
[0.471s] [  2%] Built target ament_cmake_python_build_process_msgs_egg
[0.481s] [  3%] [34m[1mGenerating C++ code for ROS interfaces[0m
[1.226s] [  3%] Built target process_msgs__cpp
[1.414s] [  4%] [32mBuilding C object CMakeFiles/process_msgs__rosidl_generator_c.dir/rosidl_generator_c/process_msgs/msg/detail/cube__description.c.o[0m
[1.415s] [  5%] [32mBuilding C object CMakeFiles/process_msgs__rosidl_generator_c.dir/rosidl_generator_c/process_msgs/msg/detail/cube_array__functions.c.o[0m
[1.415s] [  6%] [32mBuilding C object CMakeFiles/process_msgs__rosidl_generator_c.dir/rosidl_generator_c/process_msgs/msg/detail/cube_array__description.c.o[0m
[1.415s] [  7%] [32mBuilding C object CMakeFiles/process_msgs__rosidl_generator_c.dir/rosidl_generator_c/process_msgs/msg/detail/key_event__description.c.o[0m
[1.415s] [  9%] [32mBuilding C object CMakeFiles/process_msgs__rosidl_generator_c.dir/rosidl_generator_c/process_msgs/msg/detail/cube__functions.c.o[0m
[1.416s] [  8%] [32mBuilding C object CMakeFiles/process_msgs__rosidl_generator_c.dir/rosidl_generator_c/process_msgs/msg/detail/key_event__functions.c.o[0m
[1.416s] [ 11%] [32mBuilding C object CMakeFiles/process_msgs__rosidl_generator_c.dir/rosidl_generator_c/process_msgs/msg/detail/cube__type_support.c.o[0m
[1.416s] [ 12%] [32mBuilding C object CMakeFiles/process_msgs__rosidl_generator_c.dir/rosidl_generator_c/process_msgs/msg/detail/cube_array__type_support.c.o[0m
[1.417s] [ 13%] [32mBuilding C object CMakeFiles/process_msgs__rosidl_generator_c.dir/rosidl_generator_c/process_msgs/msg/detail/key_event__type_support.c.o[0m
[1.417s] [ 14%] [32mBuilding C object CMakeFiles/process_msgs__rosidl_generator_c.dir/rosidl_generator_c/process_msgs/msg/detail/task__description.c.o[0m
[1.417s] [ 18%] [32mBuilding C object CMakeFiles/process_msgs__rosidl_generator_c.dir/rosidl_generator_c/process_msgs/msg/detail/task_feedback__description.c.o[0m
[1.418s] [ 10%] [32mBuilding C object CMakeFiles/process_msgs__rosidl_generator_c.dir/rosidl_generator_c/process_msgs/msg/detail/scene_state__description.c.o[0m
[1.418s] [ 19%] [32mBuilding C object CMakeFiles/process_msgs__rosidl_generator_c.dir/rosidl_generator_c/process_msgs/msg/detail/task__type_support.c.o[0m
[1.420s] [ 19%] [32mBuilding C object CMakeFiles/process_msgs__rosidl_generator_c.dir/rosidl_generator_c/process_msgs/msg/detail/scene_state__functions.c.o[0m
[1.420s] [ 19%] [32mBuilding C object CMakeFiles/process_msgs__rosidl_generator_c.dir/rosidl_generator_c/process_msgs/msg/detail/task__functions.c.o[0m
[1.423s] [ 20%] [32mBuilding C object CMakeFiles/process_msgs__rosidl_generator_c.dir/rosidl_generator_c/process_msgs/msg/detail/scene_state__type_support.c.o[0m
[1.487s] [ 21%] [32mBuilding C object CMakeFiles/process_msgs__rosidl_generator_c.dir/rosidl_generator_c/process_msgs/msg/detail/task_feedback__functions.c.o[0m
[1.487s] [ 22%] [32mBuilding C object CMakeFiles/process_msgs__rosidl_generator_c.dir/rosidl_generator_c/process_msgs/msg/detail/task_feedback__type_support.c.o[0m
[1.492s] [ 23%] [32mBuilding C object CMakeFiles/process_msgs__rosidl_generator_c.dir/rosidl_generator_c/process_msgs/srv/detail/get_scene__functions.c.o[0m
[1.492s] [ 24%] [32mBuilding C object CMakeFiles/process_msgs__rosidl_generator_c.dir/rosidl_generator_c/process_msgs/srv/detail/get_scene__description.c.o[0m
[1.492s] [ 25%] [32mBuilding C object CMakeFiles/process_msgs__rosidl_generator_c.dir/rosidl_generator_c/process_msgs/srv/detail/get_scene__type_support.c.o[0m
[1.599s] [ 26%] [32m[1mLinking C shared library libprocess_msgs__rosidl_generator_c.so[0m
[1.668s] [ 26%] Built target process_msgs__rosidl_generator_c
[1.684s] [ 27%] [34m[1mGenerating C introspection for ROS interfaces[0m
[1.685s] [ 28%] [34m[1mGenerating C type support dispatch for ROS interfaces[0m
[1.685s] [ 29%] [34m[1mGenerating C++ introspection for ROS interfaces[0m
[1.685s] [ 30%] [34m[1mGenerating C++ type support for eProsima Fast-RTPS[0m
[1.686s] [ 31%] [34m[1mGenerating C type support for eProsima Fast-RTPS[0m
[1.688s] [ 32%] [34m[1mGenerating C++ type support dispatch for ROS interfaces[0m
[2.254s] [ 34%] [32mBuilding CXX object CMakeFiles/process_msgs__rosidl_typesupport_cpp.dir/rosidl_typesupport_cpp/process_msgs/msg/cube_array__type_support.cpp.o[0m
[2.256s] [ 35%] [32mBuilding CXX object CMakeFiles/process_msgs__rosidl_typesupport_cpp.dir/rosidl_typesupport_cpp/process_msgs/msg/key_event__type_support.cpp.o[0m
[2.258s] [ 36%] [32mBuilding CXX object CMakeFiles/process_msgs__rosidl_typesupport_cpp.dir/rosidl_typesupport_cpp/process_msgs/msg/scene_state__type_support.cpp.o[0m
[2.258s] [ 38%] [32mBuilding CXX object CMakeFiles/process_msgs__rosidl_typesupport_cpp.dir/rosidl_typesupport_cpp/process_msgs/msg/cube__type_support.cpp.o[0m
[2.258s] [ 38%] [32mBuilding CXX object CMakeFiles/process_msgs__rosidl_typesupport_cpp.dir/rosidl_typesupport_cpp/process_msgs/msg/task_feedback__type_support.cpp.o[0m
[2.260s] [ 39%] [32mBuilding CXX object CMakeFiles/process_msgs__rosidl_typesupport_cpp.dir/rosidl_typesupport_cpp/process_msgs/msg/task__type_support.cpp.o[0m
[2.265s] [ 40%] [32mBuilding CXX object CMakeFiles/process_msgs__rosidl_typesupport_cpp.dir/rosidl_typesupport_cpp/process_msgs/srv/get_scene__type_support.cpp.o[0m
[2.285s] [ 42%] [32mBuilding CXX object CMakeFiles/process_msgs__rosidl_typesupport_c.dir/rosidl_typesupport_c/process_msgs/msg/scene_state__type_support.cpp.o[0m
[2.290s] [ 42%] [32mBuilding CXX object CMakeFiles/process_msgs__rosidl_typesupport_c.dir/rosidl_typesupport_c/process_msgs/msg/cube__type_support.cpp.o[0m
[2.290s] [ 43%] [32mBuilding CXX object CMakeFiles/process_msgs__rosidl_typesupport_c.dir/rosidl_typesupport_c/process_msgs/msg/cube_array__type_support.cpp.o[0m
[2.290s] [ 44%] [32mBuilding CXX object CMakeFiles/process_msgs__rosidl_typesupport_c.dir/rosidl_typesupport_c/process_msgs/msg/task__type_support.cpp.o[0m
[2.294s] [ 45%] [32mBuilding CXX object CMakeFiles/process_msgs__rosidl_typesupport_c.dir/rosidl_typesupport_c/process_msgs/msg/key_event__type_support.cpp.o[0m
[2.391s] [ 46%] [32mBuilding CXX object CMakeFiles/process_msgs__rosidl_typesupport_c.dir/rosidl_typesupport_c/process_msgs/srv/get_scene__type_support.cpp.o[0m
[2.391s] [ 47%] [32mBuilding CXX object CMakeFiles/process_msgs__rosidl_typesupport_c.dir/rosidl_typesupport_c/process_msgs/msg/task_feedback__type_support.cpp.o[0m
[2.437s] [ 50%] [32mBuilding C object CMakeFiles/process_msgs__rosidl_typesupport_introspection_c.dir/rosidl_typesupport_introspection_c/process_msgs/msg/detail/cube_array__type_support.c.o[0m
[2.438s] [ 50%] [32mBuilding C object CMakeFiles/process_msgs__rosidl_typesupport_introspection_c.dir/rosidl_typesupport_introspection_c/process_msgs/msg/detail/cube__type_support.c.o[0m
[2.438s] [ 51%] [32mBuilding CXX object CMakeFiles/process_msgs__rosidl_typesupport_introspection_cpp.dir/rosidl_typesupport_introspection_cpp/process_msgs/msg/detail/cube__type_support.cpp.o[0m
[2.441s] [ 52%] [32mBuilding C object CMakeFiles/process_msgs__rosidl_typesupport_introspection_c.dir/rosidl_typesupport_introspection_c/process_msgs/msg/detail/scene_state__type_support.c.o[0m
[2.443s] [ 53%] [32mBuilding C object CMakeFiles/process_msgs__rosidl_typesupport_introspection_c.dir/rosidl_typesupport_introspection_c/process_msgs/msg/detail/key_event__type_support.c.o[0m
[2.484s] [ 54%] [32m[1mLinking CXX shared library libprocess_msgs__rosidl_typesupport_c.so[0m
[2.487s] [ 55%] [32mBuilding CXX object CMakeFiles/process_msgs__rosidl_typesupport_introspection_cpp.dir/rosidl_typesupport_introspection_cpp/process_msgs/msg/detail/cube_array__type_support.cpp.o[0m
[2.507s] [ 56%] [32mBuilding CXX object CMakeFiles/process_msgs__rosidl_typesupport_introspection_cpp.dir/rosidl_typesupport_introspection_cpp/process_msgs/msg/detail/key_event__type_support.cpp.o[0m
[2.523s] [ 57%] [32mBuilding CXX object CMakeFiles/process_msgs__rosidl_typesupport_introspection_cpp.dir/rosidl_typesupport_introspection_cpp/process_msgs/msg/detail/scene_state__type_support.cpp.o[0m
[2.529s] [ 58%] [32mBuilding CXX object CMakeFiles/process_msgs__rosidl_typesupport_introspection_cpp.dir/rosidl_typesupport_introspection_cpp/process_msgs/msg/detail/task__type_support.cpp.o[0m
[2.565s] [ 59%] [32mBuilding C object CMakeFiles/process_msgs__rosidl_typesupport_introspection_c.dir/rosidl_typesupport_introspection_c/process_msgs/msg/detail/task__type_support.c.o[0m
[2.571s] [ 59%] Built target process_msgs__rosidl_typesupport_c
[2.589s] [ 60%] [32mBuilding C object CMakeFiles/process_msgs__rosidl_typesupport_introspection_c.dir/rosidl_typesupport_introspection_c/process_msgs/msg/detail/task_feedback__type_support.c.o[0m
[2.664s] [ 61%] [32mBuilding C object CMakeFiles/process_msgs__rosidl_typesupport_introspection_c.dir/rosidl_typesupport_introspection_c/process_msgs/srv/detail/get_scene__type_support.c.o[0m
[2.672s] [ 62%] [32mBuilding CXX object CMakeFiles/process_msgs__rosidl_typesupport_introspection_cpp.dir/rosidl_typesupport_introspection_cpp/process_msgs/msg/detail/task_feedback__type_support.cpp.o[0m
[2.776s] [ 63%] [32m[1mLinking C shared library libprocess_msgs__rosidl_typesupport_introspection_c.so[0m
[2.780s] [ 64%] [32mBuilding CXX object CMakeFiles/process_msgs__rosidl_typesupport_introspection_cpp.dir/rosidl_typesupport_introspection_cpp/process_msgs/srv/detail/get_scene__type_support.cpp.o[0m
[2.827s] [ 65%] [32mBuilding CXX object CMakeFiles/process_msgs__rosidl_typesupport_fastrtps_cpp.dir/rosidl_typesupport_fastrtps_cpp/process_msgs/msg/detail/dds_fastrtps/cube__type_support.cpp.o[0m
[2.837s] [ 67%] [32mBuilding CXX object CMakeFiles/process_msgs__rosidl_typesupport_fastrtps_cpp.dir/rosidl_typesupport_fastrtps_cpp/process_msgs/msg/detail/dds_fastrtps/cube_array__type_support.cpp.o[0m
[2.838s] [ 68%] [32mBuilding CXX object CMakeFiles/process_msgs__rosidl_typesupport_fastrtps_cpp.dir/rosidl_typesupport_fastrtps_cpp/process_msgs/msg/detail/dds_fastrtps/key_event__type_support.cpp.o[0m
[2.847s] [ 69%] [32mBuilding CXX object CMakeFiles/process_msgs__rosidl_typesupport_fastrtps_cpp.dir/rosidl_typesupport_fastrtps_cpp/process_msgs/msg/detail/dds_fastrtps/scene_state__type_support.cpp.o[0m
[2.847s] [ 69%] Built target process_msgs__rosidl_typesupport_introspection_c
[2.862s] [ 70%] [32mBuilding CXX object CMakeFiles/process_msgs__rosidl_typesupport_fastrtps_cpp.dir/rosidl_typesupport_fastrtps_cpp/process_msgs/msg/detail/dds_fastrtps/task__type_support.cpp.o[0m
[2.971s] [ 71%] [32mBuilding CXX object CMakeFiles/process_msgs__rosidl_typesupport_fastrtps_cpp.dir/rosidl_typesupport_fastrtps_cpp/process_msgs/msg/detail/dds_fastrtps/task_feedback__type_support.cpp.o[0m
[2.971s] [ 72%] [32mBuilding CXX object CMakeFiles/process_msgs__rosidl_typesupport_fastrtps_cpp.dir/rosidl_typesupport_fastrtps_cpp/process_msgs/srv/detail/dds_fastrtps/get_scene__type_support.cpp.o[0m
[2.998s] [ 73%] [32mBuilding CXX object CMakeFiles/process_msgs__rosidl_typesupport_fastrtps_c.dir/rosidl_typesupport_fastrtps_c/process_msgs/msg/detail/cube__type_support_c.cpp.o[0m
[3.012s] [ 74%] [32mBuilding CXX object CMakeFiles/process_msgs__rosidl_typesupport_fastrtps_c.dir/rosidl_typesupport_fastrtps_c/process_msgs/msg/detail/cube_array__type_support_c.cpp.o[0m
[3.092s] [ 75%] [32mBuilding CXX object CMakeFiles/process_msgs__rosidl_typesupport_fastrtps_c.dir/rosidl_typesupport_fastrtps_c/process_msgs/msg/detail/key_event__type_support_c.cpp.o[0m
[3.132s] [ 76%] [32mBuilding CXX object CMakeFiles/process_msgs__rosidl_typesupport_fastrtps_c.dir/rosidl_typesupport_fastrtps_c/process_msgs/msg/detail/scene_state__type_support_c.cpp.o[0m
[3.141s] [ 77%] [32mBuilding CXX object CMakeFiles/process_msgs__rosidl_typesupport_fastrtps_c.dir/rosidl_typesupport_fastrtps_c/process_msgs/msg/detail/task__type_support_c.cpp.o[0m
[3.158s] [ 78%] [32m[1mLinking CXX shared library libprocess_msgs__rosidl_typesupport_cpp.so[0m
[3.234s] [ 79%] [32mBuilding CXX object CMakeFiles/process_msgs__rosidl_typesupport_fastrtps_c.dir/rosidl_typesupport_fastrtps_c/process_msgs/msg/detail/task_feedback__type_support_c.cpp.o[0m
[3.295s] [ 79%] Built target process_msgs__rosidl_typesupport_cpp
[3.307s] [ 80%] [32mBuilding CXX object CMakeFiles/process_msgs__rosidl_typesupport_fastrtps_c.dir/rosidl_typesupport_fastrtps_c/process_msgs/srv/detail/get_scene__type_support_c.cpp.o[0m
[3.750s] [ 81%] [32m[1mLinking CXX shared library libprocess_msgs__rosidl_typesupport_introspection_cpp.so[0m
[3.884s] [ 81%] Built target process_msgs__rosidl_typesupport_introspection_cpp
[4.121s] [ 82%] [32m[1mLinking CXX shared library libprocess_msgs__rosidl_typesupport_fastrtps_c.so[0m
[4.240s] [ 82%] Built target process_msgs__rosidl_typesupport_fastrtps_c
[4.284s] [ 84%] [32m[1mLinking CXX shared library libprocess_msgs__rosidl_typesupport_fastrtps_cpp.so[0m
[4.388s] [ 84%] Built target process_msgs__rosidl_typesupport_fastrtps_cpp
[4.418s] [ 84%] Built target process_msgs
[4.453s] [ 85%] [34m[1mGenerating Python code for ROS interfaces[0m
[5.610s] [ 85%] Built target process_msgs__py
[5.640s] [ 86%] [32mBuilding C object CMakeFiles/process_msgs__rosidl_generator_py.dir/rosidl_generator_py/process_msgs/msg/_key_event_s.c.o[0m
[5.640s] [ 87%] [32mBuilding C object CMakeFiles/process_msgs__rosidl_generator_py.dir/rosidl_generator_py/process_msgs/msg/_scene_state_s.c.o[0m
[5.641s] [ 88%] [32mBuilding C object CMakeFiles/process_msgs__rosidl_generator_py.dir/rosidl_generator_py/process_msgs/msg/_cube_s.c.o[0m
[5.641s] [ 89%] [32mBuilding C object CMakeFiles/process_msgs__rosidl_generator_py.dir/rosidl_generator_py/process_msgs/msg/_task_feedback_s.c.o[0m
[5.642s] [ 90%] [32mBuilding C object CMakeFiles/process_msgs__rosidl_generator_py.dir/rosidl_generator_py/process_msgs/srv/_get_scene_s.c.o[0m
[5.642s] [ 91%] [32mBuilding C object CMakeFiles/process_msgs__rosidl_generator_py.dir/rosidl_generator_py/process_msgs/msg/_cube_array_s.c.o[0m
[5.644s] [ 92%] [32mBuilding C object CMakeFiles/process_msgs__rosidl_generator_py.dir/rosidl_generator_py/process_msgs/msg/_task_s.c.o[0m
[5.838s] [ 93%] [32m[1mLinking C shared library libprocess_msgs__rosidl_generator_py.so[0m
[5.898s] [ 93%] Built target process_msgs__rosidl_generator_py
[5.927s] [ 94%] [32mBuilding C object CMakeFiles/process_msgs_s__rosidl_typesupport_fastrtps_c.dir/rosidl_generator_py/process_msgs/_process_msgs_s.ep.rosidl_typesupport_fastrtps_c.c.o[0m
[5.929s] [ 95%] [32mBuilding C object CMakeFiles/process_msgs_s__rosidl_typesupport_introspection_c.dir/rosidl_generator_py/process_msgs/_process_msgs_s.ep.rosidl_typesupport_introspection_c.c.o[0m
[5.931s] [ 96%] [32mBuilding C object CMakeFiles/process_msgs_s__rosidl_typesupport_c.dir/rosidl_generator_py/process_msgs/_process_msgs_s.ep.rosidl_typesupport_c.c.o[0m
[6.080s] [ 97%] [32m[1mLinking C shared module rosidl_generator_py/process_msgs/process_msgs_s__rosidl_typesupport_c.so[0m
[6.081s] [ 98%] [32m[1mLinking C shared module rosidl_generator_py/process_msgs/process_msgs_s__rosidl_typesupport_introspection_c.so[0m
[6.088s] [100%] [32m[1mLinking C shared module rosidl_generator_py/process_msgs/process_msgs_s__rosidl_typesupport_fastrtps_c.so[0m
[6.122s] [100%] Built target process_msgs_s__rosidl_typesupport_introspection_c
[6.124s] [100%] Built target process_msgs_s__rosidl_typesupport_c
[6.141s] [100%] Built target process_msgs_s__rosidl_typesupport_fastrtps_c
[6.160s] Invoked command in '/home/michael/ros2_ws/mega_prosjekt/src/mekatronikk_mega_prosjekt/build/process_msgs' returned '0': CMAKE_PREFIX_PATH=${CMAKE_PREFIX_PATH}:/opt/ros/jazzy DEBUGINFOD_URLS=https://debuginfod.ubuntu.com PS1=(.venv) \[\e]0;\u@\h: \w\a\]${debian_chroot:+($debian_chroot)}\[\033[01;32m\]\u@\h\[\033[00m\]:\[\033[01;34m\]\w\[\033[00m\]\$ VIRTUAL_ENV_PROMPT=(.venv) /usr/bin/cmake --build /home/michael/ros2_ws/mega_prosjekt/src/mekatronikk_mega_prosjekt/build/process_msgs -- -j16 -l16
[6.176s] Invoking command in '/home/michael/ros2_ws/mega_prosjekt/src/mekatronikk_mega_prosjekt/build/process_msgs': CMAKE_PREFIX_PATH=${CMAKE_PREFIX_PATH}:/opt/ros/jazzy DEBUGINFOD_URLS=https://debuginfod.ubuntu.com PS1=(.venv) \[\e]0;\u@\h: \w\a\]${debian_chroot:+($debian_chroot)}\[\033[01;32m\]\u@\h\[\033[00m\]:\[\033[01;34m\]\w\[\033[00m\]\$ VIRTUAL_ENV_PROMPT=(.venv) /usr/bin/cmake --install /home/michael/ros2_ws/mega_prosjekt/src/mekatronikk_mega_prosjekt/build/process_msgs
[6.189s] -- Install configuration: ""
[6.189s] -- Installing: /home/michael/ros2_ws/mega_prosjekt/src/mekatronikk_mega_prosjekt/install/process_msgs/share/ament_index/resource_index/rosidl_interfaces/process_msgs
[6.190s] -- Installing: /home/michael/ros2_ws/mega_prosjekt/src/mekatronikk_mega_prosjekt/install/process_msgs/share/process_msgs/msg/Cube.json
[6.190s] -- Installing: /home/michael/ros2_ws/mega_prosjekt/src/mekatronikk_mega_prosjekt/install/process_msgs/share/process_msgs/msg/CubeArray.json
[6.190s] -- Installing: /home/michael/ros2_ws/mega_prosjekt/src/mekatronikk_mega_prosjekt/install/process_msgs/share/process_msgs/msg/KeyEvent.json
[6.190s] -- Installing: /home/michael/ros2_ws/mega_prosjekt/src/mekatronikk_mega_prosjekt/install/process_msgs/share/process_msgs/msg/SceneState.json
[6.191s] -- Installing: /home/michael/ros2_ws/mega_prosjekt/src/mekatronikk_mega_prosjekt/install/process_msgs/share/process_msgs/msg/Task.json
[6.191s] -- Installing: /home/michael/ros2_ws/mega_prosjekt/src/mekatronikk_mega_prosjekt/install/process_msgs/share/process_msgs/msg/TaskFeedback.json
[6.191s] -- Installing: /home/michael/ros2_ws/mega_prosjekt/src/mekatronikk_mega_prosjekt/install/process_msgs/share/process_msgs/srv/GetScene.json
[6.191s] -- Installing: /home/michael/ros2_ws/mega_prosjekt/src/mekatronikk_mega_prosjekt/install/process_msgs/include/process_msgs/process_msgs
[6.192s] -- Installing: /home/michael/ros2_ws/mega_prosjekt/src/mekatronikk_mega_prosjekt/install/process_msgs/include/process_msgs/process_msgs/msg
[6.192s] -- Installing: /home/michael/ros2_ws/mega_prosjekt/src/mekatronikk_mega_prosjekt/install/process_msgs/include/process_msgs/process_msgs/msg/cube_array.h
[6.192s] -- Installing: /home/michael/ros2_ws/mega_prosjekt/src/mekatronikk_mega_prosjekt/install/process_msgs/include/process_msgs/process_msgs/msg/scene_state.h
[6.192s] -- Installing: /home/michael/ros2_ws/mega_prosjekt/src/mekatronikk_mega_prosjekt/install/process_msgs/include/process_msgs/process_msgs/msg/cube.h
[6.192s] -- Installing: /home/michael/ros2_ws/mega_prosjekt/src/mekatronikk_mega_prosjekt/install/process_msgs/include/process_msgs/process_msgs/msg/detail
[6.193s] -- Installing: /home/michael/ros2_ws/mega_prosjekt/src/mekatronikk_mega_prosjekt/install/process_msgs/include/process_msgs/process_msgs/msg/detail/cube_array__struct.h
[6.193s] -- Installing: /home/michael/ros2_ws/mega_prosjekt/src/mekatronikk_mega_prosjekt/install/process_msgs/include/process_msgs/process_msgs/msg/detail/task_feedback__description.c
[6.193s] -- Installing: /home/michael/ros2_ws/mega_prosjekt/src/mekatronikk_mega_prosjekt/install/process_msgs/include/process_msgs/process_msgs/msg/detail/task__functions.h
[6.193s] -- Installing: /home/michael/ros2_ws/mega_prosjekt/src/mekatronikk_mega_prosjekt/install/process_msgs/include/process_msgs/process_msgs/msg/detail/task__description.c
[6.193s] -- Installing: /home/michael/ros2_ws/mega_prosjekt/src/mekatronikk_mega_prosjekt/install/process_msgs/include/process_msgs/process_msgs/msg/detail/key_event__type_support.h
[6.193s] -- Installing: /home/michael/ros2_ws/mega_prosjekt/src/mekatronikk_mega_prosjekt/install/process_msgs/include/process_msgs/process_msgs/msg/detail/cube__description.c
[6.194s] -- Installing: /home/michael/ros2_ws/mega_prosjekt/src/mekatronikk_mega_prosjekt/install/process_msgs/include/process_msgs/process_msgs/msg/detail/cube__functions.c
[6.194s] -- Installing: /home/michael/ros2_ws/mega_prosjekt/src/mekatronikk_mega_prosjekt/install/process_msgs/include/process_msgs/process_msgs/msg/detail/key_event__functions.c
[6.194s] -- Installing: /home/michael/ros2_ws/mega_prosjekt/src/mekatronikk_mega_prosjekt/install/process_msgs/include/process_msgs/process_msgs/msg/detail/task_feedback__functions.c
[6.194s] -- Installing: /home/michael/ros2_ws/mega_prosjekt/src/mekatronikk_mega_prosjekt/install/process_msgs/include/process_msgs/process_msgs/msg/detail/cube_array__functions.h
[6.194s] -- Installing: /home/michael/ros2_ws/mega_prosjekt/src/mekatronikk_mega_prosjekt/install/process_msgs/include/process_msgs/process_msgs/msg/detail/scene_state__functions.h
[6.194s] -- Installing: /home/michael/ros2_ws/mega_prosjekt/src/mekatronikk_mega_prosjekt/install/process_msgs/include/process_msgs/process_msgs/msg/detail/cube_array__functions.c
[6.194s] -- Installing: /home/michael/ros2_ws/mega_prosjekt/src/mekatronikk_mega_prosjekt/install/process_msgs/include/process_msgs/process_msgs/msg/detail/cube_array__description.c
[6.195s] -- Installing: /home/michael/ros2_ws/mega_prosjekt/src/mekatronikk_mega_prosjekt/install/process_msgs/include/process_msgs/process_msgs/msg/detail/cube_array__type_support.c
[6.195s] -- Installing: /home/michael/ros2_ws/mega_prosjekt/src/mekatronikk_mega_prosjekt/install/process_msgs/include/process_msgs/process_msgs/msg/detail/scene_state__type_support.h
[6.195s] -- Installing: /home/michael/ros2_ws/mega_prosjekt/src/mekatronikk_mega_prosjekt/install/process_msgs/include/process_msgs/process_msgs/msg/detail/key_event__type_support.c
[6.195s] -- Installing: /home/michael/ros2_ws/mega_prosjekt/src/mekatronikk_mega_prosjekt/install/process_msgs/include/process_msgs/process_msgs/msg/detail/task__functions.c
[6.195s] -- Installing: /home/michael/ros2_ws/mega_prosjekt/src/mekatronikk_mega_prosjekt/install/process_msgs/include/process_msgs/process_msgs/msg/detail/task__type_support.c
[6.195s] -- Installing: /home/michael/ros2_ws/mega_prosjekt/src/mekatronikk_mega_prosjekt/install/process_msgs/include/process_msgs/process_msgs/msg/detail/key_event__description.c
[6.195s] -- Installing: /home/michael/ros2_ws/mega_prosjekt/src/mekatronikk_mega_prosjekt/install/process_msgs/include/process_msgs/process_msgs/msg/detail/cube__functions.h
[6.195s] -- Installing: /home/michael/ros2_ws/mega_prosjekt/src/mekatronikk_mega_prosjekt/install/process_msgs/include/process_msgs/process_msgs/msg/detail/task_feedback__struct.h
[6.195s] -- Installing: /home/michael/ros2_ws/mega_prosjekt/src/mekatronikk_mega_prosjekt/install/process_msgs/include/process_msgs/process_msgs/msg/detail/cube__type_support.c
[6.195s] -- Installing: /home/michael/ros2_ws/mega_prosjekt/src/mekatronikk_mega_prosjekt/install/process_msgs/include/process_msgs/process_msgs/msg/detail/task_feedback__functions.h
[6.196s] -- Installing: /home/michael/ros2_ws/mega_prosjekt/src/mekatronikk_mega_prosjekt/install/process_msgs/include/process_msgs/process_msgs/msg/detail/key_event__struct.h
[6.196s] -- Installing: /home/michael/ros2_ws/mega_prosjekt/src/mekatronikk_mega_prosjekt/install/process_msgs/include/process_msgs/process_msgs/msg/detail/task_feedback__type_support.h
[6.196s] -- Installing: /home/michael/ros2_ws/mega_prosjekt/src/mekatronikk_mega_prosjekt/install/process_msgs/include/process_msgs/process_msgs/msg/detail/task__type_support.h
[6.196s] -- Installing: /home/michael/ros2_ws/mega_prosjekt/src/mekatronikk_mega_prosjekt/install/process_msgs/include/process_msgs/process_msgs/msg/detail/scene_state__type_support.c
[6.196s] -- Installing: /home/michael/ros2_ws/mega_prosjekt/src/mekatronikk_mega_prosjekt/install/process_msgs/include/process_msgs/process_msgs/msg/detail/scene_state__description.c
[6.196s] -- Installing: /home/michael/ros2_ws/mega_prosjekt/src/mekatronikk_mega_prosjekt/install/process_msgs/include/process_msgs/process_msgs/msg/detail/cube__struct.h
[6.196s] -- Installing: /home/michael/ros2_ws/mega_prosjekt/src/mekatronikk_mega_prosjekt/install/process_msgs/include/process_msgs/process_msgs/msg/detail/task_feedback__type_support.c
[6.196s] -- Installing: /home/michael/ros2_ws/mega_prosjekt/src/mekatronikk_mega_prosjekt/install/process_msgs/include/process_msgs/process_msgs/msg/detail/scene_state__functions.c
[6.196s] -- Installing: /home/michael/ros2_ws/mega_prosjekt/src/mekatronikk_mega_prosjekt/install/process_msgs/include/process_msgs/process_msgs/msg/detail/cube__type_support.h
[6.196s] -- Installing: /home/michael/ros2_ws/mega_prosjekt/src/mekatronikk_mega_prosjekt/install/process_msgs/include/process_msgs/process_msgs/msg/detail/scene_state__struct.h
[6.197s] -- Installing: /home/michael/ros2_ws/mega_prosjekt/src/mekatronikk_mega_prosjekt/install/process_msgs/include/process_msgs/process_msgs/msg/detail/key_event__functions.h
[6.197s] -- Installing: /home/michael/ros2_ws/mega_prosjekt/src/mekatronikk_mega_prosjekt/install/process_msgs/include/process_msgs/process_msgs/msg/detail/task__struct.h
[6.197s] -- Installing: /home/michael/ros2_ws/mega_prosjekt/src/mekatronikk_mega_prosjekt/install/process_msgs/include/process_msgs/process_msgs/msg/detail/cube_array__type_support.h
[6.197s] -- Installing: /home/michael/ros2_ws/mega_prosjekt/src/mekatronikk_mega_prosjekt/install/process_msgs/include/process_msgs/process_msgs/msg/task.h
[6.197s] -- Installing: /home/michael/ros2_ws/mega_prosjekt/src/mekatronikk_mega_prosjekt/install/process_msgs/include/process_msgs/process_msgs/msg/key_event.h
[6.197s] -- Installing: /home/michael/ros2_ws/mega_prosjekt/src/mekatronikk_mega_prosjekt/install/process_msgs/include/process_msgs/process_msgs/msg/rosidl_generator_c__visibility_control.h
[6.197s] -- Installing: /home/michael/ros2_ws/mega_prosjekt/src/mekatronikk_mega_prosjekt/install/process_msgs/include/process_msgs/process_msgs/msg/task_feedback.h
[6.197s] -- Installing: /home/michael/ros2_ws/mega_prosjekt/src/mekatronikk_mega_prosjekt/install/process_msgs/include/process_msgs/process_msgs/srv
[6.197s] -- Installing: /home/michael/ros2_ws/mega_prosjekt/src/mekatronikk_mega_prosjekt/install/process_msgs/include/process_msgs/process_msgs/srv/get_scene.h
[6.198s] -- Installing: /home/michael/ros2_ws/mega_prosjekt/src/mekatronikk_mega_prosjekt/install/process_msgs/include/process_msgs/process_msgs/srv/detail
[6.198s] -- Installing: /home/michael/ros2_ws/mega_prosjekt/src/mekatronikk_mega_prosjekt/install/process_msgs/include/process_msgs/process_msgs/srv/detail/get_scene__struct.h
[6.198s] -- Installing: /home/michael/ros2_ws/mega_prosjekt/src/mekatronikk_mega_prosjekt/install/process_msgs/include/process_msgs/process_msgs/srv/detail/get_scene__description.c
[6.198s] -- Installing: /home/michael/ros2_ws/mega_prosjekt/src/mekatronikk_mega_prosjekt/install/process_msgs/include/process_msgs/process_msgs/srv/detail/get_scene__type_support.h
[6.198s] -- Installing: /home/michael/ros2_ws/mega_prosjekt/src/mekatronikk_mega_prosjekt/install/process_msgs/include/process_msgs/process_msgs/srv/detail/get_scene__type_support.c
[6.198s] -- Installing: /home/michael/ros2_ws/mega_prosjekt/src/mekatronikk_mega_prosjekt/install/process_msgs/include/process_msgs/process_msgs/srv/detail/get_scene__functions.h
[6.198s] -- Installing: /home/michael/ros2_ws/mega_prosjekt/src/mekatronikk_mega_prosjekt/install/process_msgs/include/process_msgs/process_msgs/srv/detail/get_scene__functions.c
[6.199s] -- Installing: /home/michael/ros2_ws/mega_prosjekt/src/mekatronikk_mega_prosjekt/install/process_msgs/share/process_msgs/environment/library_path.sh
[6.199s] -- Installing: /home/michael/ros2_ws/mega_prosjekt/src/mekatronikk_mega_prosjekt/install/process_msgs/share/process_msgs/environment/library_path.dsv
[6.199s] -- Installing: /home/michael/ros2_ws/mega_prosjekt/src/mekatronikk_mega_prosjekt/install/process_msgs/lib/libprocess_msgs__rosidl_generator_c.so
[6.199s] -- Set non-toolchain portion of runtime path of "/home/michael/ros2_ws/mega_prosjekt/src/mekatronikk_mega_prosjekt/install/process_msgs/lib/libprocess_msgs__rosidl_generator_c.so" to ""
[6.200s] -- Up-to-date: /home/michael/ros2_ws/mega_prosjekt/src/mekatronikk_mega_prosjekt/install/process_msgs/include/process_msgs/process_msgs
[6.200s] -- Up-to-date: /home/michael/ros2_ws/mega_prosjekt/src/mekatronikk_mega_prosjekt/install/process_msgs/include/process_msgs/process_msgs/msg
[6.200s] -- Installing: /home/michael/ros2_ws/mega_prosjekt/src/mekatronikk_mega_prosjekt/install/process_msgs/include/process_msgs/process_msgs/msg/rosidl_typesupport_fastrtps_c__visibility_control.h
[6.200s] -- Up-to-date: /home/michael/ros2_ws/mega_prosjekt/src/mekatronikk_mega_prosjekt/install/process_msgs/include/process_msgs/process_msgs/msg/detail
[6.200s] -- Installing: /home/michael/ros2_ws/mega_prosjekt/src/mekatronikk_mega_prosjekt/install/process_msgs/include/process_msgs/process_msgs/msg/detail/task__rosidl_typesupport_fastrtps_c.h
[6.200s] -- Installing: /home/michael/ros2_ws/mega_prosjekt/src/mekatronikk_mega_prosjekt/install/process_msgs/include/process_msgs/process_msgs/msg/detail/task_feedback__rosidl_typesupport_fastrtps_c.h
[6.200s] -- Installing: /home/michael/ros2_ws/mega_prosjekt/src/mekatronikk_mega_prosjekt/install/process_msgs/include/process_msgs/process_msgs/msg/detail/cube_array__rosidl_typesupport_fastrtps_c.h
[6.200s] -- Installing: /home/michael/ros2_ws/mega_prosjekt/src/mekatronikk_mega_prosjekt/install/process_msgs/include/process_msgs/process_msgs/msg/detail/cube__rosidl_typesupport_fastrtps_c.h
[6.200s] -- Installing: /home/michael/ros2_ws/mega_prosjekt/src/mekatronikk_mega_prosjekt/install/process_msgs/include/process_msgs/process_msgs/msg/detail/key_event__rosidl_typesupport_fastrtps_c.h
[6.201s] -- Installing: /home/michael/ros2_ws/mega_prosjekt/src/mekatronikk_mega_prosjekt/install/process_msgs/include/process_msgs/process_msgs/msg/detail/scene_state__rosidl_typesupport_fastrtps_c.h
[6.201s] -- Up-to-date: /home/michael/ros2_ws/mega_prosjekt/src/mekatronikk_mega_prosjekt/install/process_msgs/include/process_msgs/process_msgs/srv
[6.201s] -- Up-to-date: /home/michael/ros2_ws/mega_prosjekt/src/mekatronikk_mega_prosjekt/install/process_msgs/include/process_msgs/process_msgs/srv/detail
[6.201s] -- Installing: /home/michael/ros2_ws/mega_prosjekt/src/mekatronikk_mega_prosjekt/install/process_msgs/include/process_msgs/process_msgs/srv/detail/get_scene__rosidl_typesupport_fastrtps_c.h
[6.201s] -- Installing: /home/michael/ros2_ws/mega_prosjekt/src/mekatronikk_mega_prosjekt/install/process_msgs/lib/libprocess_msgs__rosidl_typesupport_fastrtps_c.so
[6.201s] -- Set non-toolchain portion of runtime path of "/home/michael/ros2_ws/mega_prosjekt/src/mekatronikk_mega_prosjekt/install/process_msgs/lib/libprocess_msgs__rosidl_typesupport_fastrtps_c.so" to ""
[6.201s] -- Up-to-date: /home/michael/ros2_ws/mega_prosjekt/src/mekatronikk_mega_prosjekt/install/process_msgs/include/process_msgs/process_msgs
[6.201s] -- Up-to-date: /home/michael/ros2_ws/mega_prosjekt/src/mekatronikk_mega_prosjekt/install/process_msgs/include/process_msgs/process_msgs/msg
[6.201s] -- Installing: /home/michael/ros2_ws/mega_prosjekt/src/mekatronikk_mega_prosjekt/install/process_msgs/include/process_msgs/process_msgs/msg/rosidl_typesupport_introspection_c__visibility_control.h
[6.201s] -- Up-to-date: /home/michael/ros2_ws/mega_prosjekt/src/mekatronikk_mega_prosjekt/install/process_msgs/include/process_msgs/process_msgs/msg/detail
[6.202s] -- Installing: /home/michael/ros2_ws/mega_prosjekt/src/mekatronikk_mega_prosjekt/install/process_msgs/include/process_msgs/process_msgs/msg/detail/scene_state__rosidl_typesupport_introspection_c.h
[6.202s] -- Installing: /home/michael/ros2_ws/mega_prosjekt/src/mekatronikk_mega_prosjekt/install/process_msgs/include/process_msgs/process_msgs/msg/detail/cube_array__type_support.c
[6.202s] -- Installing: /home/michael/ros2_ws/mega_prosjekt/src/mekatronikk_mega_prosjekt/install/process_msgs/include/process_msgs/process_msgs/msg/detail/key_event__type_support.c
[6.202s] -- Installing: /home/michael/ros2_ws/mega_prosjekt/src/mekatronikk_mega_prosjekt/install/process_msgs/include/process_msgs/process_msgs/msg/detail/task__type_support.c
[6.202s] -- Installing: /home/michael/ros2_ws/mega_prosjekt/src/mekatronikk_mega_prosjekt/install/process_msgs/include/process_msgs/process_msgs/msg/detail/task_feedback__rosidl_typesupport_introspection_c.h
[6.202s] -- Installing: /home/michael/ros2_ws/mega_prosjekt/src/mekatronikk_mega_prosjekt/install/process_msgs/include/process_msgs/process_msgs/msg/detail/cube__type_support.c
[6.202s] -- Installing: /home/michael/ros2_ws/mega_prosjekt/src/mekatronikk_mega_prosjekt/install/process_msgs/include/process_msgs/process_msgs/msg/detail/task__rosidl_typesupport_introspection_c.h
[6.202s] -- Installing: /home/michael/ros2_ws/mega_prosjekt/src/mekatronikk_mega_prosjekt/install/process_msgs/include/process_msgs/process_msgs/msg/detail/scene_state__type_support.c
[6.202s] -- Installing: /home/michael/ros2_ws/mega_prosjekt/src/mekatronikk_mega_prosjekt/install/process_msgs/include/process_msgs/process_msgs/msg/detail/cube_array__rosidl_typesupport_introspection_c.h
[6.203s] -- Installing: /home/michael/ros2_ws/mega_prosjekt/src/mekatronikk_mega_prosjekt/install/process_msgs/include/process_msgs/process_msgs/msg/detail/key_event__rosidl_typesupport_introspection_c.h
[6.203s] -- Installing: /home/michael/ros2_ws/mega_prosjekt/src/mekatronikk_mega_prosjekt/install/process_msgs/include/process_msgs/process_msgs/msg/detail/task_feedback__type_support.c
[6.203s] -- Installing: /home/michael/ros2_ws/mega_prosjekt/src/mekatronikk_mega_prosjekt/install/process_msgs/include/process_msgs/process_msgs/msg/detail/cube__rosidl_typesupport_introspection_c.h
[6.203s] -- Up-to-date: /home/michael/ros2_ws/mega_prosjekt/src/mekatronikk_mega_prosjekt/install/process_msgs/include/process_msgs/process_msgs/srv
[6.203s] -- Up-to-date: /home/michael/ros2_ws/mega_prosjekt/src/mekatronikk_mega_prosjekt/install/process_msgs/include/process_msgs/process_msgs/srv/detail
[6.203s] -- Installing: /home/michael/ros2_ws/mega_prosjekt/src/mekatronikk_mega_prosjekt/install/process_msgs/include/process_msgs/process_msgs/srv/detail/get_scene__type_support.c
[6.203s] -- Installing: /home/michael/ros2_ws/mega_prosjekt/src/mekatronikk_mega_prosjekt/install/process_msgs/include/process_msgs/process_msgs/srv/detail/get_scene__rosidl_typesupport_introspection_c.h
[6.203s] -- Installing: /home/michael/ros2_ws/mega_prosjekt/src/mekatronikk_mega_prosjekt/install/process_msgs/lib/libprocess_msgs__rosidl_typesupport_introspection_c.so
[6.203s] -- Set non-toolchain portion of runtime path of "/home/michael/ros2_ws/mega_prosjekt/src/mekatronikk_mega_prosjekt/install/process_msgs/lib/libprocess_msgs__rosidl_typesupport_introspection_c.so" to ""
[6.203s] -- Installing: /home/michael/ros2_ws/mega_prosjekt/src/mekatronikk_mega_prosjekt/install/process_msgs/lib/libprocess_msgs__rosidl_typesupport_c.so
[6.204s] -- Set non-toolchain portion of runtime path of "/home/michael/ros2_ws/mega_prosjekt/src/mekatronikk_mega_prosjekt/install/process_msgs/lib/libprocess_msgs__rosidl_typesupport_c.so" to ""
[6.204s] -- Up-to-date: /home/michael/ros2_ws/mega_prosjekt/src/mekatronikk_mega_prosjekt/install/process_msgs/include/process_msgs/process_msgs
[6.204s] -- Up-to-date: /home/michael/ros2_ws/mega_prosjekt/src/mekatronikk_mega_prosjekt/install/process_msgs/include/process_msgs/process_msgs/msg
[6.204s] -- Installing: /home/michael/ros2_ws/mega_prosjekt/src/mekatronikk_mega_prosjekt/install/process_msgs/include/process_msgs/process_msgs/msg/task.hpp
[6.204s] -- Installing: /home/michael/ros2_ws/mega_prosjekt/src/mekatronikk_mega_prosjekt/install/process_msgs/include/process_msgs/process_msgs/msg/cube.hpp
[6.205s] -- Installing: /home/michael/ros2_ws/mega_prosjekt/src/mekatronikk_mega_prosjekt/install/process_msgs/include/process_msgs/process_msgs/msg/rosidl_generator_cpp__visibility_control.hpp
[6.205s] -- Installing: /home/michael/ros2_ws/mega_prosjekt/src/mekatronikk_mega_prosjekt/install/process_msgs/include/process_msgs/process_msgs/msg/task_feedback.hpp
[6.205s] -- Installing: /home/michael/ros2_ws/mega_prosjekt/src/mekatronikk_mega_prosjekt/install/process_msgs/include/process_msgs/process_msgs/msg/cube_array.hpp
[6.205s] -- Up-to-date: /home/michael/ros2_ws/mega_prosjekt/src/mekatronikk_mega_prosjekt/install/process_msgs/include/process_msgs/process_msgs/msg/detail
[6.205s] -- Installing: /home/michael/ros2_ws/mega_prosjekt/src/mekatronikk_mega_prosjekt/install/process_msgs/include/process_msgs/process_msgs/msg/detail/cube__type_support.hpp
[6.206s] -- Installing: /home/michael/ros2_ws/mega_prosjekt/src/mekatronikk_mega_prosjekt/install/process_msgs/include/process_msgs/process_msgs/msg/detail/cube_array__traits.hpp
[6.206s] -- Installing: /home/michael/ros2_ws/mega_prosjekt/src/mekatronikk_mega_prosjekt/install/process_msgs/include/process_msgs/process_msgs/msg/detail/task__struct.hpp
[6.206s] -- Installing: /home/michael/ros2_ws/mega_prosjekt/src/mekatronikk_mega_prosjekt/install/process_msgs/include/process_msgs/process_msgs/msg/detail/task__traits.hpp
[6.206s] -- Installing: /home/michael/ros2_ws/mega_prosjekt/src/mekatronikk_mega_prosjekt/install/process_msgs/include/process_msgs/process_msgs/msg/detail/task__builder.hpp
[6.207s] -- Installing: /home/michael/ros2_ws/mega_prosjekt/src/mekatronikk_mega_prosjekt/install/process_msgs/include/process_msgs/process_msgs/msg/detail/cube_array__builder.hpp
[6.207s] -- Installing: /home/michael/ros2_ws/mega_prosjekt/src/mekatronikk_mega_prosjekt/install/process_msgs/include/process_msgs/process_msgs/msg/detail/task_feedback__struct.hpp
[6.207s] -- Installing: /home/michael/ros2_ws/mega_prosjekt/src/mekatronikk_mega_prosjekt/install/process_msgs/include/process_msgs/process_msgs/msg/detail/key_event__builder.hpp
[6.207s] -- Installing: /home/michael/ros2_ws/mega_prosjekt/src/mekatronikk_mega_prosjekt/install/process_msgs/include/process_msgs/process_msgs/msg/detail/scene_state__builder.hpp
[6.207s] -- Installing: /home/michael/ros2_ws/mega_prosjekt/src/mekatronikk_mega_prosjekt/install/process_msgs/include/process_msgs/process_msgs/msg/detail/task_feedback__builder.hpp
[6.207s] -- Installing: /home/michael/ros2_ws/mega_prosjekt/src/mekatronikk_mega_prosjekt/install/process_msgs/include/process_msgs/process_msgs/msg/detail/key_event__type_support.hpp
[6.207s] -- Installing: /home/michael/ros2_ws/mega_prosjekt/src/mekatronikk_mega_prosjekt/install/process_msgs/include/process_msgs/process_msgs/msg/detail/scene_state__type_support.hpp
[6.207s] -- Installing: /home/michael/ros2_ws/mega_prosjekt/src/mekatronikk_mega_prosjekt/install/process_msgs/include/process_msgs/process_msgs/msg/detail/scene_state__struct.hpp
[6.208s] -- Installing: /home/michael/ros2_ws/mega_prosjekt/src/mekatronikk_mega_prosjekt/install/process_msgs/include/process_msgs/process_msgs/msg/detail/key_event__struct.hpp
[6.208s] -- Installing: /home/michael/ros2_ws/mega_prosjekt/src/mekatronikk_mega_prosjekt/install/process_msgs/include/process_msgs/process_msgs/msg/detail/cube_array__struct.hpp
[6.209s] -- Installing: /home/michael/ros2_ws/mega_prosjekt/src/mekatronikk_mega_prosjekt/install/process_msgs/include/process_msgs/process_msgs/msg/detail/task__type_support.hpp
[6.209s] -- Installing: /home/michael/ros2_ws/mega_prosjekt/src/mekatronikk_mega_prosjekt/install/process_msgs/include/process_msgs/process_msgs/msg/detail/cube__struct.hpp
[6.209s] -- Installing: /home/michael/ros2_ws/mega_prosjekt/src/mekatronikk_mega_prosjekt/install/process_msgs/include/process_msgs/process_msgs/msg/detail/task_feedback__traits.hpp
[6.209s] -- Installing: /home/michael/ros2_ws/mega_prosjekt/src/mekatronikk_mega_prosjekt/install/process_msgs/include/process_msgs/process_msgs/msg/detail/cube__builder.hpp
[6.209s] -- Installing: /home/michael/ros2_ws/mega_prosjekt/src/mekatronikk_mega_prosjekt/install/process_msgs/include/process_msgs/process_msgs/msg/detail/scene_state__traits.hpp
[6.209s] -- Installing: /home/michael/ros2_ws/mega_prosjekt/src/mekatronikk_mega_prosjekt/install/process_msgs/include/process_msgs/process_msgs/msg/detail/task_feedback__type_support.hpp
[6.209s] -- Installing: /home/michael/ros2_ws/mega_prosjekt/src/mekatronikk_mega_prosjekt/install/process_msgs/include/process_msgs/process_msgs/msg/detail/cube__traits.hpp
[6.209s] -- Installing: /home/michael/ros2_ws/mega_prosjekt/src/mekatronikk_mega_prosjekt/install/process_msgs/include/process_msgs/process_msgs/msg/detail/key_event__traits.hpp
[6.210s] -- Installing: /home/michael/ros2_ws/mega_prosjekt/src/mekatronikk_mega_prosjekt/install/process_msgs/include/process_msgs/process_msgs/msg/detail/cube_array__type_support.hpp
[6.210s] -- Installing: /home/michael/ros2_ws/mega_prosjekt/src/mekatronikk_mega_prosjekt/install/process_msgs/include/process_msgs/process_msgs/msg/scene_state.hpp
[6.210s] -- Installing: /home/michael/ros2_ws/mega_prosjekt/src/mekatronikk_mega_prosjekt/install/process_msgs/include/process_msgs/process_msgs/msg/key_event.hpp
[6.210s] -- Up-to-date: /home/michael/ros2_ws/mega_prosjekt/src/mekatronikk_mega_prosjekt/install/process_msgs/include/process_msgs/process_msgs/srv
[6.210s] -- Up-to-date: /home/michael/ros2_ws/mega_prosjekt/src/mekatronikk_mega_prosjekt/install/process_msgs/include/process_msgs/process_msgs/srv/detail
[6.210s] -- Installing: /home/michael/ros2_ws/mega_prosjekt/src/mekatronikk_mega_prosjekt/install/process_msgs/include/process_msgs/process_msgs/srv/detail/get_scene__struct.hpp
[6.210s] -- Installing: /home/michael/ros2_ws/mega_prosjekt/src/mekatronikk_mega_prosjekt/install/process_msgs/include/process_msgs/process_msgs/srv/detail/get_scene__builder.hpp
[6.210s] -- Installing: /home/michael/ros2_ws/mega_prosjekt/src/mekatronikk_mega_prosjekt/install/process_msgs/include/process_msgs/process_msgs/srv/detail/get_scene__traits.hpp
[6.210s] -- Installing: /home/michael/ros2_ws/mega_prosjekt/src/mekatronikk_mega_prosjekt/install/process_msgs/include/process_msgs/process_msgs/srv/detail/get_scene__type_support.hpp
[6.210s] -- Installing: /home/michael/ros2_ws/mega_prosjekt/src/mekatronikk_mega_prosjekt/install/process_msgs/include/process_msgs/process_msgs/srv/get_scene.hpp
[6.210s] -- Up-to-date: /home/michael/ros2_ws/mega_prosjekt/src/mekatronikk_mega_prosjekt/install/process_msgs/include/process_msgs/process_msgs
[6.210s] -- Up-to-date: /home/michael/ros2_ws/mega_prosjekt/src/mekatronikk_mega_prosjekt/install/process_msgs/include/process_msgs/process_msgs/msg
[6.211s] -- Up-to-date: /home/michael/ros2_ws/mega_prosjekt/src/mekatronikk_mega_prosjekt/install/process_msgs/include/process_msgs/process_msgs/msg/detail
[6.211s] -- Installing: /home/michael/ros2_ws/mega_prosjekt/src/mekatronikk_mega_prosjekt/install/process_msgs/include/process_msgs/process_msgs/msg/detail/task_feedback__rosidl_typesupport_fastrtps_cpp.hpp
[6.211s] -- Installing: /home/michael/ros2_ws/mega_prosjekt/src/mekatronikk_mega_prosjekt/install/process_msgs/include/process_msgs/process_msgs/msg/detail/cube__rosidl_typesupport_fastrtps_cpp.hpp
[6.211s] -- Installing: /home/michael/ros2_ws/mega_prosjekt/src/mekatronikk_mega_prosjekt/install/process_msgs/include/process_msgs/process_msgs/msg/detail/task__rosidl_typesupport_fastrtps_cpp.hpp
[6.211s] -- Installing: /home/michael/ros2_ws/mega_prosjekt/src/mekatronikk_mega_prosjekt/install/process_msgs/include/process_msgs/process_msgs/msg/detail/dds_fastrtps
[6.211s] -- Installing: /home/michael/ros2_ws/mega_prosjekt/src/mekatronikk_mega_prosjekt/install/process_msgs/include/process_msgs/process_msgs/msg/detail/cube_array__rosidl_typesupport_fastrtps_cpp.hpp
[6.211s] -- Installing: /home/michael/ros2_ws/mega_prosjekt/src/mekatronikk_mega_prosjekt/install/process_msgs/include/process_msgs/process_msgs/msg/detail/key_event__rosidl_typesupport_fastrtps_cpp.hpp
[6.211s] -- Installing: /home/michael/ros2_ws/mega_prosjekt/src/mekatronikk_mega_prosjekt/install/process_msgs/include/process_msgs/process_msgs/msg/detail/scene_state__rosidl_typesupport_fastrtps_cpp.hpp
[6.211s] -- Installing: /home/michael/ros2_ws/mega_prosjekt/src/mekatronikk_mega_prosjekt/install/process_msgs/include/process_msgs/process_msgs/msg/rosidl_typesupport_fastrtps_cpp__visibility_control.h
[6.211s] -- Up-to-date: /home/michael/ros2_ws/mega_prosjekt/src/mekatronikk_mega_prosjekt/install/process_msgs/include/process_msgs/process_msgs/srv
[6.211s] -- Up-to-date: /home/michael/ros2_ws/mega_prosjekt/src/mekatronikk_mega_prosjekt/install/process_msgs/include/process_msgs/process_msgs/srv/detail
[6.212s] -- Installing: /home/michael/ros2_ws/mega_prosjekt/src/mekatronikk_mega_prosjekt/install/process_msgs/include/process_msgs/process_msgs/srv/detail/get_scene__rosidl_typesupport_fastrtps_cpp.hpp
[6.212s] -- Installing: /home/michael/ros2_ws/mega_prosjekt/src/mekatronikk_mega_prosjekt/install/process_msgs/include/process_msgs/process_msgs/srv/detail/dds_fastrtps
[6.212s] -- Installing: /home/michael/ros2_ws/mega_prosjekt/src/mekatronikk_mega_prosjekt/install/process_msgs/lib/libprocess_msgs__rosidl_typesupport_fastrtps_cpp.so
[6.212s] -- Set non-toolchain portion of runtime path of "/home/michael/ros2_ws/mega_prosjekt/src/mekatronikk_mega_prosjekt/install/process_msgs/lib/libprocess_msgs__rosidl_typesupport_fastrtps_cpp.so" to ""
[6.212s] -- Up-to-date: /home/michael/ros2_ws/mega_prosjekt/src/mekatronikk_mega_prosjekt/install/process_msgs/include/process_msgs/process_msgs
[6.212s] -- Up-to-date: /home/michael/ros2_ws/mega_prosjekt/src/mekatronikk_mega_prosjekt/install/process_msgs/include/process_msgs/process_msgs/msg
[6.212s] -- Up-to-date: /home/michael/ros2_ws/mega_prosjekt/src/mekatronikk_mega_prosjekt/install/process_msgs/include/process_msgs/process_msgs/msg/detail
[6.212s] -- Installing: /home/michael/ros2_ws/mega_prosjekt/src/mekatronikk_mega_prosjekt/install/process_msgs/include/process_msgs/process_msgs/msg/detail/scene_state__type_support.cpp
[6.212s] -- Installing: /home/michael/ros2_ws/mega_prosjekt/src/mekatronikk_mega_prosjekt/install/process_msgs/include/process_msgs/process_msgs/msg/detail/task_feedback__type_support.cpp
[6.212s] -- Installing: /home/michael/ros2_ws/mega_prosjekt/src/mekatronikk_mega_prosjekt/install/process_msgs/include/process_msgs/process_msgs/msg/detail/cube_array__rosidl_typesupport_introspection_cpp.hpp
[6.213s] -- Installing: /home/michael/ros2_ws/mega_prosjekt/src/mekatronikk_mega_prosjekt/install/process_msgs/include/process_msgs/process_msgs/msg/detail/task__rosidl_typesupport_introspection_cpp.hpp
[6.213s] -- Installing: /home/michael/ros2_ws/mega_prosjekt/src/mekatronikk_mega_prosjekt/install/process_msgs/include/process_msgs/process_msgs/msg/detail/task__type_support.cpp
[6.213s] -- Installing: /home/michael/ros2_ws/mega_prosjekt/src/mekatronikk_mega_prosjekt/install/process_msgs/include/process_msgs/process_msgs/msg/detail/cube__type_support.cpp
[6.213s] -- Installing: /home/michael/ros2_ws/mega_prosjekt/src/mekatronikk_mega_prosjekt/install/process_msgs/include/process_msgs/process_msgs/msg/detail/task_feedback__rosidl_typesupport_introspection_cpp.hpp
[6.213s] -- Installing: /home/michael/ros2_ws/mega_prosjekt/src/mekatronikk_mega_prosjekt/install/process_msgs/include/process_msgs/process_msgs/msg/detail/scene_state__rosidl_typesupport_introspection_cpp.hpp
[6.213s] -- Installing: /home/michael/ros2_ws/mega_prosjekt/src/mekatronikk_mega_prosjekt/install/process_msgs/include/process_msgs/process_msgs/msg/detail/cube_array__type_support.cpp
[6.213s] -- Installing: /home/michael/ros2_ws/mega_prosjekt/src/mekatronikk_mega_prosjekt/install/process_msgs/include/process_msgs/process_msgs/msg/detail/key_event__rosidl_typesupport_introspection_cpp.hpp
[6.213s] -- Installing: /home/michael/ros2_ws/mega_prosjekt/src/mekatronikk_mega_prosjekt/install/process_msgs/include/process_msgs/process_msgs/msg/detail/key_event__type_support.cpp
[6.213s] -- Installing: /home/michael/ros2_ws/mega_prosjekt/src/mekatronikk_mega_prosjekt/install/process_msgs/include/process_msgs/process_msgs/msg/detail/cube__rosidl_typesupport_introspection_cpp.hpp
[6.214s] -- Up-to-date: /home/michael/ros2_ws/mega_prosjekt/src/mekatronikk_mega_prosjekt/install/process_msgs/include/process_msgs/process_msgs/srv
[6.214s] -- Up-to-date: /home/michael/ros2_ws/mega_prosjekt/src/mekatronikk_mega_prosjekt/install/process_msgs/include/process_msgs/process_msgs/srv/detail
[6.214s] -- Installing: /home/michael/ros2_ws/mega_prosjekt/src/mekatronikk_mega_prosjekt/install/process_msgs/include/process_msgs/process_msgs/srv/detail/get_scene__type_support.cpp
[6.214s] -- Installing: /home/michael/ros2_ws/mega_prosjekt/src/mekatronikk_mega_prosjekt/install/process_msgs/include/process_msgs/process_msgs/srv/detail/get_scene__rosidl_typesupport_introspection_cpp.hpp
[6.214s] -- Installing: /home/michael/ros2_ws/mega_prosjekt/src/mekatronikk_mega_prosjekt/install/process_msgs/lib/libprocess_msgs__rosidl_typesupport_introspection_cpp.so
[6.214s] -- Set non-toolchain portion of runtime path of "/home/michael/ros2_ws/mega_prosjekt/src/mekatronikk_mega_prosjekt/install/process_msgs/lib/libprocess_msgs__rosidl_typesupport_introspection_cpp.so" to ""
[6.214s] -- Installing: /home/michael/ros2_ws/mega_prosjekt/src/mekatronikk_mega_prosjekt/install/process_msgs/lib/libprocess_msgs__rosidl_typesupport_cpp.so
[6.214s] -- Set non-toolchain portion of runtime path of "/home/michael/ros2_ws/mega_prosjekt/src/mekatronikk_mega_prosjekt/install/process_msgs/lib/libprocess_msgs__rosidl_typesupport_cpp.so" to ""
[6.214s] -- Installing: /home/michael/ros2_ws/mega_prosjekt/src/mekatronikk_mega_prosjekt/install/process_msgs/share/process_msgs/environment/pythonpath.sh
[6.214s] -- Installing: /home/michael/ros2_ws/mega_prosjekt/src/mekatronikk_mega_prosjekt/install/process_msgs/share/process_msgs/environment/pythonpath.dsv
[6.215s] -- Installing: /home/michael/ros2_ws/mega_prosjekt/src/mekatronikk_mega_prosjekt/install/process_msgs/lib/python3.12/site-packages/process_msgs-0.0.0-py3.12.egg-info
[6.215s] -- Installing: /home/michael/ros2_ws/mega_prosjekt/src/mekatronikk_mega_prosjekt/install/process_msgs/lib/python3.12/site-packages/process_msgs-0.0.0-py3.12.egg-info/PKG-INFO
[6.215s] -- Installing: /home/michael/ros2_ws/mega_prosjekt/src/mekatronikk_mega_prosjekt/install/process_msgs/lib/python3.12/site-packages/process_msgs-0.0.0-py3.12.egg-info/dependency_links.txt
[6.215s] -- Installing: /home/michael/ros2_ws/mega_prosjekt/src/mekatronikk_mega_prosjekt/install/process_msgs/lib/python3.12/site-packages/process_msgs-0.0.0-py3.12.egg-info/SOURCES.txt
[6.215s] -- Installing: /home/michael/ros2_ws/mega_prosjekt/src/mekatronikk_mega_prosjekt/install/process_msgs/lib/python3.12/site-packages/process_msgs-0.0.0-py3.12.egg-info/top_level.txt
[6.215s] -- Installing: /home/michael/ros2_ws/mega_prosjekt/src/mekatronikk_mega_prosjekt/install/process_msgs/lib/python3.12/site-packages/process_msgs
[6.215s] -- Installing: /home/michael/ros2_ws/mega_prosjekt/src/mekatronikk_mega_prosjekt/install/process_msgs/lib/python3.12/site-packages/process_msgs/msg
[6.215s] -- Installing: /home/michael/ros2_ws/mega_prosjekt/src/mekatronikk_mega_prosjekt/install/process_msgs/lib/python3.12/site-packages/process_msgs/msg/_task.py
[6.215s] -- Installing: /home/michael/ros2_ws/mega_prosjekt/src/mekatronikk_mega_prosjekt/install/process_msgs/lib/python3.12/site-packages/process_msgs/msg/_task_feedback_s.c
[6.215s] -- Installing: /home/michael/ros2_ws/mega_prosjekt/src/mekatronikk_mega_prosjekt/install/process_msgs/lib/python3.12/site-packages/process_msgs/msg/_cube_s.c
[6.216s] -- Installing: /home/michael/ros2_ws/mega_prosjekt/src/mekatronikk_mega_prosjekt/install/process_msgs/lib/python3.12/site-packages/process_msgs/msg/_scene_state_s.c
[6.216s] -- Installing: /home/michael/ros2_ws/mega_prosjekt/src/mekatronikk_mega_prosjekt/install/process_msgs/lib/python3.12/site-packages/process_msgs/msg/_task_s.c
[6.216s] -- Installing: /home/michael/ros2_ws/mega_prosjekt/src/mekatronikk_mega_prosjekt/install/process_msgs/lib/python3.12/site-packages/process_msgs/msg/_key_event_s.c
[6.216s] -- Installing: /home/michael/ros2_ws/mega_prosjekt/src/mekatronikk_mega_prosjekt/install/process_msgs/lib/python3.12/site-packages/process_msgs/msg/_scene_state.py
[6.216s] -- Installing: /home/michael/ros2_ws/mega_prosjekt/src/mekatronikk_mega_prosjekt/install/process_msgs/lib/python3.12/site-packages/process_msgs/msg/_task_feedback.py
[6.216s] -- Installing: /home/michael/ros2_ws/mega_prosjekt/src/mekatronikk_mega_prosjekt/install/process_msgs/lib/python3.12/site-packages/process_msgs/msg/_cube_array.py
[6.216s] -- Installing: /home/michael/ros2_ws/mega_prosjekt/src/mekatronikk_mega_prosjekt/install/process_msgs/lib/python3.12/site-packages/process_msgs/msg/_cube_array_s.c
[6.216s] -- Installing: /home/michael/ros2_ws/mega_prosjekt/src/mekatronikk_mega_prosjekt/install/process_msgs/lib/python3.12/site-packages/process_msgs/msg/_key_event.py
[6.216s] -- Installing: /home/michael/ros2_ws/mega_prosjekt/src/mekatronikk_mega_prosjekt/install/process_msgs/lib/python3.12/site-packages/process_msgs/msg/_cube.py
[6.216s] -- Installing: /home/michael/ros2_ws/mega_prosjekt/src/mekatronikk_mega_prosjekt/install/process_msgs/lib/python3.12/site-packages/process_msgs/msg/__init__.py
[6.217s] -- Installing: /home/michael/ros2_ws/mega_prosjekt/src/mekatronikk_mega_prosjekt/install/process_msgs/lib/python3.12/site-packages/process_msgs/process_msgs_s__rosidl_typesupport_c.so
[6.217s] -- Installing: /home/michael/ros2_ws/mega_prosjekt/src/mekatronikk_mega_prosjekt/install/process_msgs/lib/python3.12/site-packages/process_msgs/_process_msgs_s.ep.rosidl_typesupport_c.c
[6.217s] -- Installing: /home/michael/ros2_ws/mega_prosjekt/src/mekatronikk_mega_prosjekt/install/process_msgs/lib/python3.12/site-packages/process_msgs/_process_msgs_s.ep.rosidl_typesupport_introspection_c.c
[6.217s] -- Installing: /home/michael/ros2_ws/mega_prosjekt/src/mekatronikk_mega_prosjekt/install/process_msgs/lib/python3.12/site-packages/process_msgs/_process_msgs_s.ep.rosidl_typesupport_fastrtps_c.c
[6.217s] -- Installing: /home/michael/ros2_ws/mega_prosjekt/src/mekatronikk_mega_prosjekt/install/process_msgs/lib/python3.12/site-packages/process_msgs/process_msgs_s__rosidl_typesupport_introspection_c.so
[6.217s] -- Installing: /home/michael/ros2_ws/mega_prosjekt/src/mekatronikk_mega_prosjekt/install/process_msgs/lib/python3.12/site-packages/process_msgs/process_msgs_s__rosidl_typesupport_fastrtps_c.so
[6.217s] -- Installing: /home/michael/ros2_ws/mega_prosjekt/src/mekatronikk_mega_prosjekt/install/process_msgs/lib/python3.12/site-packages/process_msgs/srv
[6.218s] -- Installing: /home/michael/ros2_ws/mega_prosjekt/src/mekatronikk_mega_prosjekt/install/process_msgs/lib/python3.12/site-packages/process_msgs/srv/_get_scene.py
[6.218s] -- Installing: /home/michael/ros2_ws/mega_prosjekt/src/mekatronikk_mega_prosjekt/install/process_msgs/lib/python3.12/site-packages/process_msgs/srv/__init__.py
[6.218s] -- Installing: /home/michael/ros2_ws/mega_prosjekt/src/mekatronikk_mega_prosjekt/install/process_msgs/lib/python3.12/site-packages/process_msgs/srv/_get_scene_s.c
[6.218s] -- Installing: /home/michael/ros2_ws/mega_prosjekt/src/mekatronikk_mega_prosjekt/install/process_msgs/lib/python3.12/site-packages/process_msgs/__init__.py
[6.290s] Listing '/home/michael/ros2_ws/mega_prosjekt/src/mekatronikk_mega_prosjekt/install/process_msgs/lib/python3.12/site-packages/process_msgs'...
[6.290s] Compiling '/home/michael/ros2_ws/mega_prosjekt/src/mekatronikk_mega_prosjekt/install/process_msgs/lib/python3.12/site-packages/process_msgs/__init__.py'...
[6.291s] Listing '/home/michael/ros2_ws/mega_prosjekt/src/mekatronikk_mega_prosjekt/install/process_msgs/lib/python3.12/site-packages/process_msgs/msg'...
[6.291s] Compiling '/home/michael/ros2_ws/mega_prosjekt/src/mekatronikk_mega_prosjekt/install/process_msgs/lib/python3.12/site-packages/process_msgs/msg/__init__.py'...
[6.291s] Compiling '/home/michael/ros2_ws/mega_prosjekt/src/mekatronikk_mega_prosjekt/install/process_msgs/lib/python3.12/site-packages/process_msgs/msg/_cube.py'...
[6.291s] Compiling '/home/michael/ros2_ws/mega_prosjekt/src/mekatronikk_mega_prosjekt/install/process_msgs/lib/python3.12/site-packages/process_msgs/msg/_cube_array.py'...
[6.291s] Compiling '/home/michael/ros2_ws/mega_prosjekt/src/mekatronikk_mega_prosjekt/install/process_msgs/lib/python3.12/site-packages/process_msgs/msg/_key_event.py'...
[6.291s] Compiling '/home/michael/ros2_ws/mega_prosjekt/src/mekatronikk_mega_prosjekt/install/process_msgs/lib/python3.12/site-packages/process_msgs/msg/_scene_state.py'...
[6.291s] Compiling '/home/michael/ros2_ws/mega_prosjekt/src/mekatronikk_mega_prosjekt/install/process_msgs/lib/python3.12/site-packages/process_msgs/msg/_task.py'...
[6.292s] Compiling '/home/michael/ros2_ws/mega_prosjekt/src/mekatronikk_mega_prosjekt/install/process_msgs/lib/python3.12/site-packages/process_msgs/msg/_task_feedback.py'...
[6.292s] Listing '/home/michael/ros2_ws/mega_prosjekt/src/mekatronikk_mega_prosjekt/install/process_msgs/lib/python3.12/site-packages/process_msgs/srv'...
[6.292s] Compiling '/home/michael/ros2_ws/mega_prosjekt/src/mekatronikk_mega_prosjekt/install/process_msgs/lib/python3.12/site-packages/process_msgs/srv/__init__.py'...
[6.292s] Compiling '/home/michael/ros2_ws/mega_prosjekt/src/mekatronikk_mega_prosjekt/install/process_msgs/lib/python3.12/site-packages/process_msgs/srv/_get_scene.py'...
[6.300s] -- Installing: /home/michael/ros2_ws/mega_prosjekt/src/mekatronikk_mega_prosjekt/install/process_msgs/lib/python3.12/site-packages/process_msgs/process_msgs_s__rosidl_typesupport_fastrtps_c.so
[6.300s] -- Set non-toolchain portion of runtime path of "/home/michael/ros2_ws/mega_prosjekt/src/mekatronikk_mega_prosjekt/install/process_msgs/lib/python3.12/site-packages/process_msgs/process_msgs_s__rosidl_typesupport_fastrtps_c.so" to ""
[6.300s] -- Installing: /home/michael/ros2_ws/mega_prosjekt/src/mekatronikk_mega_prosjekt/install/process_msgs/lib/python3.12/site-packages/process_msgs/process_msgs_s__rosidl_typesupport_introspection_c.so
[6.301s] -- Set non-toolchain portion of runtime path of "/home/michael/ros2_ws/mega_prosjekt/src/mekatronikk_mega_prosjekt/install/process_msgs/lib/python3.12/site-packages/process_msgs/process_msgs_s__rosidl_typesupport_introspection_c.so" to ""
[6.301s] -- Installing: /home/michael/ros2_ws/mega_prosjekt/src/mekatronikk_mega_prosjekt/install/process_msgs/lib/python3.12/site-packages/process_msgs/process_msgs_s__rosidl_typesupport_c.so
[6.301s] -- Set non-toolchain portion of runtime path of "/home/michael/ros2_ws/mega_prosjekt/src/mekatronikk_mega_prosjekt/install/process_msgs/lib/python3.12/site-packages/process_msgs/process_msgs_s__rosidl_typesupport_c.so" to ""
[6.301s] -- Installing: /home/michael/ros2_ws/mega_prosjekt/src/mekatronikk_mega_prosjekt/install/process_msgs/lib/libprocess_msgs__rosidl_generator_py.so
[6.301s] -- Set non-toolchain portion of runtime path of "/home/michael/ros2_ws/mega_prosjekt/src/mekatronikk_mega_prosjekt/install/process_msgs/lib/libprocess_msgs__rosidl_generator_py.so" to ""
[6.302s] -- Installing: /home/michael/ros2_ws/mega_prosjekt/src/mekatronikk_mega_prosjekt/install/process_msgs/share/process_msgs/msg/Cube.idl
[6.302s] -- Installing: /home/michael/ros2_ws/mega_prosjekt/src/mekatronikk_mega_prosjekt/install/process_msgs/share/process_msgs/msg/CubeArray.idl
[6.302s] -- Installing: /home/michael/ros2_ws/mega_prosjekt/src/mekatronikk_mega_prosjekt/install/process_msgs/share/process_msgs/msg/KeyEvent.idl
[6.302s] -- Installing: /home/michael/ros2_ws/mega_prosjekt/src/mekatronikk_mega_prosjekt/install/process_msgs/share/process_msgs/msg/SceneState.idl
[6.302s] -- Installing: /home/michael/ros2_ws/mega_prosjekt/src/mekatronikk_mega_prosjekt/install/process_msgs/share/process_msgs/msg/Task.idl
[6.302s] -- Installing: /home/michael/ros2_ws/mega_prosjekt/src/mekatronikk_mega_prosjekt/install/process_msgs/share/process_msgs/msg/TaskFeedback.idl
[6.302s] -- Installing: /home/michael/ros2_ws/mega_prosjekt/src/mekatronikk_mega_prosjekt/install/process_msgs/share/process_msgs/srv/GetScene.idl
[6.302s] -- Installing: /home/michael/ros2_ws/mega_prosjekt/src/mekatronikk_mega_prosjekt/install/process_msgs/share/process_msgs/msg/Cube.msg
[6.302s] -- Installing: /home/michael/ros2_ws/mega_prosjekt/src/mekatronikk_mega_prosjekt/install/process_msgs/share/process_msgs/msg/CubeArray.msg
[6.303s] -- Installing: /home/michael/ros2_ws/mega_prosjekt/src/mekatronikk_mega_prosjekt/install/process_msgs/share/process_msgs/msg/KeyEvent.msg
[6.303s] -- Installing: /home/michael/ros2_ws/mega_prosjekt/src/mekatronikk_mega_prosjekt/install/process_msgs/share/process_msgs/msg/SceneState.msg
[6.303s] -- Installing: /home/michael/ros2_ws/mega_prosjekt/src/mekatronikk_mega_prosjekt/install/process_msgs/share/process_msgs/msg/Task.msg
[6.303s] -- Installing: /home/michael/ros2_ws/mega_prosjekt/src/mekatronikk_mega_prosjekt/install/process_msgs/share/process_msgs/msg/TaskFeedback.msg
[6.303s] -- Installing: /home/michael/ros2_ws/mega_prosjekt/src/mekatronikk_mega_prosjekt/install/process_msgs/share/process_msgs/srv/GetScene.srv
[6.303s] -- Installing: /home/michael/ros2_ws/mega_prosjekt/src/mekatronikk_mega_prosjekt/install/process_msgs/share/ament_index/resource_index/package_run_dependencies/process_msgs
[6.303s] -- Installing: /home/michael/ros2_ws/mega_prosjekt/src/mekatronikk_mega_prosjekt/install/process_msgs/share/ament_index/resource_index/parent_prefix_path/process_msgs
[6.303s] -- Installing: /home/michael/ros2_ws/mega_prosjekt/src/mekatronikk_mega_prosjekt/install/process_msgs/share/process_msgs/environment/ament_prefix_path.sh
[6.303s] -- Installing: /home/michael/ros2_ws/mega_prosjekt/src/mekatronikk_mega_prosjekt/install/process_msgs/share/process_msgs/environment/ament_prefix_path.dsv
[6.303s] -- Installing: /home/michael/ros2_ws/mega_prosjekt/src/mekatronikk_mega_prosjekt/install/process_msgs/share/process_msgs/environment/path.sh
[6.303s] -- Installing: /home/michael/ros2_ws/mega_prosjekt/src/mekatronikk_mega_prosjekt/install/process_msgs/share/process_msgs/environment/path.dsv
[6.303s] -- Installing: /home/michael/ros2_ws/mega_prosjekt/src/mekatronikk_mega_prosjekt/install/process_msgs/share/process_msgs/local_setup.bash
[6.303s] -- Installing: /home/michael/ros2_ws/mega_prosjekt/src/mekatronikk_mega_prosjekt/install/process_msgs/share/process_msgs/local_setup.sh
[6.304s] -- Installing: /home/michael/ros2_ws/mega_prosjekt/src/mekatronikk_mega_prosjekt/install/process_msgs/share/process_msgs/local_setup.zsh
[6.304s] -- Installing: /home/michael/ros2_ws/mega_prosjekt/src/mekatronikk_mega_prosjekt/install/process_msgs/share/process_msgs/local_setup.dsv
[6.304s] -- Installing: /home/michael/ros2_ws/mega_prosjekt/src/mekatronikk_mega_prosjekt/install/process_msgs/share/process_msgs/package.dsv
[6.304s] -- Installing: /home/michael/ros2_ws/mega_prosjekt/src/mekatronikk_mega_prosjekt/install/process_msgs/share/ament_index/resource_index/packages/process_msgs
[6.304s] -- Installing: /home/michael/ros2_ws/mega_prosjekt/src/mekatronikk_mega_prosjekt/install/process_msgs/share/process_msgs/cmake/export_process_msgs__rosidl_generator_cExport.cmake
[6.304s] -- Installing: /home/michael/ros2_ws/mega_prosjekt/src/mekatronikk_mega_prosjekt/install/process_msgs/share/process_msgs/cmake/export_process_msgs__rosidl_generator_cExport-noconfig.cmake
[6.304s] -- Installing: /home/michael/ros2_ws/mega_prosjekt/src/mekatronikk_mega_prosjekt/install/process_msgs/share/process_msgs/cmake/export_process_msgs__rosidl_typesupport_fastrtps_cExport.cmake
[6.304s] -- Installing: /home/michael/ros2_ws/mega_prosjekt/src/mekatronikk_mega_prosjekt/install/process_msgs/share/process_msgs/cmake/export_process_msgs__rosidl_typesupport_fastrtps_cExport-noconfig.cmake
[6.304s] -- Installing: /home/michael/ros2_ws/mega_prosjekt/src/mekatronikk_mega_prosjekt/install/process_msgs/share/process_msgs/cmake/process_msgs__rosidl_typesupport_introspection_cExport.cmake
[6.304s] -- Installing: /home/michael/ros2_ws/mega_prosjekt/src/mekatronikk_mega_prosjekt/install/process_msgs/share/process_msgs/cmake/process_msgs__rosidl_typesupport_introspection_cExport-noconfig.cmake
[6.304s] -- Installing: /home/michael/ros2_ws/mega_prosjekt/src/mekatronikk_mega_prosjekt/install/process_msgs/share/process_msgs/cmake/process_msgs__rosidl_typesupport_cExport.cmake
[6.305s] -- Installing: /home/michael/ros2_ws/mega_prosjekt/src/mekatronikk_mega_prosjekt/install/process_msgs/share/process_msgs/cmake/process_msgs__rosidl_typesupport_cExport-noconfig.cmake
[6.305s] -- Installing: /home/michael/ros2_ws/mega_prosjekt/src/mekatronikk_mega_prosjekt/install/process_msgs/share/process_msgs/cmake/export_process_msgs__rosidl_generator_cppExport.cmake
[6.305s] -- Installing: /home/michael/ros2_ws/mega_prosjekt/src/mekatronikk_mega_prosjekt/install/process_msgs/share/process_msgs/cmake/export_process_msgs__rosidl_typesupport_fastrtps_cppExport.cmake
[6.305s] -- Installing: /home/michael/ros2_ws/mega_prosjekt/src/mekatronikk_mega_prosjekt/install/process_msgs/share/process_msgs/cmake/export_process_msgs__rosidl_typesupport_fastrtps_cppExport-noconfig.cmake
[6.305s] -- Installing: /home/michael/ros2_ws/mega_prosjekt/src/mekatronikk_mega_prosjekt/install/process_msgs/share/process_msgs/cmake/process_msgs__rosidl_typesupport_introspection_cppExport.cmake
[6.305s] -- Installing: /home/michael/ros2_ws/mega_prosjekt/src/mekatronikk_mega_prosjekt/install/process_msgs/share/process_msgs/cmake/process_msgs__rosidl_typesupport_introspection_cppExport-noconfig.cmake
[6.305s] -- Installing: /home/michael/ros2_ws/mega_prosjekt/src/mekatronikk_mega_prosjekt/install/process_msgs/share/process_msgs/cmake/process_msgs__rosidl_typesupport_cppExport.cmake
[6.305s] -- Installing: /home/michael/ros2_ws/mega_prosjekt/src/mekatronikk_mega_prosjekt/install/process_msgs/share/process_msgs/cmake/process_msgs__rosidl_typesupport_cppExport-noconfig.cmake
[6.306s] -- Installing: /home/michael/ros2_ws/mega_prosjekt/src/mekatronikk_mega_prosjekt/install/process_msgs/share/process_msgs/cmake/export_process_msgs__rosidl_generator_pyExport.cmake
[6.306s] -- Installing: /home/michael/ros2_ws/mega_prosjekt/src/mekatronikk_mega_prosjekt/install/process_msgs/share/process_msgs/cmake/export_process_msgs__rosidl_generator_pyExport-noconfig.cmake
[6.306s] -- Installing: /home/michael/ros2_ws/mega_prosjekt/src/mekatronikk_mega_prosjekt/install/process_msgs/share/process_msgs/cmake/rosidl_cmake-extras.cmake
[6.306s] -- Installing: /home/michael/ros2_ws/mega_prosjekt/src/mekatronikk_mega_prosjekt/install/process_msgs/share/process_msgs/cmake/ament_cmake_export_dependencies-extras.cmake
[6.306s] -- Installing: /home/michael/ros2_ws/mega_prosjekt/src/mekatronikk_mega_prosjekt/install/process_msgs/share/process_msgs/cmake/ament_cmake_export_include_directories-extras.cmake
[6.306s] -- Installing: /home/michael/ros2_ws/mega_prosjekt/src/mekatronikk_mega_prosjekt/install/process_msgs/share/process_msgs/cmake/ament_cmake_export_libraries-extras.cmake
[6.306s] -- Installing: /home/michael/ros2_ws/mega_prosjekt/src/mekatronikk_mega_prosjekt/install/process_msgs/share/process_msgs/cmake/ament_cmake_export_targets-extras.cmake
[6.306s] -- Installing: /home/michael/ros2_ws/mega_prosjekt/src/mekatronikk_mega_prosjekt/install/process_msgs/share/process_msgs/cmake/rosidl_cmake_export_typesupport_targets-extras.cmake
[6.307s] -- Installing: /home/michael/ros2_ws/mega_prosjekt/src/mekatronikk_mega_prosjekt/install/process_msgs/share/process_msgs/cmake/rosidl_cmake_export_typesupport_libraries-extras.cmake
[6.307s] -- Installing: /home/michael/ros2_ws/mega_prosjekt/src/mekatronikk_mega_prosjekt/install/process_msgs/share/process_msgs/cmake/process_msgsConfig.cmake
[6.307s] -- Installing: /home/michael/ros2_ws/mega_prosjekt/src/mekatronikk_mega_prosjekt/install/process_msgs/share/process_msgs/cmake/process_msgsConfig-version.cmake
[6.307s] -- Installing: /home/michael/ros2_ws/mega_prosjekt/src/mekatronikk_mega_prosjekt/install/process_msgs/share/process_msgs/package.xml
[6.310s] Invoked command in '/home/michael/ros2_ws/mega_prosjekt/src/mekatronikk_mega_prosjekt/build/process_msgs' returned '0': CMAKE_PREFIX_PATH=${CMAKE_PREFIX_PATH}:/opt/ros/jazzy DEBUGINFOD_URLS=https://debuginfod.ubuntu.com PS1=(.venv) \[\e]0;\u@\h: \w\a\]${debian_chroot:+($debian_chroot)}\[\033[01;32m\]\u@\h\[\033[00m\]:\[\033[01;34m\]\w\[\033[00m\]\$ VIRTUAL_ENV_PROMPT=(.venv) /usr/bin/cmake --install /home/michael/ros2_ws/mega_prosjekt/src/mekatronikk_mega_prosjekt/build/process_msgs
