[0.160s] DEBUG:colcon:Command line arguments: ['/home/michael/ros2_ws/.venv/bin/colcon', 'build', '--packages-select', 'process_handler']
[0.161s] DEBUG:colcon:Parsed command line arguments: Namespace(log_base=None, log_level=None, verb_name='build', build_base='build', install_base='install', merge_install=False, symlink_install=False, test_result_base=None, continue_on_error=False, executor='parallel', parallel_workers=16, event_handlers=None, ignore_user_meta=False, metas=['./colcon.meta'], base_paths=['.'], packages_ignore=None, packages_ignore_regex=None, paths=None, packages_up_to=None, packages_up_to_regex=None, packages_above=None, packages_above_and_dependencies=None, packages_above_depth=None, packages_select_by_dep=None, packages_skip_by_dep=None, packages_skip_up_to=None, packages_select_build_failed=False, packages_skip_build_finished=False, packages_select_test_failures=False, packages_skip_test_passed=False, packages_select=['process_handler'], packages_skip=None, packages_select_regex=None, packages_skip_regex=None, packages_start=None, packages_end=None, cmake_args=None, cmake_target=None, cmake_target_skip_unavailable=False, cmake_clean_cache=False, cmake_clean_first=False, cmake_force_configure=False, ament_cmake_args=None, catkin_cmake_args=None, catkin_skip_building_tests=False, verb_parser=<colcon_defaults.argument_parser.defaults.DefaultArgumentsDecorator object at 0x72a06226bc50>, verb_extension=<colcon_core.verb.build.BuildVerb object at 0x72a06226b9b0>, main=<bound method BuildVerb.main of <colcon_core.verb.build.BuildVerb object at 0x72a06226b9b0>>)
[0.213s] Level 1:colcon.colcon_core.package_discovery:discover_packages(colcon_meta) check parameters
[0.213s] Level 1:colcon.colcon_core.package_discovery:discover_packages(recursive) check parameters
[0.213s] Level 1:colcon.colcon_core.package_discovery:discover_packages(ignore) check parameters
[0.213s] Level 1:colcon.colcon_core.package_discovery:discover_packages(path) check parameters
[0.213s] Level 1:colcon.colcon_core.package_discovery:discover_packages(colcon_meta) discover
[0.214s] Level 1:colcon.colcon_core.package_discovery:discover_packages(recursive) discover
[0.214s] INFO:colcon.colcon_core.package_discovery:Crawling recursively for packages in '/home/michael/ros2_ws/mega_prosjekt/src/mekatronikk_mega_prosjekt'
[0.214s] Level 1:colcon.colcon_core.package_identification:_identify(.) by extensions ['ignore', 'ignore_ament_install']
[0.214s] Level 1:colcon.colcon_core.package_identification:_identify(.) by extension 'ignore'
[0.214s] Level 1:colcon.colcon_core.package_identification:_identify(.) by extension 'ignore_ament_install'
[0.214s] Level 1:colcon.colcon_core.package_identification:_identify(.) by extensions ['colcon_pkg']
[0.214s] Level 1:colcon.colcon_core.package_identification:_identify(.) by extension 'colcon_pkg'
[0.214s] Level 1:colcon.colcon_core.package_identification:_identify(.) by extensions ['colcon_meta']
[0.214s] Level 1:colcon.colcon_core.package_identification:_identify(.) by extension 'colcon_meta'
[0.214s] Level 1:colcon.colcon_core.package_identification:_identify(.) by extensions ['ros']
[0.214s] Level 1:colcon.colcon_core.package_identification:_identify(.) by extension 'ros'
[0.265s] Level 1:colcon.colcon_core.package_identification:_identify(.) by extensions ['cmake', 'python']
[0.265s] Level 1:colcon.colcon_core.package_identification:_identify(.) by extension 'cmake'
[0.265s] Level 1:colcon.colcon_core.package_identification:_identify(.) by extension 'python'
[0.265s] Level 1:colcon.colcon_core.package_identification:_identify(.) by extensions ['python_setup_py']
[0.265s] Level 1:colcon.colcon_core.package_identification:_identify(.) by extension 'python_setup_py'
[0.265s] Level 1:colcon.colcon_core.package_identification:_identify(bringup_robot) by extensions ['ignore', 'ignore_ament_install']
[0.265s] Level 1:colcon.colcon_core.package_identification:_identify(bringup_robot) by extension 'ignore'
[0.265s] Level 1:colcon.colcon_core.package_identification:_identify(bringup_robot) by extension 'ignore_ament_install'
[0.266s] Level 1:colcon.colcon_core.package_identification:_identify(bringup_robot) by extensions ['colcon_pkg']
[0.266s] Level 1:colcon.colcon_core.package_identification:_identify(bringup_robot) by extension 'colcon_pkg'
[0.266s] Level 1:colcon.colcon_core.package_identification:_identify(bringup_robot) by extensions ['colcon_meta']
[0.266s] Level 1:colcon.colcon_core.package_identification:_identify(bringup_robot) by extension 'colcon_meta'
[0.266s] Level 1:colcon.colcon_core.package_identification:_identify(bringup_robot) by extensions ['ros']
[0.266s] Level 1:colcon.colcon_core.package_identification:_identify(bringup_robot) by extension 'ros'
[0.272s] DEBUG:colcon.colcon_core.package_identification:Package 'bringup_robot' with type 'ros.ament_python' and name 'bringup_robot'
[0.272s] Level 1:colcon.colcon_core.package_identification:_identify(build) by extensions ['ignore', 'ignore_ament_install']
[0.272s] Level 1:colcon.colcon_core.package_identification:_identify(build) by extension 'ignore'
[0.272s] Level 1:colcon.colcon_core.package_identification:_identify(build) ignored
[0.272s] Level 1:colcon.colcon_core.package_identification:_identify(camera_processor) by extensions ['ignore', 'ignore_ament_install']
[0.272s] Level 1:colcon.colcon_core.package_identification:_identify(camera_processor) by extension 'ignore'
[0.273s] Level 1:colcon.colcon_core.package_identification:_identify(camera_processor) by extension 'ignore_ament_install'
[0.273s] Level 1:colcon.colcon_core.package_identification:_identify(camera_processor) by extensions ['colcon_pkg']
[0.273s] Level 1:colcon.colcon_core.package_identification:_identify(camera_processor) by extension 'colcon_pkg'
[0.273s] Level 1:colcon.colcon_core.package_identification:_identify(camera_processor) by extensions ['colcon_meta']
[0.273s] Level 1:colcon.colcon_core.package_identification:_identify(camera_processor) by extension 'colcon_meta'
[0.273s] Level 1:colcon.colcon_core.package_identification:_identify(camera_processor) by extensions ['ros']
[0.273s] Level 1:colcon.colcon_core.package_identification:_identify(camera_processor) by extension 'ros'
[0.274s] DEBUG:colcon.colcon_core.package_identification:Package 'camera_processor' with type 'ros.ament_python' and name 'camera_processor'
[0.274s] Level 1:colcon.colcon_core.package_identification:_identify(input_handler) by extensions ['ignore', 'ignore_ament_install']
[0.274s] Level 1:colcon.colcon_core.package_identification:_identify(input_handler) by extension 'ignore'
[0.274s] Level 1:colcon.colcon_core.package_identification:_identify(input_handler) by extension 'ignore_ament_install'
[0.274s] Level 1:colcon.colcon_core.package_identification:_identify(input_handler) by extensions ['colcon_pkg']
[0.275s] Level 1:colcon.colcon_core.package_identification:_identify(input_handler) by extension 'colcon_pkg'
[0.275s] Level 1:colcon.colcon_core.package_identification:_identify(input_handler) by extensions ['colcon_meta']
[0.275s] Level 1:colcon.colcon_core.package_identification:_identify(input_handler) by extension 'colcon_meta'
[0.275s] Level 1:colcon.colcon_core.package_identification:_identify(input_handler) by extensions ['ros']
[0.275s] Level 1:colcon.colcon_core.package_identification:_identify(input_handler) by extension 'ros'
[0.276s] DEBUG:colcon.colcon_core.package_identification:Package 'input_handler' with type 'ros.ament_python' and name 'input_handler'
[0.276s] Level 1:colcon.colcon_core.package_identification:_identify(install) by extensions ['ignore', 'ignore_ament_install']
[0.276s] Level 1:colcon.colcon_core.package_identification:_identify(install) by extension 'ignore'
[0.276s] Level 1:colcon.colcon_core.package_identification:_identify(install) ignored
[0.276s] Level 1:colcon.colcon_core.package_identification:_identify(log) by extensions ['ignore', 'ignore_ament_install']
[0.276s] Level 1:colcon.colcon_core.package_identification:_identify(log) by extension 'ignore'
[0.276s] Level 1:colcon.colcon_core.package_identification:_identify(log) ignored
[0.276s] Level 1:colcon.colcon_core.package_identification:_identify(process_handler) by extensions ['ignore', 'ignore_ament_install']
[0.277s] Level 1:colcon.colcon_core.package_identification:_identify(process_handler) by extension 'ignore'
[0.277s] Level 1:colcon.colcon_core.package_identification:_identify(process_handler) by extension 'ignore_ament_install'
[0.277s] Level 1:colcon.colcon_core.package_identification:_identify(process_handler) by extensions ['colcon_pkg']
[0.277s] Level 1:colcon.colcon_core.package_identification:_identify(process_handler) by extension 'colcon_pkg'
[0.277s] Level 1:colcon.colcon_core.package_identification:_identify(process_handler) by extensions ['colcon_meta']
[0.277s] Level 1:colcon.colcon_core.package_identification:_identify(process_handler) by extension 'colcon_meta'
[0.277s] Level 1:colcon.colcon_core.package_identification:_identify(process_handler) by extensions ['ros']
[0.277s] Level 1:colcon.colcon_core.package_identification:_identify(process_handler) by extension 'ros'
[0.278s] DEBUG:colcon.colcon_core.package_identification:Package 'process_handler' with type 'ros.ament_python' and name 'process_handler'
[0.278s] Level 1:colcon.colcon_core.package_identification:_identify(process_msgs) by extensions ['ignore', 'ignore_ament_install']
[0.278s] Level 1:colcon.colcon_core.package_identification:_identify(process_msgs) by extension 'ignore'
[0.278s] Level 1:colcon.colcon_core.package_identification:_identify(process_msgs) by extension 'ignore_ament_install'
[0.278s] Level 1:colcon.colcon_core.package_identification:_identify(process_msgs) by extensions ['colcon_pkg']
[0.278s] Level 1:colcon.colcon_core.package_identification:_identify(process_msgs) by extension 'colcon_pkg'
[0.278s] Level 1:colcon.colcon_core.package_identification:_identify(process_msgs) by extensions ['colcon_meta']
[0.278s] Level 1:colcon.colcon_core.package_identification:_identify(process_msgs) by extension 'colcon_meta'
[0.279s] Level 1:colcon.colcon_core.package_identification:_identify(process_msgs) by extensions ['ros']
[0.279s] Level 1:colcon.colcon_core.package_identification:_identify(process_msgs) by extension 'ros'
[0.280s] DEBUG:colcon.colcon_core.package_identification:Package 'process_msgs' with type 'ros.ament_cmake' and name 'process_msgs'
[0.280s] Level 1:colcon.colcon_core.package_identification:_identify(robot_controller) by extensions ['ignore', 'ignore_ament_install']
[0.280s] Level 1:colcon.colcon_core.package_identification:_identify(robot_controller) by extension 'ignore'
[0.280s] Level 1:colcon.colcon_core.package_identification:_identify(robot_controller) by extension 'ignore_ament_install'
[0.280s] Level 1:colcon.colcon_core.package_identification:_identify(robot_controller) by extensions ['colcon_pkg']
[0.280s] Level 1:colcon.colcon_core.package_identification:_identify(robot_controller) by extension 'colcon_pkg'
[0.280s] Level 1:colcon.colcon_core.package_identification:_identify(robot_controller) by extensions ['colcon_meta']
[0.280s] Level 1:colcon.colcon_core.package_identification:_identify(robot_controller) by extension 'colcon_meta'
[0.280s] Level 1:colcon.colcon_core.package_identification:_identify(robot_controller) by extensions ['ros']
[0.280s] Level 1:colcon.colcon_core.package_identification:_identify(robot_controller) by extension 'ros'
[0.281s] DEBUG:colcon.colcon_core.package_identification:Package 'robot_controller' with type 'ros.ament_cmake' and name 'robot_controller'
[0.281s] Level 1:colcon.colcon_core.package_identification:_identify(scene_handler) by extensions ['ignore', 'ignore_ament_install']
[0.282s] Level 1:colcon.colcon_core.package_identification:_identify(scene_handler) by extension 'ignore'
[0.282s] Level 1:colcon.colcon_core.package_identification:_identify(scene_handler) by extension 'ignore_ament_install'
[0.282s] Level 1:colcon.colcon_core.package_identification:_identify(scene_handler) by extensions ['colcon_pkg']
[0.282s] Level 1:colcon.colcon_core.package_identification:_identify(scene_handler) by extension 'colcon_pkg'
[0.282s] Level 1:colcon.colcon_core.package_identification:_identify(scene_handler) by extensions ['colcon_meta']
[0.282s] Level 1:colcon.colcon_core.package_identification:_identify(scene_handler) by extension 'colcon_meta'
[0.282s] Level 1:colcon.colcon_core.package_identification:_identify(scene_handler) by extensions ['ros']
[0.282s] Level 1:colcon.colcon_core.package_identification:_identify(scene_handler) by extension 'ros'
[0.283s] DEBUG:colcon.colcon_core.package_identification:Package 'scene_handler' with type 'ros.ament_cmake' and name 'scene_handler'
[0.283s] Level 1:colcon.colcon_core.package_discovery:discover_packages(recursive) using defaults
[0.284s] Level 1:colcon.colcon_core.package_discovery:discover_packages(ignore) discover
[0.284s] Level 1:colcon.colcon_core.package_discovery:discover_packages(ignore) using defaults
[0.284s] Level 1:colcon.colcon_core.package_discovery:discover_packages(path) discover
[0.284s] Level 1:colcon.colcon_core.package_discovery:discover_packages(path) using defaults
[0.313s] INFO:colcon.colcon_core.package_selection:Skipping not selected package 'bringup_robot' in 'bringup_robot'
[0.314s] INFO:colcon.colcon_core.package_selection:Skipping not selected package 'camera_processor' in 'camera_processor'
[0.314s] INFO:colcon.colcon_core.package_selection:Skipping not selected package 'input_handler' in 'input_handler'
[0.314s] INFO:colcon.colcon_core.package_selection:Skipping not selected package 'process_msgs' in 'process_msgs'
[0.314s] INFO:colcon.colcon_core.package_selection:Skipping not selected package 'robot_controller' in 'robot_controller'
[0.314s] INFO:colcon.colcon_core.package_selection:Skipping not selected package 'scene_handler' in 'scene_handler'
[0.314s] Level 5:colcon.colcon_core.verb:set package 'process_handler' build argument 'cmake_args' from command line to 'None'
[0.314s] Level 5:colcon.colcon_core.verb:set package 'process_handler' build argument 'cmake_target' from command line to 'None'
[0.315s] Level 5:colcon.colcon_core.verb:set package 'process_handler' build argument 'cmake_target_skip_unavailable' from command line to 'False'
[0.315s] Level 5:colcon.colcon_core.verb:set package 'process_handler' build argument 'cmake_clean_cache' from command line to 'False'
[0.315s] Level 5:colcon.colcon_core.verb:set package 'process_handler' build argument 'cmake_clean_first' from command line to 'False'
[0.315s] Level 5:colcon.colcon_core.verb:set package 'process_handler' build argument 'cmake_force_configure' from command line to 'False'
[0.315s] Level 5:colcon.colcon_core.verb:set package 'process_handler' build argument 'ament_cmake_args' from command line to 'None'
[0.315s] Level 5:colcon.colcon_core.verb:set package 'process_handler' build argument 'catkin_cmake_args' from command line to 'None'
[0.315s] Level 5:colcon.colcon_core.verb:set package 'process_handler' build argument 'catkin_skip_building_tests' from command line to 'False'
[0.315s] DEBUG:colcon.colcon_core.verb:Building package 'process_handler' with the following arguments: {'ament_cmake_args': None, 'build_base': '/home/michael/ros2_ws/mega_prosjekt/src/mekatronikk_mega_prosjekt/build/process_handler', 'catkin_cmake_args': None, 'catkin_skip_building_tests': False, 'cmake_args': None, 'cmake_clean_cache': False, 'cmake_clean_first': False, 'cmake_force_configure': False, 'cmake_target': None, 'cmake_target_skip_unavailable': False, 'install_base': '/home/michael/ros2_ws/mega_prosjekt/src/mekatronikk_mega_prosjekt/install/process_handler', 'merge_install': False, 'path': '/home/michael/ros2_ws/mega_prosjekt/src/mekatronikk_mega_prosjekt/process_handler', 'symlink_install': False, 'test_result_base': None}
[0.315s] INFO:colcon.colcon_core.executor:Executing jobs using 'parallel' executor
[0.317s] DEBUG:colcon.colcon_parallel_executor.executor.parallel:run_until_complete
[0.317s] INFO:colcon.colcon_ros.task.ament_python.build:Building ROS package in '/home/michael/ros2_ws/mega_prosjekt/src/mekatronikk_mega_prosjekt/process_handler' with build type 'ament_python'
[0.317s] Level 1:colcon.colcon_core.shell:create_environment_hook('process_handler', 'ament_prefix_path')
[0.321s] INFO:colcon.colcon_core.plugin_system:Skipping extension 'colcon_core.shell.bat': Not used on non-Windows systems
[0.321s] INFO:colcon.colcon_core.shell:Creating environment hook '/home/michael/ros2_ws/mega_prosjekt/src/mekatronikk_mega_prosjekt/install/process_handler/share/process_handler/hook/ament_prefix_path.ps1'
[0.323s] INFO:colcon.colcon_core.shell:Creating environment descriptor '/home/michael/ros2_ws/mega_prosjekt/src/mekatronikk_mega_prosjekt/install/process_handler/share/process_handler/hook/ament_prefix_path.dsv'
[0.325s] INFO:colcon.colcon_core.shell:Creating environment hook '/home/michael/ros2_ws/mega_prosjekt/src/mekatronikk_mega_prosjekt/install/process_handler/share/process_handler/hook/ament_prefix_path.sh'
[0.327s] INFO:colcon.colcon_core.shell:Skip shell extension 'powershell' for command environment: Not usable outside of PowerShell
[0.327s] DEBUG:colcon.colcon_core.shell:Skip shell extension 'dsv' for command environment
[0.643s] INFO:colcon.colcon_core.task.python.build:Building Python package in '/home/michael/ros2_ws/mega_prosjekt/src/mekatronikk_mega_prosjekt/process_handler'
[0.643s] INFO:colcon.colcon_core.shell:Skip shell extension 'powershell' for command environment: Not usable outside of PowerShell
[0.643s] DEBUG:colcon.colcon_core.shell:Skip shell extension 'dsv' for command environment
[1.131s] DEBUG:colcon.colcon_core.event_handler.log_command:Invoking command in '/home/michael/ros2_ws/mega_prosjekt/src/mekatronikk_mega_prosjekt/process_handler': DEBUGINFOD_URLS=https://debuginfod.ubuntu.com PS1=(.venv) \[\e]0;\u@\h: \w\a\]${debian_chroot:+($debian_chroot)}\[\033[01;32m\]\u@\h\[\033[00m\]:\[\033[01;34m\]\w\[\033[00m\]\$ PYTHONPATH=/home/michael/ros2_ws/mega_prosjekt/src/mekatronikk_mega_prosjekt/build/process_handler/prefix_override:/home/michael/ros2_ws/.venv/lib/python3.12/site-packages/colcon_core/task/python/colcon_distutils_commands:/home/michael/ros2_ws/mega_prosjekt/src/mekatronikk_mega_prosjekt/install/process_handler/lib/python3.12/site-packages:${PYTHONPATH} VIRTUAL_ENV_PROMPT=(.venv) /home/michael/ros2_ws/.venv/bin/python3.12 -W ignore:setup.py install is deprecated -W ignore:easy_install command is deprecated setup.py egg_info --egg-base ../build/process_handler build --build-base /home/michael/ros2_ws/mega_prosjekt/src/mekatronikk_mega_prosjekt/build/process_handler/build install --record /home/michael/ros2_ws/mega_prosjekt/src/mekatronikk_mega_prosjekt/build/process_handler/install.log --single-version-externally-managed install_data
[1.601s] DEBUG:colcon.colcon_core.event_handler.log_command:Invoked command in '/home/michael/ros2_ws/mega_prosjekt/src/mekatronikk_mega_prosjekt/process_handler' returned '0': DEBUGINFOD_URLS=https://debuginfod.ubuntu.com PS1=(.venv) \[\e]0;\u@\h: \w\a\]${debian_chroot:+($debian_chroot)}\[\033[01;32m\]\u@\h\[\033[00m\]:\[\033[01;34m\]\w\[\033[00m\]\$ PYTHONPATH=/home/michael/ros2_ws/mega_prosjekt/src/mekatronikk_mega_prosjekt/build/process_handler/prefix_override:/home/michael/ros2_ws/.venv/lib/python3.12/site-packages/colcon_core/task/python/colcon_distutils_commands:/home/michael/ros2_ws/mega_prosjekt/src/mekatronikk_mega_prosjekt/install/process_handler/lib/python3.12/site-packages:${PYTHONPATH} VIRTUAL_ENV_PROMPT=(.venv) /home/michael/ros2_ws/.venv/bin/python3.12 -W ignore:setup.py install is deprecated -W ignore:easy_install command is deprecated setup.py egg_info --egg-base ../build/process_handler build --build-base /home/michael/ros2_ws/mega_prosjekt/src/mekatronikk_mega_prosjekt/build/process_handler/build install --record /home/michael/ros2_ws/mega_prosjekt/src/mekatronikk_mega_prosjekt/build/process_handler/install.log --single-version-externally-managed install_data
[1.603s] Level 1:colcon.colcon_core.environment:checking '/home/michael/ros2_ws/mega_prosjekt/src/mekatronikk_mega_prosjekt/install/process_handler' for CMake module files
[1.604s] Level 1:colcon.colcon_core.environment:checking '/home/michael/ros2_ws/mega_prosjekt/src/mekatronikk_mega_prosjekt/install/process_handler' for CMake config files
[1.605s] Level 1:colcon.colcon_core.environment:checking '/home/michael/ros2_ws/mega_prosjekt/src/mekatronikk_mega_prosjekt/install/process_handler/lib'
[1.605s] Level 1:colcon.colcon_core.environment:checking '/home/michael/ros2_ws/mega_prosjekt/src/mekatronikk_mega_prosjekt/install/process_handler/bin'
[1.605s] Level 1:colcon.colcon_core.environment:checking '/home/michael/ros2_ws/mega_prosjekt/src/mekatronikk_mega_prosjekt/install/process_handler/lib/pkgconfig/process_handler.pc'
[1.605s] Level 1:colcon.colcon_core.environment:checking '/home/michael/ros2_ws/mega_prosjekt/src/mekatronikk_mega_prosjekt/install/process_handler/lib/python3.12/site-packages'
[1.605s] Level 1:colcon.colcon_core.shell:create_environment_hook('process_handler', 'pythonpath')
[1.606s] INFO:colcon.colcon_core.shell:Creating environment hook '/home/michael/ros2_ws/mega_prosjekt/src/mekatronikk_mega_prosjekt/install/process_handler/share/process_handler/hook/pythonpath.ps1'
[1.606s] INFO:colcon.colcon_core.shell:Creating environment descriptor '/home/michael/ros2_ws/mega_prosjekt/src/mekatronikk_mega_prosjekt/install/process_handler/share/process_handler/hook/pythonpath.dsv'
[1.607s] INFO:colcon.colcon_core.shell:Creating environment hook '/home/michael/ros2_ws/mega_prosjekt/src/mekatronikk_mega_prosjekt/install/process_handler/share/process_handler/hook/pythonpath.sh'
[1.608s] Level 1:colcon.colcon_core.environment:checking '/home/michael/ros2_ws/mega_prosjekt/src/mekatronikk_mega_prosjekt/install/process_handler/bin'
[1.608s] Level 1:colcon.colcon_core.environment:create_environment_scripts_only(process_handler)
[1.608s] INFO:colcon.colcon_core.shell:Creating package script '/home/michael/ros2_ws/mega_prosjekt/src/mekatronikk_mega_prosjekt/install/process_handler/share/process_handler/package.ps1'
[1.610s] INFO:colcon.colcon_core.shell:Creating package descriptor '/home/michael/ros2_ws/mega_prosjekt/src/mekatronikk_mega_prosjekt/install/process_handler/share/process_handler/package.dsv'
[1.611s] INFO:colcon.colcon_core.shell:Creating package script '/home/michael/ros2_ws/mega_prosjekt/src/mekatronikk_mega_prosjekt/install/process_handler/share/process_handler/package.sh'
[1.612s] INFO:colcon.colcon_core.shell:Creating package script '/home/michael/ros2_ws/mega_prosjekt/src/mekatronikk_mega_prosjekt/install/process_handler/share/process_handler/package.bash'
[1.614s] INFO:colcon.colcon_core.shell:Creating package script '/home/michael/ros2_ws/mega_prosjekt/src/mekatronikk_mega_prosjekt/install/process_handler/share/process_handler/package.zsh'
[1.615s] Level 1:colcon.colcon_core.environment:create_file_with_runtime_dependencies(/home/michael/ros2_ws/mega_prosjekt/src/mekatronikk_mega_prosjekt/install/process_handler/share/colcon-core/packages/process_handler)
[1.615s] DEBUG:colcon.colcon_parallel_executor.executor.parallel:closing loop
[1.616s] DEBUG:colcon.colcon_parallel_executor.executor.parallel:loop closed
[1.616s] DEBUG:colcon.colcon_parallel_executor.executor.parallel:run_until_complete finished with '0'
[1.616s] DEBUG:colcon.colcon_core.event_reactor:joining thread
[1.619s] INFO:colcon.colcon_core.plugin_system:Skipping extension 'colcon_notification.desktop_notification.notify2': 'notify2' not found
[1.619s] INFO:colcon.colcon_core.plugin_system:Skipping extension 'colcon_notification.desktop_notification.terminal_notifier': Not used on non-Darwin systems
[1.619s] INFO:colcon.colcon_core.plugin_system:Skipping extension 'colcon_notification.desktop_notification.win32': Not used on non-Windows systems
[1.620s] INFO:colcon.colcon_notification.desktop_notification:Sending desktop notification using 'notify_send'
[1.661s] DEBUG:colcon.colcon_core.event_reactor:joined thread
[1.662s] INFO:colcon.colcon_core.shell:Creating prefix script '/home/michael/ros2_ws/mega_prosjekt/src/mekatronikk_mega_prosjekt/install/local_setup.ps1'
[1.664s] INFO:colcon.colcon_core.shell:Creating prefix util module '/home/michael/ros2_ws/mega_prosjekt/src/mekatronikk_mega_prosjekt/install/_local_setup_util_ps1.py'
[1.667s] INFO:colcon.colcon_core.shell:Creating prefix chain script '/home/michael/ros2_ws/mega_prosjekt/src/mekatronikk_mega_prosjekt/install/setup.ps1'
[1.669s] INFO:colcon.colcon_core.shell:Creating prefix script '/home/michael/ros2_ws/mega_prosjekt/src/mekatronikk_mega_prosjekt/install/local_setup.sh'
[1.671s] INFO:colcon.colcon_core.shell:Creating prefix util module '/home/michael/ros2_ws/mega_prosjekt/src/mekatronikk_mega_prosjekt/install/_local_setup_util_sh.py'
[1.672s] INFO:colcon.colcon_core.shell:Creating prefix chain script '/home/michael/ros2_ws/mega_prosjekt/src/mekatronikk_mega_prosjekt/install/setup.sh'
[1.675s] INFO:colcon.colcon_core.shell:Creating prefix script '/home/michael/ros2_ws/mega_prosjekt/src/mekatronikk_mega_prosjekt/install/local_setup.bash'
[1.676s] INFO:colcon.colcon_core.shell:Creating prefix chain script '/home/michael/ros2_ws/mega_prosjekt/src/mekatronikk_mega_prosjekt/install/setup.bash'
[1.678s] INFO:colcon.colcon_core.shell:Creating prefix script '/home/michael/ros2_ws/mega_prosjekt/src/mekatronikk_mega_prosjekt/install/local_setup.zsh'
[1.679s] INFO:colcon.colcon_core.shell:Creating prefix chain script '/home/michael/ros2_ws/mega_prosjekt/src/mekatronikk_mega_prosjekt/install/setup.zsh'
