/home/michael/ros2_ws/.venv/lib/python3.12/site-packages/setuptools/_distutils/dist.py:289: UserWarning: Unknown distribution option: 'tests_require'
  warnings.warn(msg)
running egg_info
writing ../build/usb_cam/usb_cam.egg-info/PKG-INFO
writing dependency_links to ../build/usb_cam/usb_cam.egg-info/dependency_links.txt
writing requirements to ../build/usb_cam/usb_cam.egg-info/requires.txt
writing top-level names to ../build/usb_cam/usb_cam.egg-info/top_level.txt
reading manifest file '../build/usb_cam/usb_cam.egg-info/SOURCES.txt'
writing manifest file '../build/usb_cam/usb_cam.egg-info/SOURCES.txt'
running build
running build_py
copying usb_cam/camera_begin.py -> /home/michael/ros2_ws/mega_prosjekt/src/mekatronikk_mega_prosjekt/build/usb_cam/build/lib/usb_cam
copying usb_cam/__init__.py -> /home/michael/ros2_ws/mega_prosjekt/src/mekatronikk_mega_prosjekt/build/usb_cam/build/lib/usb_cam
running install
running install_lib
running install_data
copying resource/usb_cam -> /home/michael/ros2_ws/mega_prosjekt/src/mekatronikk_mega_prosjekt/install/usb_cam/share/ament_index/resource_index/packages
copying package.xml -> /home/michael/ros2_ws/mega_prosjekt/src/mekatronikk_mega_prosjekt/install/usb_cam/share/usb_cam
running install_egg_info
removing '/home/michael/ros2_ws/mega_prosjekt/src/mekatronikk_mega_prosjekt/install/usb_cam/lib/python3.12/site-packages/usb_cam-0.0.0-py3.12.egg-info' (and everything under it)
Copying ../build/usb_cam/usb_cam.egg-info to /home/michael/ros2_ws/mega_prosjekt/src/mekatronikk_mega_prosjekt/install/usb_cam/lib/python3.12/site-packages/usb_cam-0.0.0-py3.12.egg-info
running install_scripts
writing list of installed files to '/home/michael/ros2_ws/mega_prosjekt/src/mekatronikk_mega_prosjekt/build/usb_cam/install.log'
