[1.905s] Invoking command in '/home/michael/ros2_ws/mega_prosjekt/src/mekatronikk_mega_prosjekt/process_handler': DEBUGINFOD_URLS=https://debuginfod.ubuntu.com PS1=(.venv) \[\e]0;\u@\h: \w\a\]${debian_chroot:+($debian_chroot)}\[\033[01;32m\]\u@\h\[\033[00m\]:\[\033[01;34m\]\w\[\033[00m\]\$ PYTHONPATH=/home/michael/ros2_ws/mega_prosjekt/src/mekatronikk_mega_prosjekt/build/process_handler/prefix_override:/home/michael/ros2_ws/.venv/lib/python3.12/site-packages/colcon_core/task/python/colcon_distutils_commands:/home/michael/ros2_ws/mega_prosjekt/src/mekatronikk_mega_prosjekt/install/process_handler/lib/python3.12/site-packages:${PYTHONPATH} VIRTUAL_ENV_PROMPT=(.venv) /home/michael/ros2_ws/.venv/bin/python3.12 -W ignore:setup.py install is deprecated -W ignore:easy_install command is deprecated setup.py egg_info --egg-base ../build/process_handler build --build-base /home/michael/ros2_ws/mega_prosjekt/src/mekatronikk_mega_prosjekt/build/process_handler/build install --record /home/michael/ros2_ws/mega_prosjekt/src/mekatronikk_mega_prosjekt/build/process_handler/install.log --single-version-externally-managed install_data
[2.104s] /home/michael/ros2_ws/.venv/lib/python3.12/site-packages/setuptools/_distutils/dist.py:289: UserWarning: Unknown distribution option: 'tests_require'
[2.104s]   warnings.warn(msg)
[2.204s] running egg_info
[2.219s] creating ../build/process_handler/process_handler.egg-info
[2.219s] writing ../build/process_handler/process_handler.egg-info/PKG-INFO
[2.220s] writing dependency_links to ../build/process_handler/process_handler.egg-info/dependency_links.txt
[2.220s] writing entry points to ../build/process_handler/process_handler.egg-info/entry_points.txt
[2.220s] writing requirements to ../build/process_handler/process_handler.egg-info/requires.txt
[2.220s] writing top-level names to ../build/process_handler/process_handler.egg-info/top_level.txt
[2.220s] writing manifest file '../build/process_handler/process_handler.egg-info/SOURCES.txt'
[2.254s] reading manifest file '../build/process_handler/process_handler.egg-info/SOURCES.txt'
[2.255s] writing manifest file '../build/process_handler/process_handler.egg-info/SOURCES.txt'
[2.255s] running build
[2.255s] running build_py
[2.255s] creating /home/michael/ros2_ws/mega_prosjekt/src/mekatronikk_mega_prosjekt/build/process_handler/build/lib/process_handler
[2.255s] copying process_handler/process_handler.py -> /home/michael/ros2_ws/mega_prosjekt/src/mekatronikk_mega_prosjekt/build/process_handler/build/lib/process_handler
[2.256s] copying process_handler/__init__.py -> /home/michael/ros2_ws/mega_prosjekt/src/mekatronikk_mega_prosjekt/build/process_handler/build/lib/process_handler
[2.256s] running install
[2.262s] running install_lib
[2.277s] creating /home/michael/ros2_ws/mega_prosjekt/src/mekatronikk_mega_prosjekt/install/process_handler/lib/python3.12/site-packages/process_handler
[2.277s] copying /home/michael/ros2_ws/mega_prosjekt/src/mekatronikk_mega_prosjekt/build/process_handler/build/lib/process_handler/process_handler.py -> /home/michael/ros2_ws/mega_prosjekt/src/mekatronikk_mega_prosjekt/install/process_handler/lib/python3.12/site-packages/process_handler
[2.278s] copying /home/michael/ros2_ws/mega_prosjekt/src/mekatronikk_mega_prosjekt/build/process_handler/build/lib/process_handler/__init__.py -> /home/michael/ros2_ws/mega_prosjekt/src/mekatronikk_mega_prosjekt/install/process_handler/lib/python3.12/site-packages/process_handler
[2.278s] byte-compiling /home/michael/ros2_ws/mega_prosjekt/src/mekatronikk_mega_prosjekt/install/process_handler/lib/python3.12/site-packages/process_handler/process_handler.py to process_handler.cpython-312.pyc
[2.280s] byte-compiling /home/michael/ros2_ws/mega_prosjekt/src/mekatronikk_mega_prosjekt/install/process_handler/lib/python3.12/site-packages/process_handler/__init__.py to __init__.cpython-312.pyc
[2.280s] running install_data
[2.281s] creating /home/michael/ros2_ws/mega_prosjekt/src/mekatronikk_mega_prosjekt/install/process_handler/share/ament_index/resource_index/packages
[2.282s] copying resource/process_handler -> /home/michael/ros2_ws/mega_prosjekt/src/mekatronikk_mega_prosjekt/install/process_handler/share/ament_index/resource_index/packages
[2.282s] copying package.xml -> /home/michael/ros2_ws/mega_prosjekt/src/mekatronikk_mega_prosjekt/install/process_handler/share/process_handler
[2.282s] running install_egg_info
[2.299s] Copying ../build/process_handler/process_handler.egg-info to /home/michael/ros2_ws/mega_prosjekt/src/mekatronikk_mega_prosjekt/install/process_handler/lib/python3.12/site-packages/process_handler-0.0.0-py3.12.egg-info
[2.299s] running install_scripts
[2.337s] Installing process_handler script to /home/michael/ros2_ws/mega_prosjekt/src/mekatronikk_mega_prosjekt/install/process_handler/lib/process_handler
[2.337s] writing list of installed files to '/home/michael/ros2_ws/mega_prosjekt/src/mekatronikk_mega_prosjekt/build/process_handler/install.log'
