[0.813s] Invoking command in '/home/michael/ros2_ws/mega_prosjekt/src/mekatronikk_mega_prosjekt/process_handler': DEBUGINFOD_URLS=https://debuginfod.ubuntu.com PS1=(.venv) \[\e]0;\u@\h: \w\a\]${debian_chroot:+($debian_chroot)}\[\033[01;32m\]\u@\h\[\033[00m\]:\[\033[01;34m\]\w\[\033[00m\]\$ PYTHONPATH=/home/michael/ros2_ws/mega_prosjekt/src/mekatronikk_mega_prosjekt/build/process_handler/prefix_override:/home/michael/ros2_ws/.venv/lib/python3.12/site-packages/colcon_core/task/python/colcon_distutils_commands:/home/michael/ros2_ws/mega_prosjekt/src/mekatronikk_mega_prosjekt/install/process_handler/lib/python3.12/site-packages:${PYTHONPATH} VIRTUAL_ENV_PROMPT=(.venv) /home/michael/ros2_ws/.venv/bin/python3.12 -W ignore:setup.py install is deprecated -W ignore:easy_install command is deprecated setup.py egg_info --egg-base ../build/process_handler build --build-base /home/michael/ros2_ws/mega_prosjekt/src/mekatronikk_mega_prosjekt/build/process_handler/build install --record /home/michael/ros2_ws/mega_prosjekt/src/mekatronikk_mega_prosjekt/build/process_handler/install.log --single-version-externally-managed install_data
[1.035s] /home/michael/ros2_ws/.venv/lib/python3.12/site-packages/setuptools/_distutils/dist.py:289: UserWarning: Unknown distribution option: 'tests_require'
[1.035s]   warnings.warn(msg)
[1.121s] running egg_info
[1.135s] writing ../build/process_handler/process_handler.egg-info/PKG-INFO
[1.136s] writing dependency_links to ../build/process_handler/process_handler.egg-info/dependency_links.txt
[1.136s] writing entry points to ../build/process_handler/process_handler.egg-info/entry_points.txt
[1.136s] writing requirements to ../build/process_handler/process_handler.egg-info/requires.txt
[1.136s] writing top-level names to ../build/process_handler/process_handler.egg-info/top_level.txt
[1.167s] reading manifest file '../build/process_handler/process_handler.egg-info/SOURCES.txt'
[1.169s] writing manifest file '../build/process_handler/process_handler.egg-info/SOURCES.txt'
[1.169s] running build
[1.169s] running build_py
[1.169s] copying process_handler/process_handler.py -> /home/michael/ros2_ws/mega_prosjekt/src/mekatronikk_mega_prosjekt/build/process_handler/build/lib/process_handler
[1.170s] copying process_handler/__init__.py -> /home/michael/ros2_ws/mega_prosjekt/src/mekatronikk_mega_prosjekt/build/process_handler/build/lib/process_handler
[1.170s] running install
[1.178s] running install_lib
[1.194s] running install_data
[1.194s] copying resource/process_handler -> /home/michael/ros2_ws/mega_prosjekt/src/mekatronikk_mega_prosjekt/install/process_handler/share/ament_index/resource_index/packages
[1.195s] copying package.xml -> /home/michael/ros2_ws/mega_prosjekt/src/mekatronikk_mega_prosjekt/install/process_handler/share/process_handler
[1.195s] running install_egg_info
[1.215s] removing '/home/michael/ros2_ws/mega_prosjekt/src/mekatronikk_mega_prosjekt/install/process_handler/lib/python3.12/site-packages/process_handler-0.0.0-py3.12.egg-info' (and everything under it)
[1.215s] Copying ../build/process_handler/process_handler.egg-info to /home/michael/ros2_ws/mega_prosjekt/src/mekatronikk_mega_prosjekt/install/process_handler/lib/python3.12/site-packages/process_handler-0.0.0-py3.12.egg-info
[1.216s] running install_scripts
[1.252s] Installing process_handler script to /home/michael/ros2_ws/mega_prosjekt/src/mekatronikk_mega_prosjekt/install/process_handler/lib/process_handler
[1.252s] writing list of installed files to '/home/michael/ros2_ws/mega_prosjekt/src/mekatronikk_mega_prosjekt/build/process_handler/install.log'
[1.283s] Invoked command in '/home/michael/ros2_ws/mega_prosjekt/src/mekatronikk_mega_prosjekt/process_handler' returned '0': DEBUGINFOD_URLS=https://debuginfod.ubuntu.com PS1=(.venv) \[\e]0;\u@\h: \w\a\]${debian_chroot:+($debian_chroot)}\[\033[01;32m\]\u@\h\[\033[00m\]:\[\033[01;34m\]\w\[\033[00m\]\$ PYTHONPATH=/home/michael/ros2_ws/mega_prosjekt/src/mekatronikk_mega_prosjekt/build/process_handler/prefix_override:/home/michael/ros2_ws/.venv/lib/python3.12/site-packages/colcon_core/task/python/colcon_distutils_commands:/home/michael/ros2_ws/mega_prosjekt/src/mekatronikk_mega_prosjekt/install/process_handler/lib/python3.12/site-packages:${PYTHONPATH} VIRTUAL_ENV_PROMPT=(.venv) /home/michael/ros2_ws/.venv/bin/python3.12 -W ignore:setup.py install is deprecated -W ignore:easy_install command is deprecated setup.py egg_info --egg-base ../build/process_handler build --build-base /home/michael/ros2_ws/mega_prosjekt/src/mekatronikk_mega_prosjekt/build/process_handler/build install --record /home/michael/ros2_ws/mega_prosjekt/src/mekatronikk_mega_prosjekt/build/process_handler/install.log --single-version-externally-managed install_data
