[0.173s] DEBUG:colcon:Command line arguments: ['/home/michael/ros2_ws/.venv/bin/colcon', 'build', '--packages-select', 'usb_cam']
[0.173s] DEBUG:colcon:Parsed command line arguments: Namespace(log_base=None, log_level=None, verb_name='build', build_base='build', install_base='install', merge_install=False, symlink_install=False, test_result_base=None, continue_on_error=False, executor='parallel', parallel_workers=16, event_handlers=None, ignore_user_meta=False, metas=['./colcon.meta'], base_paths=['.'], packages_ignore=None, packages_ignore_regex=None, paths=None, packages_up_to=None, packages_up_to_regex=None, packages_above=None, packages_above_and_dependencies=None, packages_above_depth=None, packages_select_by_dep=None, packages_skip_by_dep=None, packages_skip_up_to=None, packages_select_build_failed=False, packages_skip_build_finished=False, packages_select_test_failures=False, packages_skip_test_passed=False, packages_select=['usb_cam'], packages_skip=None, packages_select_regex=None, packages_skip_regex=None, packages_start=None, packages_end=None, cmake_args=None, cmake_target=None, cmake_target_skip_unavailable=False, cmake_clean_cache=False, cmake_clean_first=False, cmake_force_configure=False, ament_cmake_args=None, catkin_cmake_args=None, catkin_skip_building_tests=False, verb_parser=<colcon_defaults.argument_parser.defaults.DefaultArgumentsDecorator object at 0x7d3a66d89130>, verb_extension=<colcon_core.verb.build.BuildVerb object at 0x7d3a66d88ef0>, main=<bound method BuildVerb.main of <colcon_core.verb.build.BuildVerb object at 0x7d3a66d88ef0>>)
[0.222s] Level 1:colcon.colcon_core.package_discovery:discover_packages(colcon_meta) check parameters
[0.223s] Level 1:colcon.colcon_core.package_discovery:discover_packages(recursive) check parameters
[0.223s] Level 1:colcon.colcon_core.package_discovery:discover_packages(ignore) check parameters
[0.223s] Level 1:colcon.colcon_core.package_discovery:discover_packages(path) check parameters
[0.223s] Level 1:colcon.colcon_core.package_discovery:discover_packages(colcon_meta) discover
[0.223s] Level 1:colcon.colcon_core.package_discovery:discover_packages(recursive) discover
[0.223s] INFO:colcon.colcon_core.package_discovery:Crawling recursively for packages in '/home/michael/ros2_ws/mega_prosjekt/src/mekatronikk_mega_prosjekt'
[0.223s] Level 1:colcon.colcon_core.package_identification:_identify(.) by extensions ['ignore', 'ignore_ament_install']
[0.223s] Level 1:colcon.colcon_core.package_identification:_identify(.) by extension 'ignore'
[0.223s] Level 1:colcon.colcon_core.package_identification:_identify(.) by extension 'ignore_ament_install'
[0.223s] Level 1:colcon.colcon_core.package_identification:_identify(.) by extensions ['colcon_pkg']
[0.223s] Level 1:colcon.colcon_core.package_identification:_identify(.) by extension 'colcon_pkg'
[0.223s] Level 1:colcon.colcon_core.package_identification:_identify(.) by extensions ['colcon_meta']
[0.223s] Level 1:colcon.colcon_core.package_identification:_identify(.) by extension 'colcon_meta'
[0.223s] Level 1:colcon.colcon_core.package_identification:_identify(.) by extensions ['ros']
[0.223s] Level 1:colcon.colcon_core.package_identification:_identify(.) by extension 'ros'
[0.257s] Level 1:colcon.colcon_core.package_identification:_identify(.) by extensions ['cmake', 'python']
[0.257s] Level 1:colcon.colcon_core.package_identification:_identify(.) by extension 'cmake'
[0.257s] Level 1:colcon.colcon_core.package_identification:_identify(.) by extension 'python'
[0.257s] Level 1:colcon.colcon_core.package_identification:_identify(.) by extensions ['python_setup_py']
[0.258s] Level 1:colcon.colcon_core.package_identification:_identify(.) by extension 'python_setup_py'
[0.258s] Level 1:colcon.colcon_core.package_identification:_identify(bringup_robot) by extensions ['ignore', 'ignore_ament_install']
[0.258s] Level 1:colcon.colcon_core.package_identification:_identify(bringup_robot) by extension 'ignore'
[0.258s] Level 1:colcon.colcon_core.package_identification:_identify(bringup_robot) by extension 'ignore_ament_install'
[0.258s] Level 1:colcon.colcon_core.package_identification:_identify(bringup_robot) by extensions ['colcon_pkg']
[0.258s] Level 1:colcon.colcon_core.package_identification:_identify(bringup_robot) by extension 'colcon_pkg'
[0.258s] Level 1:colcon.colcon_core.package_identification:_identify(bringup_robot) by extensions ['colcon_meta']
[0.258s] Level 1:colcon.colcon_core.package_identification:_identify(bringup_robot) by extension 'colcon_meta'
[0.258s] Level 1:colcon.colcon_core.package_identification:_identify(bringup_robot) by extensions ['ros']
[0.258s] Level 1:colcon.colcon_core.package_identification:_identify(bringup_robot) by extension 'ros'
[0.262s] DEBUG:colcon.colcon_core.package_identification:Package 'bringup_robot' with type 'ros.ament_python' and name 'bringup_robot'
[0.262s] Level 1:colcon.colcon_core.package_identification:_identify(build) by extensions ['ignore', 'ignore_ament_install']
[0.262s] Level 1:colcon.colcon_core.package_identification:_identify(build) by extension 'ignore'
[0.262s] Level 1:colcon.colcon_core.package_identification:_identify(build) ignored
[0.263s] Level 1:colcon.colcon_core.package_identification:_identify(camera_processor) by extensions ['ignore', 'ignore_ament_install']
[0.263s] Level 1:colcon.colcon_core.package_identification:_identify(camera_processor) by extension 'ignore'
[0.263s] Level 1:colcon.colcon_core.package_identification:_identify(camera_processor) by extension 'ignore_ament_install'
[0.263s] Level 1:colcon.colcon_core.package_identification:_identify(camera_processor) by extensions ['colcon_pkg']
[0.263s] Level 1:colcon.colcon_core.package_identification:_identify(camera_processor) by extension 'colcon_pkg'
[0.263s] Level 1:colcon.colcon_core.package_identification:_identify(camera_processor) by extensions ['colcon_meta']
[0.263s] Level 1:colcon.colcon_core.package_identification:_identify(camera_processor) by extension 'colcon_meta'
[0.263s] Level 1:colcon.colcon_core.package_identification:_identify(camera_processor) by extensions ['ros']
[0.263s] Level 1:colcon.colcon_core.package_identification:_identify(camera_processor) by extension 'ros'
[0.264s] DEBUG:colcon.colcon_core.package_identification:Package 'camera_processor' with type 'ros.ament_python' and name 'camera_processor'
[0.264s] Level 1:colcon.colcon_core.package_identification:_identify(input_handler) by extensions ['ignore', 'ignore_ament_install']
[0.264s] Level 1:colcon.colcon_core.package_identification:_identify(input_handler) by extension 'ignore'
[0.264s] Level 1:colcon.colcon_core.package_identification:_identify(input_handler) by extension 'ignore_ament_install'
[0.264s] Level 1:colcon.colcon_core.package_identification:_identify(input_handler) by extensions ['colcon_pkg']
[0.264s] Level 1:colcon.colcon_core.package_identification:_identify(input_handler) by extension 'colcon_pkg'
[0.264s] Level 1:colcon.colcon_core.package_identification:_identify(input_handler) by extensions ['colcon_meta']
[0.264s] Level 1:colcon.colcon_core.package_identification:_identify(input_handler) by extension 'colcon_meta'
[0.264s] Level 1:colcon.colcon_core.package_identification:_identify(input_handler) by extensions ['ros']
[0.264s] Level 1:colcon.colcon_core.package_identification:_identify(input_handler) by extension 'ros'
[0.265s] DEBUG:colcon.colcon_core.package_identification:Package 'input_handler' with type 'ros.ament_python' and name 'input_handler'
[0.265s] Level 1:colcon.colcon_core.package_identification:_identify(install) by extensions ['ignore', 'ignore_ament_install']
[0.265s] Level 1:colcon.colcon_core.package_identification:_identify(install) by extension 'ignore'
[0.265s] Level 1:colcon.colcon_core.package_identification:_identify(install) ignored
[0.265s] Level 1:colcon.colcon_core.package_identification:_identify(log) by extensions ['ignore', 'ignore_ament_install']
[0.265s] Level 1:colcon.colcon_core.package_identification:_identify(log) by extension 'ignore'
[0.265s] Level 1:colcon.colcon_core.package_identification:_identify(log) ignored
[0.265s] Level 1:colcon.colcon_core.package_identification:_identify(process_handler) by extensions ['ignore', 'ignore_ament_install']
[0.265s] Level 1:colcon.colcon_core.package_identification:_identify(process_handler) by extension 'ignore'
[0.266s] Level 1:colcon.colcon_core.package_identification:_identify(process_handler) by extension 'ignore_ament_install'
[0.266s] Level 1:colcon.colcon_core.package_identification:_identify(process_handler) by extensions ['colcon_pkg']
[0.266s] Level 1:colcon.colcon_core.package_identification:_identify(process_handler) by extension 'colcon_pkg'
[0.266s] Level 1:colcon.colcon_core.package_identification:_identify(process_handler) by extensions ['colcon_meta']
[0.266s] Level 1:colcon.colcon_core.package_identification:_identify(process_handler) by extension 'colcon_meta'
[0.266s] Level 1:colcon.colcon_core.package_identification:_identify(process_handler) by extensions ['ros']
[0.266s] Level 1:colcon.colcon_core.package_identification:_identify(process_handler) by extension 'ros'
[0.266s] DEBUG:colcon.colcon_core.package_identification:Package 'process_handler' with type 'ros.ament_python' and name 'process_handler'
[0.266s] Level 1:colcon.colcon_core.package_identification:_identify(process_msgs) by extensions ['ignore', 'ignore_ament_install']
[0.266s] Level 1:colcon.colcon_core.package_identification:_identify(process_msgs) by extension 'ignore'
[0.267s] Level 1:colcon.colcon_core.package_identification:_identify(process_msgs) by extension 'ignore_ament_install'
[0.267s] Level 1:colcon.colcon_core.package_identification:_identify(process_msgs) by extensions ['colcon_pkg']
[0.267s] Level 1:colcon.colcon_core.package_identification:_identify(process_msgs) by extension 'colcon_pkg'
[0.267s] Level 1:colcon.colcon_core.package_identification:_identify(process_msgs) by extensions ['colcon_meta']
[0.267s] Level 1:colcon.colcon_core.package_identification:_identify(process_msgs) by extension 'colcon_meta'
[0.267s] Level 1:colcon.colcon_core.package_identification:_identify(process_msgs) by extensions ['ros']
[0.267s] Level 1:colcon.colcon_core.package_identification:_identify(process_msgs) by extension 'ros'
[0.268s] DEBUG:colcon.colcon_core.package_identification:Package 'process_msgs' with type 'ros.ament_cmake' and name 'process_msgs'
[0.268s] Level 1:colcon.colcon_core.package_identification:_identify(robot_controller) by extensions ['ignore', 'ignore_ament_install']
[0.268s] Level 1:colcon.colcon_core.package_identification:_identify(robot_controller) by extension 'ignore'
[0.268s] Level 1:colcon.colcon_core.package_identification:_identify(robot_controller) by extension 'ignore_ament_install'
[0.268s] Level 1:colcon.colcon_core.package_identification:_identify(robot_controller) by extensions ['colcon_pkg']
[0.268s] Level 1:colcon.colcon_core.package_identification:_identify(robot_controller) by extension 'colcon_pkg'
[0.268s] Level 1:colcon.colcon_core.package_identification:_identify(robot_controller) by extensions ['colcon_meta']
[0.268s] Level 1:colcon.colcon_core.package_identification:_identify(robot_controller) by extension 'colcon_meta'
[0.268s] Level 1:colcon.colcon_core.package_identification:_identify(robot_controller) by extensions ['ros']
[0.268s] Level 1:colcon.colcon_core.package_identification:_identify(robot_controller) by extension 'ros'
[0.269s] DEBUG:colcon.colcon_core.package_identification:Package 'robot_controller' with type 'ros.ament_cmake' and name 'robot_controller'
[0.269s] Level 1:colcon.colcon_core.package_identification:_identify(scene_handler) by extensions ['ignore', 'ignore_ament_install']
[0.269s] Level 1:colcon.colcon_core.package_identification:_identify(scene_handler) by extension 'ignore'
[0.269s] Level 1:colcon.colcon_core.package_identification:_identify(scene_handler) by extension 'ignore_ament_install'
[0.269s] Level 1:colcon.colcon_core.package_identification:_identify(scene_handler) by extensions ['colcon_pkg']
[0.269s] Level 1:colcon.colcon_core.package_identification:_identify(scene_handler) by extension 'colcon_pkg'
[0.269s] Level 1:colcon.colcon_core.package_identification:_identify(scene_handler) by extensions ['colcon_meta']
[0.269s] Level 1:colcon.colcon_core.package_identification:_identify(scene_handler) by extension 'colcon_meta'
[0.269s] Level 1:colcon.colcon_core.package_identification:_identify(scene_handler) by extensions ['ros']
[0.269s] Level 1:colcon.colcon_core.package_identification:_identify(scene_handler) by extension 'ros'
[0.270s] DEBUG:colcon.colcon_core.package_identification:Package 'scene_handler' with type 'ros.ament_cmake' and name 'scene_handler'
[0.270s] Level 1:colcon.colcon_core.package_identification:_identify(usb_cam) by extensions ['ignore', 'ignore_ament_install']
[0.270s] Level 1:colcon.colcon_core.package_identification:_identify(usb_cam) by extension 'ignore'
[0.270s] Level 1:colcon.colcon_core.package_identification:_identify(usb_cam) by extension 'ignore_ament_install'
[0.270s] Level 1:colcon.colcon_core.package_identification:_identify(usb_cam) by extensions ['colcon_pkg']
[0.270s] Level 1:colcon.colcon_core.package_identification:_identify(usb_cam) by extension 'colcon_pkg'
[0.270s] Level 1:colcon.colcon_core.package_identification:_identify(usb_cam) by extensions ['colcon_meta']
[0.270s] Level 1:colcon.colcon_core.package_identification:_identify(usb_cam) by extension 'colcon_meta'
[0.270s] Level 1:colcon.colcon_core.package_identification:_identify(usb_cam) by extensions ['ros']
[0.270s] Level 1:colcon.colcon_core.package_identification:_identify(usb_cam) by extension 'ros'
[0.271s] DEBUG:colcon.colcon_core.package_identification:Package 'usb_cam' with type 'ros.ament_python' and name 'usb_cam'
[0.271s] Level 1:colcon.colcon_core.package_identification:_identify(usb_cam22) by extensions ['ignore', 'ignore_ament_install']
[0.271s] Level 1:colcon.colcon_core.package_identification:_identify(usb_cam22) by extension 'ignore'
[0.271s] Level 1:colcon.colcon_core.package_identification:_identify(usb_cam22) by extension 'ignore_ament_install'
[0.271s] Level 1:colcon.colcon_core.package_identification:_identify(usb_cam22) by extensions ['colcon_pkg']
[0.271s] Level 1:colcon.colcon_core.package_identification:_identify(usb_cam22) by extension 'colcon_pkg'
[0.271s] Level 1:colcon.colcon_core.package_identification:_identify(usb_cam22) by extensions ['colcon_meta']
[0.271s] Level 1:colcon.colcon_core.package_identification:_identify(usb_cam22) by extension 'colcon_meta'
[0.271s] Level 1:colcon.colcon_core.package_identification:_identify(usb_cam22) by extensions ['ros']
[0.271s] Level 1:colcon.colcon_core.package_identification:_identify(usb_cam22) by extension 'ros'
[0.271s] DEBUG:colcon.colcon_core.package_identification:Failed to parse potential ROS package manifest in'usb_cam22': Error(s) in package 'usb_cam22/package.xml':
The package "usb_cam2" must not "exec_depend" on a package with the same name as this package
[0.272s] Level 1:colcon.colcon_core.package_identification:_identify(usb_cam22) by extensions ['cmake', 'python']
[0.272s] Level 1:colcon.colcon_core.package_identification:_identify(usb_cam22) by extension 'cmake'
[0.272s] Level 1:colcon.colcon_core.package_identification:_identify(usb_cam22) by extension 'python'
[0.272s] DEBUG:colcon.colcon_core.package_identification:Python package in 'usb_cam22' passes arguments to the setup() function which requires a different identification extension than 'python'
[0.272s] Level 1:colcon.colcon_core.package_identification:_identify(usb_cam22) by extensions ['python_setup_py']
[0.272s] Level 1:colcon.colcon_core.package_identification:_identify(usb_cam22) by extension 'python_setup_py'
[0.547s] DEBUG:colcon.colcon_core.package_identification:Package 'usb_cam22' with type 'python' and name 'usb_cam2'
[0.547s] Level 1:colcon.colcon_core.package_discovery:discover_packages(recursive) using defaults
[0.547s] Level 1:colcon.colcon_core.package_discovery:discover_packages(ignore) discover
[0.547s] Level 1:colcon.colcon_core.package_discovery:discover_packages(ignore) using defaults
[0.547s] Level 1:colcon.colcon_core.package_discovery:discover_packages(path) discover
[0.547s] Level 1:colcon.colcon_core.package_discovery:discover_packages(path) using defaults
[0.570s] INFO:colcon.colcon_core.package_selection:Skipping not selected package 'bringup_robot' in 'bringup_robot'
[0.570s] INFO:colcon.colcon_core.package_selection:Skipping not selected package 'camera_processor' in 'camera_processor'
[0.570s] INFO:colcon.colcon_core.package_selection:Skipping not selected package 'input_handler' in 'input_handler'
[0.570s] INFO:colcon.colcon_core.package_selection:Skipping not selected package 'process_handler' in 'process_handler'
[0.570s] INFO:colcon.colcon_core.package_selection:Skipping not selected package 'process_msgs' in 'process_msgs'
[0.570s] INFO:colcon.colcon_core.package_selection:Skipping not selected package 'robot_controller' in 'robot_controller'
[0.570s] INFO:colcon.colcon_core.package_selection:Skipping not selected package 'scene_handler' in 'scene_handler'
[0.570s] INFO:colcon.colcon_core.package_selection:Skipping not selected package 'usb_cam2' in 'usb_cam22'
[0.571s] Level 5:colcon.colcon_core.verb:set package 'usb_cam' build argument 'cmake_args' from command line to 'None'
[0.571s] Level 5:colcon.colcon_core.verb:set package 'usb_cam' build argument 'cmake_target' from command line to 'None'
[0.571s] Level 5:colcon.colcon_core.verb:set package 'usb_cam' build argument 'cmake_target_skip_unavailable' from command line to 'False'
[0.571s] Level 5:colcon.colcon_core.verb:set package 'usb_cam' build argument 'cmake_clean_cache' from command line to 'False'
[0.571s] Level 5:colcon.colcon_core.verb:set package 'usb_cam' build argument 'cmake_clean_first' from command line to 'False'
[0.571s] Level 5:colcon.colcon_core.verb:set package 'usb_cam' build argument 'cmake_force_configure' from command line to 'False'
[0.571s] Level 5:colcon.colcon_core.verb:set package 'usb_cam' build argument 'ament_cmake_args' from command line to 'None'
[0.571s] Level 5:colcon.colcon_core.verb:set package 'usb_cam' build argument 'catkin_cmake_args' from command line to 'None'
[0.571s] Level 5:colcon.colcon_core.verb:set package 'usb_cam' build argument 'catkin_skip_building_tests' from command line to 'False'
[0.571s] DEBUG:colcon.colcon_core.verb:Building package 'usb_cam' with the following arguments: {'ament_cmake_args': None, 'build_base': '/home/michael/ros2_ws/mega_prosjekt/src/mekatronikk_mega_prosjekt/build/usb_cam', 'catkin_cmake_args': None, 'catkin_skip_building_tests': False, 'cmake_args': None, 'cmake_clean_cache': False, 'cmake_clean_first': False, 'cmake_force_configure': False, 'cmake_target': None, 'cmake_target_skip_unavailable': False, 'install_base': '/home/michael/ros2_ws/mega_prosjekt/src/mekatronikk_mega_prosjekt/install/usb_cam', 'merge_install': False, 'path': '/home/michael/ros2_ws/mega_prosjekt/src/mekatronikk_mega_prosjekt/usb_cam', 'symlink_install': False, 'test_result_base': None}
[0.571s] INFO:colcon.colcon_core.executor:Executing jobs using 'parallel' executor
[0.572s] DEBUG:colcon.colcon_parallel_executor.executor.parallel:run_until_complete
[0.572s] INFO:colcon.colcon_ros.task.ament_python.build:Building ROS package in '/home/michael/ros2_ws/mega_prosjekt/src/mekatronikk_mega_prosjekt/usb_cam' with build type 'ament_python'
[0.572s] Level 1:colcon.colcon_core.shell:create_environment_hook('usb_cam', 'ament_prefix_path')
[0.575s] INFO:colcon.colcon_core.plugin_system:Skipping extension 'colcon_core.shell.bat': Not used on non-Windows systems
[0.575s] INFO:colcon.colcon_core.shell:Creating environment hook '/home/michael/ros2_ws/mega_prosjekt/src/mekatronikk_mega_prosjekt/install/usb_cam/share/usb_cam/hook/ament_prefix_path.ps1'
[0.577s] INFO:colcon.colcon_core.shell:Creating environment descriptor '/home/michael/ros2_ws/mega_prosjekt/src/mekatronikk_mega_prosjekt/install/usb_cam/share/usb_cam/hook/ament_prefix_path.dsv'
[0.578s] INFO:colcon.colcon_core.shell:Creating environment hook '/home/michael/ros2_ws/mega_prosjekt/src/mekatronikk_mega_prosjekt/install/usb_cam/share/usb_cam/hook/ament_prefix_path.sh'
[0.579s] INFO:colcon.colcon_core.shell:Skip shell extension 'powershell' for command environment: Not usable outside of PowerShell
[0.579s] DEBUG:colcon.colcon_core.shell:Skip shell extension 'dsv' for command environment
[0.580s] WARNING:colcon.colcon_ros.prefix_path.ament:The path '/home/michael/ros2_ws/mega_prosjekt/install/process_msgs' in the environment variable AMENT_PREFIX_PATH doesn't exist
[0.580s] WARNING:colcon.colcon_ros.prefix_path.ament:The path '/home/michael/ros2_ws/mega_prosjekt/install/process_handler' in the environment variable AMENT_PREFIX_PATH doesn't exist
[0.580s] WARNING:colcon.colcon_ros.prefix_path.ament:The path '/home/michael/ros2_ws/mega_prosjekt/install/input_handler' in the environment variable AMENT_PREFIX_PATH doesn't exist
[0.580s] WARNING:colcon.colcon_ros.prefix_path.ament:The path '/home/michael/ros2_ws/mega_prosjekt/install/camera_processor' in the environment variable AMENT_PREFIX_PATH doesn't exist
[0.580s] WARNING:colcon.colcon_ros.prefix_path.ament:The path '/home/michael/ros2_ws/mega_prosjekt/install/bringup_robot' in the environment variable AMENT_PREFIX_PATH doesn't exist
[0.580s] WARNING:colcon.colcon_ros.prefix_path.catkin:The path '/home/michael/ros2_ws/mega_prosjekt/install/process_msgs' in the environment variable CMAKE_PREFIX_PATH doesn't exist
[0.876s] INFO:colcon.colcon_core.task.python.build:Building Python package in '/home/michael/ros2_ws/mega_prosjekt/src/mekatronikk_mega_prosjekt/usb_cam'
[0.876s] INFO:colcon.colcon_core.shell:Skip shell extension 'powershell' for command environment: Not usable outside of PowerShell
[0.876s] DEBUG:colcon.colcon_core.shell:Skip shell extension 'dsv' for command environment
[1.317s] DEBUG:colcon.colcon_core.event_handler.log_command:Invoking command in '/home/michael/ros2_ws/mega_prosjekt/src/mekatronikk_mega_prosjekt/usb_cam': DEBUGINFOD_URLS=https://debuginfod.ubuntu.com PS1=(.venv) \[\e]0;\u@\h: \w\a\]${debian_chroot:+($debian_chroot)}\[\033[01;32m\]\u@\h\[\033[00m\]:\[\033[01;34m\]\w\[\033[00m\]\$ PYTHONPATH=/home/michael/ros2_ws/mega_prosjekt/src/mekatronikk_mega_prosjekt/build/usb_cam/prefix_override:/home/michael/ros2_ws/.venv/lib/python3.12/site-packages/colcon_core/task/python/colcon_distutils_commands:/home/michael/ros2_ws/mega_prosjekt/src/mekatronikk_mega_prosjekt/install/usb_cam/lib/python3.12/site-packages:${PYTHONPATH} VIRTUAL_ENV_PROMPT=(.venv) /home/michael/ros2_ws/.venv/bin/python3.12 -W ignore:setup.py install is deprecated -W ignore:easy_install command is deprecated setup.py egg_info --egg-base ../build/usb_cam build --build-base /home/michael/ros2_ws/mega_prosjekt/src/mekatronikk_mega_prosjekt/build/usb_cam/build install --record /home/michael/ros2_ws/mega_prosjekt/src/mekatronikk_mega_prosjekt/build/usb_cam/install.log --single-version-externally-managed install_data
[1.791s] DEBUG:colcon.colcon_core.event_handler.log_command:Invoked command in '/home/michael/ros2_ws/mega_prosjekt/src/mekatronikk_mega_prosjekt/usb_cam' returned '0': DEBUGINFOD_URLS=https://debuginfod.ubuntu.com PS1=(.venv) \[\e]0;\u@\h: \w\a\]${debian_chroot:+($debian_chroot)}\[\033[01;32m\]\u@\h\[\033[00m\]:\[\033[01;34m\]\w\[\033[00m\]\$ PYTHONPATH=/home/michael/ros2_ws/mega_prosjekt/src/mekatronikk_mega_prosjekt/build/usb_cam/prefix_override:/home/michael/ros2_ws/.venv/lib/python3.12/site-packages/colcon_core/task/python/colcon_distutils_commands:/home/michael/ros2_ws/mega_prosjekt/src/mekatronikk_mega_prosjekt/install/usb_cam/lib/python3.12/site-packages:${PYTHONPATH} VIRTUAL_ENV_PROMPT=(.venv) /home/michael/ros2_ws/.venv/bin/python3.12 -W ignore:setup.py install is deprecated -W ignore:easy_install command is deprecated setup.py egg_info --egg-base ../build/usb_cam build --build-base /home/michael/ros2_ws/mega_prosjekt/src/mekatronikk_mega_prosjekt/build/usb_cam/build install --record /home/michael/ros2_ws/mega_prosjekt/src/mekatronikk_mega_prosjekt/build/usb_cam/install.log --single-version-externally-managed install_data
[1.793s] Level 1:colcon.colcon_core.environment:checking '/home/michael/ros2_ws/mega_prosjekt/src/mekatronikk_mega_prosjekt/install/usb_cam' for CMake module files
[1.794s] Level 1:colcon.colcon_core.environment:checking '/home/michael/ros2_ws/mega_prosjekt/src/mekatronikk_mega_prosjekt/install/usb_cam' for CMake config files
[1.794s] Level 1:colcon.colcon_core.environment:checking '/home/michael/ros2_ws/mega_prosjekt/src/mekatronikk_mega_prosjekt/install/usb_cam/lib'
[1.794s] Level 1:colcon.colcon_core.environment:checking '/home/michael/ros2_ws/mega_prosjekt/src/mekatronikk_mega_prosjekt/install/usb_cam/bin'
[1.794s] Level 1:colcon.colcon_core.environment:checking '/home/michael/ros2_ws/mega_prosjekt/src/mekatronikk_mega_prosjekt/install/usb_cam/lib/pkgconfig/usb_cam.pc'
[1.795s] Level 1:colcon.colcon_core.environment:checking '/home/michael/ros2_ws/mega_prosjekt/src/mekatronikk_mega_prosjekt/install/usb_cam/lib/python3.12/site-packages'
[1.795s] Level 1:colcon.colcon_core.shell:create_environment_hook('usb_cam', 'pythonpath')
[1.795s] INFO:colcon.colcon_core.shell:Creating environment hook '/home/michael/ros2_ws/mega_prosjekt/src/mekatronikk_mega_prosjekt/install/usb_cam/share/usb_cam/hook/pythonpath.ps1'
[1.796s] INFO:colcon.colcon_core.shell:Creating environment descriptor '/home/michael/ros2_ws/mega_prosjekt/src/mekatronikk_mega_prosjekt/install/usb_cam/share/usb_cam/hook/pythonpath.dsv'
[1.796s] INFO:colcon.colcon_core.shell:Creating environment hook '/home/michael/ros2_ws/mega_prosjekt/src/mekatronikk_mega_prosjekt/install/usb_cam/share/usb_cam/hook/pythonpath.sh'
[1.797s] Level 1:colcon.colcon_core.environment:checking '/home/michael/ros2_ws/mega_prosjekt/src/mekatronikk_mega_prosjekt/install/usb_cam/bin'
[1.797s] Level 1:colcon.colcon_core.environment:create_environment_scripts_only(usb_cam)
[1.798s] INFO:colcon.colcon_core.shell:Creating package script '/home/michael/ros2_ws/mega_prosjekt/src/mekatronikk_mega_prosjekt/install/usb_cam/share/usb_cam/package.ps1'
[1.799s] INFO:colcon.colcon_core.shell:Creating package descriptor '/home/michael/ros2_ws/mega_prosjekt/src/mekatronikk_mega_prosjekt/install/usb_cam/share/usb_cam/package.dsv'
[1.800s] INFO:colcon.colcon_core.shell:Creating package script '/home/michael/ros2_ws/mega_prosjekt/src/mekatronikk_mega_prosjekt/install/usb_cam/share/usb_cam/package.sh'
[1.800s] INFO:colcon.colcon_core.shell:Creating package script '/home/michael/ros2_ws/mega_prosjekt/src/mekatronikk_mega_prosjekt/install/usb_cam/share/usb_cam/package.bash'
[1.801s] INFO:colcon.colcon_core.shell:Creating package script '/home/michael/ros2_ws/mega_prosjekt/src/mekatronikk_mega_prosjekt/install/usb_cam/share/usb_cam/package.zsh'
[1.802s] Level 1:colcon.colcon_core.environment:create_file_with_runtime_dependencies(/home/michael/ros2_ws/mega_prosjekt/src/mekatronikk_mega_prosjekt/install/usb_cam/share/colcon-core/packages/usb_cam)
[1.803s] DEBUG:colcon.colcon_parallel_executor.executor.parallel:closing loop
[1.803s] DEBUG:colcon.colcon_parallel_executor.executor.parallel:loop closed
[1.803s] DEBUG:colcon.colcon_parallel_executor.executor.parallel:run_until_complete finished with '0'
[1.803s] DEBUG:colcon.colcon_core.event_reactor:joining thread
[1.805s] INFO:colcon.colcon_core.plugin_system:Skipping extension 'colcon_notification.desktop_notification.notify2': 'notify2' not found
[1.806s] INFO:colcon.colcon_core.plugin_system:Skipping extension 'colcon_notification.desktop_notification.terminal_notifier': Not used on non-Darwin systems
[1.806s] INFO:colcon.colcon_core.plugin_system:Skipping extension 'colcon_notification.desktop_notification.win32': Not used on non-Windows systems
[1.806s] INFO:colcon.colcon_notification.desktop_notification:Sending desktop notification using 'notify_send'
[1.842s] DEBUG:colcon.colcon_core.event_reactor:joined thread
[1.843s] INFO:colcon.colcon_core.shell:Creating prefix script '/home/michael/ros2_ws/mega_prosjekt/src/mekatronikk_mega_prosjekt/install/local_setup.ps1'
[1.846s] INFO:colcon.colcon_core.shell:Creating prefix util module '/home/michael/ros2_ws/mega_prosjekt/src/mekatronikk_mega_prosjekt/install/_local_setup_util_ps1.py'
[1.849s] INFO:colcon.colcon_core.shell:Creating prefix chain script '/home/michael/ros2_ws/mega_prosjekt/src/mekatronikk_mega_prosjekt/install/setup.ps1'
[1.850s] INFO:colcon.colcon_core.shell:Creating prefix script '/home/michael/ros2_ws/mega_prosjekt/src/mekatronikk_mega_prosjekt/install/local_setup.sh'
[1.852s] INFO:colcon.colcon_core.shell:Creating prefix util module '/home/michael/ros2_ws/mega_prosjekt/src/mekatronikk_mega_prosjekt/install/_local_setup_util_sh.py'
[1.853s] INFO:colcon.colcon_core.shell:Creating prefix chain script '/home/michael/ros2_ws/mega_prosjekt/src/mekatronikk_mega_prosjekt/install/setup.sh'
[1.855s] INFO:colcon.colcon_core.shell:Creating prefix script '/home/michael/ros2_ws/mega_prosjekt/src/mekatronikk_mega_prosjekt/install/local_setup.bash'
[1.856s] INFO:colcon.colcon_core.shell:Creating prefix chain script '/home/michael/ros2_ws/mega_prosjekt/src/mekatronikk_mega_prosjekt/install/setup.bash'
[1.858s] INFO:colcon.colcon_core.shell:Creating prefix script '/home/michael/ros2_ws/mega_prosjekt/src/mekatronikk_mega_prosjekt/install/local_setup.zsh'
[1.860s] INFO:colcon.colcon_core.shell:Creating prefix chain script '/home/michael/ros2_ws/mega_prosjekt/src/mekatronikk_mega_prosjekt/install/setup.zsh'
