running egg_info
creating build/camera_processor/camera_processor.egg-info
writing build/camera_processor/camera_processor.egg-info/PKG-INFO
writing dependency_links to build/camera_processor/camera_processor.egg-info/dependency_links.txt
writing entry points to build/camera_processor/camera_processor.egg-info/entry_points.txt
writing requirements to build/camera_processor/camera_processor.egg-info/requires.txt
writing top-level names to build/camera_processor/camera_processor.egg-info/top_level.txt
writing manifest file 'build/camera_processor/camera_processor.egg-info/SOURCES.txt'
reading manifest file 'build/camera_processor/camera_processor.egg-info/SOURCES.txt'
writing manifest file 'build/camera_processor/camera_processor.egg-info/SOURCES.txt'
running build
running build_py
creating /home/michael/ros2_ws/mega_prosjekt/src/mekatronikk_mega_prosjekt/camera_processor/build/camera_processor/build
creating /home/michael/ros2_ws/mega_prosjekt/src/mekatronikk_mega_prosjekt/camera_processor/build/camera_processor/build/lib
creating /home/michael/ros2_ws/mega_prosjekt/src/mekatronikk_mega_prosjekt/camera_processor/build/camera_processor/build/lib/camera_processor
copying camera_processor/cube_tracker.py -> /home/michael/ros2_ws/mega_prosjekt/src/mekatronikk_mega_prosjekt/camera_processor/build/camera_processor/build/lib/camera_processor
copying camera_processor/__init__.py -> /home/michael/ros2_ws/mega_prosjekt/src/mekatronikk_mega_prosjekt/camera_processor/build/camera_processor/build/lib/camera_processor
running install
running install_lib
creating /home/michael/ros2_ws/mega_prosjekt/src/mekatronikk_mega_prosjekt/camera_processor/install/camera_processor/lib/python3.12/site-packages/camera_processor
copying /home/michael/ros2_ws/mega_prosjekt/src/mekatronikk_mega_prosjekt/camera_processor/build/camera_processor/build/lib/camera_processor/cube_tracker.py -> /home/michael/ros2_ws/mega_prosjekt/src/mekatronikk_mega_prosjekt/camera_processor/install/camera_processor/lib/python3.12/site-packages/camera_processor
copying /home/michael/ros2_ws/mega_prosjekt/src/mekatronikk_mega_prosjekt/camera_processor/build/camera_processor/build/lib/camera_processor/__init__.py -> /home/michael/ros2_ws/mega_prosjekt/src/mekatronikk_mega_prosjekt/camera_processor/install/camera_processor/lib/python3.12/site-packages/camera_processor
byte-compiling /home/michael/ros2_ws/mega_prosjekt/src/mekatronikk_mega_prosjekt/camera_processor/install/camera_processor/lib/python3.12/site-packages/camera_processor/cube_tracker.py to cube_tracker.cpython-312.pyc
byte-compiling /home/michael/ros2_ws/mega_prosjekt/src/mekatronikk_mega_prosjekt/camera_processor/install/camera_processor/lib/python3.12/site-packages/camera_processor/__init__.py to __init__.cpython-312.pyc
running install_data
creating /home/michael/ros2_ws/mega_prosjekt/src/mekatronikk_mega_prosjekt/camera_processor/install/camera_processor/share/ament_index
creating /home/michael/ros2_ws/mega_prosjekt/src/mekatronikk_mega_prosjekt/camera_processor/install/camera_processor/share/ament_index/resource_index
creating /home/michael/ros2_ws/mega_prosjekt/src/mekatronikk_mega_prosjekt/camera_processor/install/camera_processor/share/ament_index/resource_index/packages
copying resource/camera_processor -> /home/michael/ros2_ws/mega_prosjekt/src/mekatronikk_mega_prosjekt/camera_processor/install/camera_processor/share/ament_index/resource_index/packages
copying package.xml -> /home/michael/ros2_ws/mega_prosjekt/src/mekatronikk_mega_prosjekt/camera_processor/install/camera_processor/share/camera_processor
creating /home/michael/ros2_ws/mega_prosjekt/src/mekatronikk_mega_prosjekt/camera_processor/install/camera_processor/share/camera_processor/launch
copying launch/camera_tracking.launch.py -> /home/michael/ros2_ws/mega_prosjekt/src/mekatronikk_mega_prosjekt/camera_processor/install/camera_processor/share/camera_processor/launch
creating /home/michael/ros2_ws/mega_prosjekt/src/mekatronikk_mega_prosjekt/camera_processor/install/camera_processor/share/camera_processor/config
error: can't copy 'config/usb_cam_parameters.yaml': doesn't exist or not a regular file
