[0.918s] Invoking command in '/home/michael/ros2_ws/mega_prosjekt/src/mekatronikk_mega_prosjekt/camera_processor': DEBUGINFOD_URLS=https://debuginfod.ubuntu.com PS1=\[\e]0;\u@\h: \w\a\]${debian_chroot:+($debian_chroot)}\[\033[01;32m\]\u@\h\[\033[00m\]:\[\033[01;34m\]\w\[\033[00m\]\$ PYTHONPATH=/home/michael/ros2_ws/mega_prosjekt/src/mekatronikk_mega_prosjekt/camera_processor/build/camera_processor/prefix_override:/usr/lib/python3/dist-packages/colcon_core/task/python/colcon_distutils_commands:/home/michael/ros2_ws/mega_prosjekt/src/mekatronikk_mega_prosjekt/camera_processor/install/camera_processor/lib/python3.12/site-packages:${PYTHONPATH} /usr/bin/python3 -W ignore:setup.py install is deprecated -W ignore:easy_install command is deprecated setup.py egg_info --egg-base build/camera_processor build --build-base /home/michael/ros2_ws/mega_prosjekt/src/mekatronikk_mega_prosjekt/camera_processor/build/camera_processor/build install --record /home/michael/ros2_ws/mega_prosjekt/src/mekatronikk_mega_prosjekt/camera_processor/build/camera_processor/install.log --single-version-externally-managed install_data
[1.229s] running egg_info
[1.229s] creating build/camera_processor/camera_processor.egg-info
[1.248s] writing build/camera_processor/camera_processor.egg-info/PKG-INFO
[1.248s] writing dependency_links to build/camera_processor/camera_processor.egg-info/dependency_links.txt
[1.248s] writing entry points to build/camera_processor/camera_processor.egg-info/entry_points.txt
[1.249s] writing requirements to build/camera_processor/camera_processor.egg-info/requires.txt
[1.249s] writing top-level names to build/camera_processor/camera_processor.egg-info/top_level.txt
[1.249s] writing manifest file 'build/camera_processor/camera_processor.egg-info/SOURCES.txt'
[1.288s] reading manifest file 'build/camera_processor/camera_processor.egg-info/SOURCES.txt'
[1.289s] writing manifest file 'build/camera_processor/camera_processor.egg-info/SOURCES.txt'
[1.289s] running build
[1.290s] running build_py
[1.290s] creating /home/michael/ros2_ws/mega_prosjekt/src/mekatronikk_mega_prosjekt/camera_processor/build/camera_processor/build
[1.290s] creating /home/michael/ros2_ws/mega_prosjekt/src/mekatronikk_mega_prosjekt/camera_processor/build/camera_processor/build/lib
[1.290s] creating /home/michael/ros2_ws/mega_prosjekt/src/mekatronikk_mega_prosjekt/camera_processor/build/camera_processor/build/lib/camera_processor
[1.290s] copying camera_processor/cube_tracker.py -> /home/michael/ros2_ws/mega_prosjekt/src/mekatronikk_mega_prosjekt/camera_processor/build/camera_processor/build/lib/camera_processor
[1.290s] copying camera_processor/__init__.py -> /home/michael/ros2_ws/mega_prosjekt/src/mekatronikk_mega_prosjekt/camera_processor/build/camera_processor/build/lib/camera_processor
[1.290s] running install
[1.298s] running install_lib
[1.318s] creating /home/michael/ros2_ws/mega_prosjekt/src/mekatronikk_mega_prosjekt/camera_processor/install/camera_processor/lib/python3.12/site-packages/camera_processor
[1.318s] copying /home/michael/ros2_ws/mega_prosjekt/src/mekatronikk_mega_prosjekt/camera_processor/build/camera_processor/build/lib/camera_processor/cube_tracker.py -> /home/michael/ros2_ws/mega_prosjekt/src/mekatronikk_mega_prosjekt/camera_processor/install/camera_processor/lib/python3.12/site-packages/camera_processor
[1.318s] copying /home/michael/ros2_ws/mega_prosjekt/src/mekatronikk_mega_prosjekt/camera_processor/build/camera_processor/build/lib/camera_processor/__init__.py -> /home/michael/ros2_ws/mega_prosjekt/src/mekatronikk_mega_prosjekt/camera_processor/install/camera_processor/lib/python3.12/site-packages/camera_processor
[1.319s] byte-compiling /home/michael/ros2_ws/mega_prosjekt/src/mekatronikk_mega_prosjekt/camera_processor/install/camera_processor/lib/python3.12/site-packages/camera_processor/cube_tracker.py to cube_tracker.cpython-312.pyc
[1.321s] byte-compiling /home/michael/ros2_ws/mega_prosjekt/src/mekatronikk_mega_prosjekt/camera_processor/install/camera_processor/lib/python3.12/site-packages/camera_processor/__init__.py to __init__.cpython-312.pyc
[1.321s] running install_data
[1.321s] creating /home/michael/ros2_ws/mega_prosjekt/src/mekatronikk_mega_prosjekt/camera_processor/install/camera_processor/share/ament_index
[1.321s] creating /home/michael/ros2_ws/mega_prosjekt/src/mekatronikk_mega_prosjekt/camera_processor/install/camera_processor/share/ament_index/resource_index
[1.321s] creating /home/michael/ros2_ws/mega_prosjekt/src/mekatronikk_mega_prosjekt/camera_processor/install/camera_processor/share/ament_index/resource_index/packages
[1.322s] copying resource/camera_processor -> /home/michael/ros2_ws/mega_prosjekt/src/mekatronikk_mega_prosjekt/camera_processor/install/camera_processor/share/ament_index/resource_index/packages
[1.322s] copying package.xml -> /home/michael/ros2_ws/mega_prosjekt/src/mekatronikk_mega_prosjekt/camera_processor/install/camera_processor/share/camera_processor
[1.322s] creating /home/michael/ros2_ws/mega_prosjekt/src/mekatronikk_mega_prosjekt/camera_processor/install/camera_processor/share/camera_processor/launch
[1.322s] copying launch/camera_tracking.launch.py -> /home/michael/ros2_ws/mega_prosjekt/src/mekatronikk_mega_prosjekt/camera_processor/install/camera_processor/share/camera_processor/launch
[1.322s] creating /home/michael/ros2_ws/mega_prosjekt/src/mekatronikk_mega_prosjekt/camera_processor/install/camera_processor/share/camera_processor/config
[1.322s] error: can't copy 'config/usb_cam_parameters.yaml': doesn't exist or not a regular file
[1.345s] Invoked command in '/home/michael/ros2_ws/mega_prosjekt/src/mekatronikk_mega_prosjekt/camera_processor' returned '1': DEBUGINFOD_URLS=https://debuginfod.ubuntu.com PS1=\[\e]0;\u@\h: \w\a\]${debian_chroot:+($debian_chroot)}\[\033[01;32m\]\u@\h\[\033[00m\]:\[\033[01;34m\]\w\[\033[00m\]\$ PYTHONPATH=/home/michael/ros2_ws/mega_prosjekt/src/mekatronikk_mega_prosjekt/camera_processor/build/camera_processor/prefix_override:/usr/lib/python3/dist-packages/colcon_core/task/python/colcon_distutils_commands:/home/michael/ros2_ws/mega_prosjekt/src/mekatronikk_mega_prosjekt/camera_processor/install/camera_processor/lib/python3.12/site-packages:${PYTHONPATH} /usr/bin/python3 -W ignore:setup.py install is deprecated -W ignore:easy_install command is deprecated setup.py egg_info --egg-base build/camera_processor build --build-base /home/michael/ros2_ws/mega_prosjekt/src/mekatronikk_mega_prosjekt/camera_processor/build/camera_processor/build install --record /home/michael/ros2_ws/mega_prosjekt/src/mekatronikk_mega_prosjekt/camera_processor/build/camera_processor/install.log --single-version-externally-managed install_data
