[0.169s] DEBUG:colcon:Command line arguments: ['/home/michael/ros2_ws/.venv/bin/colcon', 'build', '--packages-select', 'scene_handler']
[0.169s] DEBUG:colcon:Parsed command line arguments: Namespace(log_base=None, log_level=None, verb_name='build', build_base='build', install_base='install', merge_install=False, symlink_install=False, test_result_base=None, continue_on_error=False, executor='parallel', parallel_workers=16, event_handlers=None, ignore_user_meta=False, metas=['./colcon.meta'], base_paths=['.'], packages_ignore=None, packages_ignore_regex=None, paths=None, packages_up_to=None, packages_up_to_regex=None, packages_above=None, packages_above_and_dependencies=None, packages_above_depth=None, packages_select_by_dep=None, packages_skip_by_dep=None, packages_skip_up_to=None, packages_select_build_failed=False, packages_skip_build_finished=False, packages_select_test_failures=False, packages_skip_test_passed=False, packages_select=['scene_handler'], packages_skip=None, packages_select_regex=None, packages_skip_regex=None, packages_start=None, packages_end=None, cmake_args=None, cmake_target=None, cmake_target_skip_unavailable=False, cmake_clean_cache=False, cmake_clean_first=False, cmake_force_configure=False, ament_cmake_args=None, catkin_cmake_args=None, catkin_skip_building_tests=False, verb_parser=<colcon_defaults.argument_parser.defaults.DefaultArgumentsDecorator object at 0x705a9f407da0>, verb_extension=<colcon_core.verb.build.BuildVerb object at 0x705a9f407bc0>, main=<bound method BuildVerb.main of <colcon_core.verb.build.BuildVerb object at 0x705a9f407bc0>>)
[0.231s] Level 1:colcon.colcon_core.package_discovery:discover_packages(colcon_meta) check parameters
[0.232s] Level 1:colcon.colcon_core.package_discovery:discover_packages(recursive) check parameters
[0.232s] Level 1:colcon.colcon_core.package_discovery:discover_packages(ignore) check parameters
[0.232s] Level 1:colcon.colcon_core.package_discovery:discover_packages(path) check parameters
[0.232s] Level 1:colcon.colcon_core.package_discovery:discover_packages(colcon_meta) discover
[0.232s] Level 1:colcon.colcon_core.package_discovery:discover_packages(recursive) discover
[0.232s] INFO:colcon.colcon_core.package_discovery:Crawling recursively for packages in '/home/michael/ros2_ws/mega_prosjekt/src/mekatronikk_mega_prosjekt'
[0.232s] Level 1:colcon.colcon_core.package_identification:_identify(.) by extensions ['ignore', 'ignore_ament_install']
[0.232s] Level 1:colcon.colcon_core.package_identification:_identify(.) by extension 'ignore'
[0.232s] Level 1:colcon.colcon_core.package_identification:_identify(.) by extension 'ignore_ament_install'
[0.232s] Level 1:colcon.colcon_core.package_identification:_identify(.) by extensions ['colcon_pkg']
[0.232s] Level 1:colcon.colcon_core.package_identification:_identify(.) by extension 'colcon_pkg'
[0.232s] Level 1:colcon.colcon_core.package_identification:_identify(.) by extensions ['colcon_meta']
[0.232s] Level 1:colcon.colcon_core.package_identification:_identify(.) by extension 'colcon_meta'
[0.232s] Level 1:colcon.colcon_core.package_identification:_identify(.) by extensions ['ros']
[0.232s] Level 1:colcon.colcon_core.package_identification:_identify(.) by extension 'ros'
[0.268s] Level 1:colcon.colcon_core.package_identification:_identify(.) by extensions ['cmake', 'python']
[0.268s] Level 1:colcon.colcon_core.package_identification:_identify(.) by extension 'cmake'
[0.268s] Level 1:colcon.colcon_core.package_identification:_identify(.) by extension 'python'
[0.268s] Level 1:colcon.colcon_core.package_identification:_identify(.) by extensions ['python_setup_py']
[0.268s] Level 1:colcon.colcon_core.package_identification:_identify(.) by extension 'python_setup_py'
[0.268s] Level 1:colcon.colcon_core.package_identification:_identify(bringup_robot) by extensions ['ignore', 'ignore_ament_install']
[0.268s] Level 1:colcon.colcon_core.package_identification:_identify(bringup_robot) by extension 'ignore'
[0.268s] Level 1:colcon.colcon_core.package_identification:_identify(bringup_robot) by extension 'ignore_ament_install'
[0.269s] Level 1:colcon.colcon_core.package_identification:_identify(bringup_robot) by extensions ['colcon_pkg']
[0.269s] Level 1:colcon.colcon_core.package_identification:_identify(bringup_robot) by extension 'colcon_pkg'
[0.269s] Level 1:colcon.colcon_core.package_identification:_identify(bringup_robot) by extensions ['colcon_meta']
[0.269s] Level 1:colcon.colcon_core.package_identification:_identify(bringup_robot) by extension 'colcon_meta'
[0.269s] Level 1:colcon.colcon_core.package_identification:_identify(bringup_robot) by extensions ['ros']
[0.269s] Level 1:colcon.colcon_core.package_identification:_identify(bringup_robot) by extension 'ros'
[0.273s] DEBUG:colcon.colcon_core.package_identification:Package 'bringup_robot' with type 'ros.ament_python' and name 'bringup_robot'
[0.273s] Level 1:colcon.colcon_core.package_identification:_identify(build) by extensions ['ignore', 'ignore_ament_install']
[0.273s] Level 1:colcon.colcon_core.package_identification:_identify(build) by extension 'ignore'
[0.273s] Level 1:colcon.colcon_core.package_identification:_identify(build) ignored
[0.274s] Level 1:colcon.colcon_core.package_identification:_identify(camera_processor) by extensions ['ignore', 'ignore_ament_install']
[0.274s] Level 1:colcon.colcon_core.package_identification:_identify(camera_processor) by extension 'ignore'
[0.274s] Level 1:colcon.colcon_core.package_identification:_identify(camera_processor) by extension 'ignore_ament_install'
[0.274s] Level 1:colcon.colcon_core.package_identification:_identify(camera_processor) by extensions ['colcon_pkg']
[0.274s] Level 1:colcon.colcon_core.package_identification:_identify(camera_processor) by extension 'colcon_pkg'
[0.274s] Level 1:colcon.colcon_core.package_identification:_identify(camera_processor) by extensions ['colcon_meta']
[0.274s] Level 1:colcon.colcon_core.package_identification:_identify(camera_processor) by extension 'colcon_meta'
[0.274s] Level 1:colcon.colcon_core.package_identification:_identify(camera_processor) by extensions ['ros']
[0.274s] Level 1:colcon.colcon_core.package_identification:_identify(camera_processor) by extension 'ros'
[0.275s] DEBUG:colcon.colcon_core.package_identification:Package 'camera_processor' with type 'ros.ament_python' and name 'camera_processor'
[0.275s] Level 1:colcon.colcon_core.package_identification:_identify(input_handler) by extensions ['ignore', 'ignore_ament_install']
[0.275s] Level 1:colcon.colcon_core.package_identification:_identify(input_handler) by extension 'ignore'
[0.275s] Level 1:colcon.colcon_core.package_identification:_identify(input_handler) by extension 'ignore_ament_install'
[0.275s] Level 1:colcon.colcon_core.package_identification:_identify(input_handler) by extensions ['colcon_pkg']
[0.275s] Level 1:colcon.colcon_core.package_identification:_identify(input_handler) by extension 'colcon_pkg'
[0.275s] Level 1:colcon.colcon_core.package_identification:_identify(input_handler) by extensions ['colcon_meta']
[0.275s] Level 1:colcon.colcon_core.package_identification:_identify(input_handler) by extension 'colcon_meta'
[0.275s] Level 1:colcon.colcon_core.package_identification:_identify(input_handler) by extensions ['ros']
[0.275s] Level 1:colcon.colcon_core.package_identification:_identify(input_handler) by extension 'ros'
[0.276s] DEBUG:colcon.colcon_core.package_identification:Package 'input_handler' with type 'ros.ament_python' and name 'input_handler'
[0.276s] Level 1:colcon.colcon_core.package_identification:_identify(install) by extensions ['ignore', 'ignore_ament_install']
[0.276s] Level 1:colcon.colcon_core.package_identification:_identify(install) by extension 'ignore'
[0.276s] Level 1:colcon.colcon_core.package_identification:_identify(install) ignored
[0.276s] Level 1:colcon.colcon_core.package_identification:_identify(log) by extensions ['ignore', 'ignore_ament_install']
[0.276s] Level 1:colcon.colcon_core.package_identification:_identify(log) by extension 'ignore'
[0.276s] Level 1:colcon.colcon_core.package_identification:_identify(log) ignored
[0.277s] Level 1:colcon.colcon_core.package_identification:_identify(process_handler) by extensions ['ignore', 'ignore_ament_install']
[0.277s] Level 1:colcon.colcon_core.package_identification:_identify(process_handler) by extension 'ignore'
[0.277s] Level 1:colcon.colcon_core.package_identification:_identify(process_handler) by extension 'ignore_ament_install'
[0.277s] Level 1:colcon.colcon_core.package_identification:_identify(process_handler) by extensions ['colcon_pkg']
[0.277s] Level 1:colcon.colcon_core.package_identification:_identify(process_handler) by extension 'colcon_pkg'
[0.277s] Level 1:colcon.colcon_core.package_identification:_identify(process_handler) by extensions ['colcon_meta']
[0.277s] Level 1:colcon.colcon_core.package_identification:_identify(process_handler) by extension 'colcon_meta'
[0.277s] Level 1:colcon.colcon_core.package_identification:_identify(process_handler) by extensions ['ros']
[0.277s] Level 1:colcon.colcon_core.package_identification:_identify(process_handler) by extension 'ros'
[0.278s] DEBUG:colcon.colcon_core.package_identification:Package 'process_handler' with type 'ros.ament_python' and name 'process_handler'
[0.278s] Level 1:colcon.colcon_core.package_identification:_identify(process_msgs) by extensions ['ignore', 'ignore_ament_install']
[0.278s] Level 1:colcon.colcon_core.package_identification:_identify(process_msgs) by extension 'ignore'
[0.278s] Level 1:colcon.colcon_core.package_identification:_identify(process_msgs) by extension 'ignore_ament_install'
[0.278s] Level 1:colcon.colcon_core.package_identification:_identify(process_msgs) by extensions ['colcon_pkg']
[0.278s] Level 1:colcon.colcon_core.package_identification:_identify(process_msgs) by extension 'colcon_pkg'
[0.278s] Level 1:colcon.colcon_core.package_identification:_identify(process_msgs) by extensions ['colcon_meta']
[0.278s] Level 1:colcon.colcon_core.package_identification:_identify(process_msgs) by extension 'colcon_meta'
[0.278s] Level 1:colcon.colcon_core.package_identification:_identify(process_msgs) by extensions ['ros']
[0.278s] Level 1:colcon.colcon_core.package_identification:_identify(process_msgs) by extension 'ros'
[0.279s] DEBUG:colcon.colcon_core.package_identification:Package 'process_msgs' with type 'ros.ament_cmake' and name 'process_msgs'
[0.279s] Level 1:colcon.colcon_core.package_identification:_identify(robot_controller) by extensions ['ignore', 'ignore_ament_install']
[0.279s] Level 1:colcon.colcon_core.package_identification:_identify(robot_controller) by extension 'ignore'
[0.279s] Level 1:colcon.colcon_core.package_identification:_identify(robot_controller) by extension 'ignore_ament_install'
[0.279s] Level 1:colcon.colcon_core.package_identification:_identify(robot_controller) by extensions ['colcon_pkg']
[0.279s] Level 1:colcon.colcon_core.package_identification:_identify(robot_controller) by extension 'colcon_pkg'
[0.279s] Level 1:colcon.colcon_core.package_identification:_identify(robot_controller) by extensions ['colcon_meta']
[0.279s] Level 1:colcon.colcon_core.package_identification:_identify(robot_controller) by extension 'colcon_meta'
[0.279s] Level 1:colcon.colcon_core.package_identification:_identify(robot_controller) by extensions ['ros']
[0.279s] Level 1:colcon.colcon_core.package_identification:_identify(robot_controller) by extension 'ros'
[0.280s] DEBUG:colcon.colcon_core.package_identification:Package 'robot_controller' with type 'ros.ament_cmake' and name 'robot_controller'
[0.280s] Level 1:colcon.colcon_core.package_identification:_identify(scene_handler) by extensions ['ignore', 'ignore_ament_install']
[0.280s] Level 1:colcon.colcon_core.package_identification:_identify(scene_handler) by extension 'ignore'
[0.280s] Level 1:colcon.colcon_core.package_identification:_identify(scene_handler) by extension 'ignore_ament_install'
[0.280s] Level 1:colcon.colcon_core.package_identification:_identify(scene_handler) by extensions ['colcon_pkg']
[0.280s] Level 1:colcon.colcon_core.package_identification:_identify(scene_handler) by extension 'colcon_pkg'
[0.280s] Level 1:colcon.colcon_core.package_identification:_identify(scene_handler) by extensions ['colcon_meta']
[0.280s] Level 1:colcon.colcon_core.package_identification:_identify(scene_handler) by extension 'colcon_meta'
[0.280s] Level 1:colcon.colcon_core.package_identification:_identify(scene_handler) by extensions ['ros']
[0.280s] Level 1:colcon.colcon_core.package_identification:_identify(scene_handler) by extension 'ros'
[0.281s] DEBUG:colcon.colcon_core.package_identification:Package 'scene_handler' with type 'ros.ament_cmake' and name 'scene_handler'
[0.281s] Level 1:colcon.colcon_core.package_discovery:discover_packages(recursive) using defaults
[0.281s] Level 1:colcon.colcon_core.package_discovery:discover_packages(ignore) discover
[0.281s] Level 1:colcon.colcon_core.package_discovery:discover_packages(ignore) using defaults
[0.281s] Level 1:colcon.colcon_core.package_discovery:discover_packages(path) discover
[0.281s] Level 1:colcon.colcon_core.package_discovery:discover_packages(path) using defaults
[0.302s] INFO:colcon.colcon_core.package_selection:Skipping not selected package 'bringup_robot' in 'bringup_robot'
[0.302s] INFO:colcon.colcon_core.package_selection:Skipping not selected package 'camera_processor' in 'camera_processor'
[0.302s] INFO:colcon.colcon_core.package_selection:Skipping not selected package 'input_handler' in 'input_handler'
[0.302s] INFO:colcon.colcon_core.package_selection:Skipping not selected package 'process_handler' in 'process_handler'
[0.302s] INFO:colcon.colcon_core.package_selection:Skipping not selected package 'process_msgs' in 'process_msgs'
[0.302s] INFO:colcon.colcon_core.package_selection:Skipping not selected package 'robot_controller' in 'robot_controller'
[0.303s] Level 5:colcon.colcon_core.verb:set package 'scene_handler' build argument 'cmake_args' from command line to 'None'
[0.303s] Level 5:colcon.colcon_core.verb:set package 'scene_handler' build argument 'cmake_target' from command line to 'None'
[0.303s] Level 5:colcon.colcon_core.verb:set package 'scene_handler' build argument 'cmake_target_skip_unavailable' from command line to 'False'
[0.303s] Level 5:colcon.colcon_core.verb:set package 'scene_handler' build argument 'cmake_clean_cache' from command line to 'False'
[0.303s] Level 5:colcon.colcon_core.verb:set package 'scene_handler' build argument 'cmake_clean_first' from command line to 'False'
[0.303s] Level 5:colcon.colcon_core.verb:set package 'scene_handler' build argument 'cmake_force_configure' from command line to 'False'
[0.303s] Level 5:colcon.colcon_core.verb:set package 'scene_handler' build argument 'ament_cmake_args' from command line to 'None'
[0.303s] Level 5:colcon.colcon_core.verb:set package 'scene_handler' build argument 'catkin_cmake_args' from command line to 'None'
[0.303s] Level 5:colcon.colcon_core.verb:set package 'scene_handler' build argument 'catkin_skip_building_tests' from command line to 'False'
[0.303s] DEBUG:colcon.colcon_core.verb:Building package 'scene_handler' with the following arguments: {'ament_cmake_args': None, 'build_base': '/home/michael/ros2_ws/mega_prosjekt/src/mekatronikk_mega_prosjekt/build/scene_handler', 'catkin_cmake_args': None, 'catkin_skip_building_tests': False, 'cmake_args': None, 'cmake_clean_cache': False, 'cmake_clean_first': False, 'cmake_force_configure': False, 'cmake_target': None, 'cmake_target_skip_unavailable': False, 'install_base': '/home/michael/ros2_ws/mega_prosjekt/src/mekatronikk_mega_prosjekt/install/scene_handler', 'merge_install': False, 'path': '/home/michael/ros2_ws/mega_prosjekt/src/mekatronikk_mega_prosjekt/scene_handler', 'symlink_install': False, 'test_result_base': None}
[0.303s] INFO:colcon.colcon_core.executor:Executing jobs using 'parallel' executor
[0.304s] DEBUG:colcon.colcon_parallel_executor.executor.parallel:run_until_complete
[0.304s] INFO:colcon.colcon_ros.task.ament_cmake.build:Building ROS package in '/home/michael/ros2_ws/mega_prosjekt/src/mekatronikk_mega_prosjekt/scene_handler' with build type 'ament_cmake'
[0.305s] INFO:colcon.colcon_cmake.task.cmake.build:Building CMake package in '/home/michael/ros2_ws/mega_prosjekt/src/mekatronikk_mega_prosjekt/scene_handler'
[0.309s] INFO:colcon.colcon_core.plugin_system:Skipping extension 'colcon_core.shell.bat': Not used on non-Windows systems
[0.310s] INFO:colcon.colcon_core.shell:Skip shell extension 'powershell' for command environment: Not usable outside of PowerShell
[0.310s] DEBUG:colcon.colcon_core.shell:Skip shell extension 'dsv' for command environment
[0.322s] DEBUG:colcon.colcon_core.event_handler.log_command:Invoking command in '/home/michael/ros2_ws/mega_prosjekt/src/mekatronikk_mega_prosjekt/build/scene_handler': CMAKE_PREFIX_PATH=${CMAKE_PREFIX_PATH}:/opt/ros/jazzy DEBUGINFOD_URLS=https://debuginfod.ubuntu.com PS1=(.venv) \[\e]0;\u@\h: \w\a\]${debian_chroot:+($debian_chroot)}\[\033[01;32m\]\u@\h\[\033[00m\]:\[\033[01;34m\]\w\[\033[00m\]\$ VIRTUAL_ENV_PROMPT=(.venv) /usr/bin/cmake /home/michael/ros2_ws/mega_prosjekt/src/mekatronikk_mega_prosjekt/scene_handler -DCMAKE_INSTALL_PREFIX=/home/michael/ros2_ws/mega_prosjekt/src/mekatronikk_mega_prosjekt/install/scene_handler
[1.064s] DEBUG:colcon.colcon_core.event_handler.log_command:Invoked command in '/home/michael/ros2_ws/mega_prosjekt/src/mekatronikk_mega_prosjekt/build/scene_handler' returned '1': CMAKE_PREFIX_PATH=${CMAKE_PREFIX_PATH}:/opt/ros/jazzy DEBUGINFOD_URLS=https://debuginfod.ubuntu.com PS1=(.venv) \[\e]0;\u@\h: \w\a\]${debian_chroot:+($debian_chroot)}\[\033[01;32m\]\u@\h\[\033[00m\]:\[\033[01;34m\]\w\[\033[00m\]\$ VIRTUAL_ENV_PROMPT=(.venv) /usr/bin/cmake /home/michael/ros2_ws/mega_prosjekt/src/mekatronikk_mega_prosjekt/scene_handler -DCMAKE_INSTALL_PREFIX=/home/michael/ros2_ws/mega_prosjekt/src/mekatronikk_mega_prosjekt/install/scene_handler
[1.080s] Level 1:colcon.colcon_core.environment:create_environment_scripts_only(scene_handler)
[1.083s] Level 1:colcon.colcon_core.environment:checking '/home/michael/ros2_ws/mega_prosjekt/src/mekatronikk_mega_prosjekt/install/scene_handler' for CMake module files
[1.084s] Level 1:colcon.colcon_core.environment:checking '/home/michael/ros2_ws/mega_prosjekt/src/mekatronikk_mega_prosjekt/install/scene_handler' for CMake config files
[1.084s] Level 1:colcon.colcon_core.environment:checking '/home/michael/ros2_ws/mega_prosjekt/src/mekatronikk_mega_prosjekt/install/scene_handler/bin'
[1.085s] Level 1:colcon.colcon_core.environment:checking '/home/michael/ros2_ws/mega_prosjekt/src/mekatronikk_mega_prosjekt/install/scene_handler/lib/pkgconfig/scene_handler.pc'
[1.086s] Level 1:colcon.colcon_core.environment:checking '/home/michael/ros2_ws/mega_prosjekt/src/mekatronikk_mega_prosjekt/install/scene_handler/lib/python3.12/site-packages'
[1.087s] Level 1:colcon.colcon_core.environment:checking '/home/michael/ros2_ws/mega_prosjekt/src/mekatronikk_mega_prosjekt/install/scene_handler/bin'
[1.087s] INFO:colcon.colcon_core.shell:Creating package script '/home/michael/ros2_ws/mega_prosjekt/src/mekatronikk_mega_prosjekt/install/scene_handler/share/scene_handler/package.ps1'
[1.089s] INFO:colcon.colcon_core.shell:Creating package descriptor '/home/michael/ros2_ws/mega_prosjekt/src/mekatronikk_mega_prosjekt/install/scene_handler/share/scene_handler/package.dsv'
[1.090s] INFO:colcon.colcon_core.shell:Creating package script '/home/michael/ros2_ws/mega_prosjekt/src/mekatronikk_mega_prosjekt/install/scene_handler/share/scene_handler/package.sh'
[1.091s] INFO:colcon.colcon_core.shell:Creating package script '/home/michael/ros2_ws/mega_prosjekt/src/mekatronikk_mega_prosjekt/install/scene_handler/share/scene_handler/package.bash'
[1.092s] INFO:colcon.colcon_core.shell:Creating package script '/home/michael/ros2_ws/mega_prosjekt/src/mekatronikk_mega_prosjekt/install/scene_handler/share/scene_handler/package.zsh'
[1.094s] Level 1:colcon.colcon_core.environment:create_file_with_runtime_dependencies(/home/michael/ros2_ws/mega_prosjekt/src/mekatronikk_mega_prosjekt/install/scene_handler/share/colcon-core/packages/scene_handler)
[1.104s] DEBUG:colcon.colcon_parallel_executor.executor.parallel:closing loop
[1.105s] DEBUG:colcon.colcon_parallel_executor.executor.parallel:loop closed
[1.105s] DEBUG:colcon.colcon_parallel_executor.executor.parallel:run_until_complete finished with '1'
[1.105s] DEBUG:colcon.colcon_core.event_reactor:joining thread
[1.109s] INFO:colcon.colcon_core.plugin_system:Skipping extension 'colcon_notification.desktop_notification.notify2': 'notify2' not found
[1.109s] INFO:colcon.colcon_core.plugin_system:Skipping extension 'colcon_notification.desktop_notification.terminal_notifier': Not used on non-Darwin systems
[1.109s] INFO:colcon.colcon_core.plugin_system:Skipping extension 'colcon_notification.desktop_notification.win32': Not used on non-Windows systems
[1.109s] INFO:colcon.colcon_notification.desktop_notification:Sending desktop notification using 'notify_send'
[1.151s] DEBUG:colcon.colcon_core.event_reactor:joined thread
[1.152s] INFO:colcon.colcon_core.shell:Creating prefix script '/home/michael/ros2_ws/mega_prosjekt/src/mekatronikk_mega_prosjekt/install/local_setup.ps1'
[1.154s] INFO:colcon.colcon_core.shell:Creating prefix util module '/home/michael/ros2_ws/mega_prosjekt/src/mekatronikk_mega_prosjekt/install/_local_setup_util_ps1.py'
[1.158s] INFO:colcon.colcon_core.shell:Creating prefix chain script '/home/michael/ros2_ws/mega_prosjekt/src/mekatronikk_mega_prosjekt/install/setup.ps1'
[1.160s] INFO:colcon.colcon_core.shell:Creating prefix script '/home/michael/ros2_ws/mega_prosjekt/src/mekatronikk_mega_prosjekt/install/local_setup.sh'
[1.161s] INFO:colcon.colcon_core.shell:Creating prefix util module '/home/michael/ros2_ws/mega_prosjekt/src/mekatronikk_mega_prosjekt/install/_local_setup_util_sh.py'
[1.163s] INFO:colcon.colcon_core.shell:Creating prefix chain script '/home/michael/ros2_ws/mega_prosjekt/src/mekatronikk_mega_prosjekt/install/setup.sh'
[1.165s] INFO:colcon.colcon_core.shell:Creating prefix script '/home/michael/ros2_ws/mega_prosjekt/src/mekatronikk_mega_prosjekt/install/local_setup.bash'
[1.166s] INFO:colcon.colcon_core.shell:Creating prefix chain script '/home/michael/ros2_ws/mega_prosjekt/src/mekatronikk_mega_prosjekt/install/setup.bash'
[1.167s] INFO:colcon.colcon_core.shell:Creating prefix script '/home/michael/ros2_ws/mega_prosjekt/src/mekatronikk_mega_prosjekt/install/local_setup.zsh'
[1.168s] INFO:colcon.colcon_core.shell:Creating prefix chain script '/home/michael/ros2_ws/mega_prosjekt/src/mekatronikk_mega_prosjekt/install/setup.zsh'
