/home/michael/ros2_ws/.venv/lib/python3.12/site-packages/setuptools/_distutils/dist.py:289: UserWarning: Unknown distribution option: 'tests_require'
  warnings.warn(msg)
running egg_info
creating ../build/input_handler/input_handler.egg-info
writing ../build/input_handler/input_handler.egg-info/PKG-INFO
writing dependency_links to ../build/input_handler/input_handler.egg-info/dependency_links.txt
writing entry points to ../build/input_handler/input_handler.egg-info/entry_points.txt
writing requirements to ../build/input_handler/input_handler.egg-info/requires.txt
writing top-level names to ../build/input_handler/input_handler.egg-info/top_level.txt
writing manifest file '../build/input_handler/input_handler.egg-info/SOURCES.txt'
reading manifest file '../build/input_handler/input_handler.egg-info/SOURCES.txt'
writing manifest file '../build/input_handler/input_handler.egg-info/SOURCES.txt'
running build
running build_py
creating /home/michael/ros2_ws/mega_prosjekt/src/mekatronikk_mega_prosjekt/build/input_handler/build/lib/input_handler
copying input_handler/input_handler.py -> /home/michael/ros2_ws/mega_prosjekt/src/mekatronikk_mega_prosjekt/build/input_handler/build/lib/input_handler
copying input_handler/__init__.py -> /home/michael/ros2_ws/mega_prosjekt/src/mekatronikk_mega_prosjekt/build/input_handler/build/lib/input_handler
running install
running install_lib
creating /home/michael/ros2_ws/mega_prosjekt/src/mekatronikk_mega_prosjekt/install/input_handler/lib/python3.12/site-packages/input_handler
copying /home/michael/ros2_ws/mega_prosjekt/src/mekatronikk_mega_prosjekt/build/input_handler/build/lib/input_handler/input_handler.py -> /home/michael/ros2_ws/mega_prosjekt/src/mekatronikk_mega_prosjekt/install/input_handler/lib/python3.12/site-packages/input_handler
copying /home/michael/ros2_ws/mega_prosjekt/src/mekatronikk_mega_prosjekt/build/input_handler/build/lib/input_handler/__init__.py -> /home/michael/ros2_ws/mega_prosjekt/src/mekatronikk_mega_prosjekt/install/input_handler/lib/python3.12/site-packages/input_handler
byte-compiling /home/michael/ros2_ws/mega_prosjekt/src/mekatronikk_mega_prosjekt/install/input_handler/lib/python3.12/site-packages/input_handler/input_handler.py to input_handler.cpython-312.pyc
byte-compiling /home/michael/ros2_ws/mega_prosjekt/src/mekatronikk_mega_prosjekt/install/input_handler/lib/python3.12/site-packages/input_handler/__init__.py to __init__.cpython-312.pyc
running install_data
creating /home/michael/ros2_ws/mega_prosjekt/src/mekatronikk_mega_prosjekt/install/input_handler/share/ament_index/resource_index/packages
copying resource/input_handler -> /home/michael/ros2_ws/mega_prosjekt/src/mekatronikk_mega_prosjekt/install/input_handler/share/ament_index/resource_index/packages
copying package.xml -> /home/michael/ros2_ws/mega_prosjekt/src/mekatronikk_mega_prosjekt/install/input_handler/share/input_handler
running install_egg_info
Copying ../build/input_handler/input_handler.egg-info to /home/michael/ros2_ws/mega_prosjekt/src/mekatronikk_mega_prosjekt/install/input_handler/lib/python3.12/site-packages/input_handler-0.0.0-py3.12.egg-info
running install_scripts
Installing input_handler script to /home/michael/ros2_ws/mega_prosjekt/src/mekatronikk_mega_prosjekt/install/input_handler/lib/input_handler
writing list of installed files to '/home/michael/ros2_ws/mega_prosjekt/src/mekatronikk_mega_prosjekt/build/input_handler/install.log'
