[1.940s] Invoking command in '/home/michael/ros2_ws/mega_prosjekt/src/mekatronikk_mega_prosjekt/input_handler': DEBUGINFOD_URLS=https://debuginfod.ubuntu.com PS1=(.venv) \[\e]0;\u@\h: \w\a\]${debian_chroot:+($debian_chroot)}\[\033[01;32m\]\u@\h\[\033[00m\]:\[\033[01;34m\]\w\[\033[00m\]\$ PYTHONPATH=/home/michael/ros2_ws/mega_prosjekt/src/mekatronikk_mega_prosjekt/build/input_handler/prefix_override:/home/michael/ros2_ws/.venv/lib/python3.12/site-packages/colcon_core/task/python/colcon_distutils_commands:/home/michael/ros2_ws/mega_prosjekt/src/mekatronikk_mega_prosjekt/install/input_handler/lib/python3.12/site-packages:${PYTHONPATH} VIRTUAL_ENV_PROMPT=(.venv) /home/michael/ros2_ws/.venv/bin/python3.12 -W ignore:setup.py install is deprecated -W ignore:easy_install command is deprecated setup.py egg_info --egg-base ../build/input_handler build --build-base /home/michael/ros2_ws/mega_prosjekt/src/mekatronikk_mega_prosjekt/build/input_handler/build install --record /home/michael/ros2_ws/mega_prosjekt/src/mekatronikk_mega_prosjekt/build/input_handler/install.log --single-version-externally-managed install_data
[2.142s] /home/michael/ros2_ws/.venv/lib/python3.12/site-packages/setuptools/_distutils/dist.py:289: UserWarning: Unknown distribution option: 'tests_require'
[2.142s]   warnings.warn(msg)
[2.239s] running egg_info
[2.253s] creating ../build/input_handler/input_handler.egg-info
[2.253s] writing ../build/input_handler/input_handler.egg-info/PKG-INFO
[2.253s] writing dependency_links to ../build/input_handler/input_handler.egg-info/dependency_links.txt
[2.253s] writing entry points to ../build/input_handler/input_handler.egg-info/entry_points.txt
[2.253s] writing requirements to ../build/input_handler/input_handler.egg-info/requires.txt
[2.254s] writing top-level names to ../build/input_handler/input_handler.egg-info/top_level.txt
[2.254s] writing manifest file '../build/input_handler/input_handler.egg-info/SOURCES.txt'
[2.285s] reading manifest file '../build/input_handler/input_handler.egg-info/SOURCES.txt'
[2.287s] writing manifest file '../build/input_handler/input_handler.egg-info/SOURCES.txt'
[2.287s] running build
[2.287s] running build_py
[2.287s] creating /home/michael/ros2_ws/mega_prosjekt/src/mekatronikk_mega_prosjekt/build/input_handler/build/lib/input_handler
[2.288s] copying input_handler/input_handler.py -> /home/michael/ros2_ws/mega_prosjekt/src/mekatronikk_mega_prosjekt/build/input_handler/build/lib/input_handler
[2.288s] copying input_handler/__init__.py -> /home/michael/ros2_ws/mega_prosjekt/src/mekatronikk_mega_prosjekt/build/input_handler/build/lib/input_handler
[2.288s] running install
[2.293s] running install_lib
[2.309s] creating /home/michael/ros2_ws/mega_prosjekt/src/mekatronikk_mega_prosjekt/install/input_handler/lib/python3.12/site-packages/input_handler
[2.309s] copying /home/michael/ros2_ws/mega_prosjekt/src/mekatronikk_mega_prosjekt/build/input_handler/build/lib/input_handler/input_handler.py -> /home/michael/ros2_ws/mega_prosjekt/src/mekatronikk_mega_prosjekt/install/input_handler/lib/python3.12/site-packages/input_handler
[2.309s] copying /home/michael/ros2_ws/mega_prosjekt/src/mekatronikk_mega_prosjekt/build/input_handler/build/lib/input_handler/__init__.py -> /home/michael/ros2_ws/mega_prosjekt/src/mekatronikk_mega_prosjekt/install/input_handler/lib/python3.12/site-packages/input_handler
[2.310s] byte-compiling /home/michael/ros2_ws/mega_prosjekt/src/mekatronikk_mega_prosjekt/install/input_handler/lib/python3.12/site-packages/input_handler/input_handler.py to input_handler.cpython-312.pyc
[2.310s] byte-compiling /home/michael/ros2_ws/mega_prosjekt/src/mekatronikk_mega_prosjekt/install/input_handler/lib/python3.12/site-packages/input_handler/__init__.py to __init__.cpython-312.pyc
[2.310s] running install_data
[2.310s] creating /home/michael/ros2_ws/mega_prosjekt/src/mekatronikk_mega_prosjekt/install/input_handler/share/ament_index/resource_index/packages
[2.311s] copying resource/input_handler -> /home/michael/ros2_ws/mega_prosjekt/src/mekatronikk_mega_prosjekt/install/input_handler/share/ament_index/resource_index/packages
[2.311s] copying package.xml -> /home/michael/ros2_ws/mega_prosjekt/src/mekatronikk_mega_prosjekt/install/input_handler/share/input_handler
[2.311s] running install_egg_info
[2.327s] Copying ../build/input_handler/input_handler.egg-info to /home/michael/ros2_ws/mega_prosjekt/src/mekatronikk_mega_prosjekt/install/input_handler/lib/python3.12/site-packages/input_handler-0.0.0-py3.12.egg-info
[2.328s] running install_scripts
[2.358s] Installing input_handler script to /home/michael/ros2_ws/mega_prosjekt/src/mekatronikk_mega_prosjekt/install/input_handler/lib/input_handler
[2.359s] writing list of installed files to '/home/michael/ros2_ws/mega_prosjekt/src/mekatronikk_mega_prosjekt/build/input_handler/install.log'
