[0.987s] Invoking command in '/home/michael/ros2_ws/mega_prosjekt/src/mekatronikk_mega_prosjekt/build/robot_controller': CMAKE_PREFIX_PATH=${CMAKE_PREFIX_PATH}:/home/michael/ros2_ws/mega_prosjekt/src/mekatronikk_mega_prosjekt/install/usb_cam:/home/michael/ros2_ws/mega_prosjekt/install/process_handler:/home/michael/ros2_ws/mega_prosjekt/install/input_handler:/home/michael/ros2_ws/mega_prosjekt/install/camera_processor:/home/michael/ros2_ws/mega_prosjekt/install/bringup_robot:/home/michael/ros2_ws/MegaProsjekt/install/launch_files:/home/michael/ros2_ws/MegaProsjekt/install/camera_processor:/opt/ros/jazzy DEBUGINFOD_URLS=https://debuginfod.ubuntu.com PS1=(.venv) \[\e]0;\u@\h: \w\a\]${debian_chroot:+($debian_chroot)}\[\033[01;32m\]\u@\h\[\033[00m\]:\[\033[01;34m\]\w\[\033[00m\]\$ VIRTUAL_ENV_PROMPT=(.venv) /usr/bin/cmake /home/michael/ros2_ws/mega_prosjekt/src/mekatronikk_mega_prosjekt/robot_controller -DCMAKE_INSTALL_PREFIX=/home/michael/ros2_ws/mega_prosjekt/src/mekatronikk_mega_prosjekt/install/robot_controller
[1.240s] -- The C compiler identification is GNU 13.3.0
[1.241s] -- The CXX compiler identification is GNU 13.3.0
[1.241s] -- Detecting C compiler ABI info
[1.256s] -- Detecting C compiler ABI info - done
[1.267s] -- Check for working C compiler: /usr/bin/cc - skipped
[1.267s] -- Detecting C compile features
[1.268s] -- Detecting C compile features - done
[1.280s] -- Detecting CXX compiler ABI info
[1.396s] -- Detecting CXX compiler ABI info - done
[1.413s] -- Check for working CXX compiler: /usr/bin/c++ - skipped
[1.413s] -- Detecting CXX compile features
[1.414s] -- Detecting CXX compile features - done
[1.416s] -- Found ament_cmake: 2.5.4 (/opt/ros/jazzy/share/ament_cmake/cmake)
[1.577s] -- Found Python3: /home/michael/ros2_ws/.venv/bin/python3 (found version "3.12.3") found components: Interpreter 
[1.728s] -- Found rclcpp: 28.1.6 (/opt/ros/jazzy/share/rclcpp/cmake)
[1.775s] -- Found rosidl_generator_c: 4.6.5 (/opt/ros/jazzy/share/rosidl_generator_c/cmake)
[1.793s] -- Found rosidl_generator_cpp: 4.6.5 (/opt/ros/jazzy/share/rosidl_generator_cpp/cmake)
[1.812s] -- Using all available rosidl_typesupport_c: rosidl_typesupport_fastrtps_c;rosidl_typesupport_introspection_c
[1.834s] -- Using all available rosidl_typesupport_cpp: rosidl_typesupport_fastrtps_cpp;rosidl_typesupport_introspection_cpp
[1.956s] -- Found rmw_implementation_cmake: 7.3.1 (/opt/ros/jazzy/share/rmw_implementation_cmake/cmake)
[1.960s] -- Found rmw_fastrtps_cpp: 8.4.1 (/opt/ros/jazzy/share/rmw_fastrtps_cpp/cmake)
[2.063s] -- Found OpenSSL: /usr/lib/x86_64-linux-gnu/libcrypto.so (found version "3.0.13")  
[2.102s] -- Found FastRTPS: /opt/ros/jazzy/include (Required is at least version "2.13") 
[2.144s] -- Using RMW implementation 'rmw_fastrtps_cpp' as default
[2.249s] [31mCMake Error at CMakeLists.txt:11 (find_package):
[2.249s]   By not providing "Findmoveit_ros_planning_interface.cmake" in
[2.249s]   CMAKE_MODULE_PATH this project has asked CMake to find a package
[2.249s]   configuration file provided by "moveit_ros_planning_interface", but CMake
[2.249s]   did not find one.
[2.249s] 
[2.249s]   Could not find a package configuration file provided by
[2.250s]   "moveit_ros_planning_interface" with any of the following names:
[2.250s] 
[2.250s]     moveit_ros_planning_interfaceConfig.cmake
[2.250s]     moveit_ros_planning_interface-config.cmake
[2.250s] 
[2.250s]   Add the installation prefix of "moveit_ros_planning_interface" to
[2.250s]   CMAKE_PREFIX_PATH or set "moveit_ros_planning_interface_DIR" to a directory
[2.250s]   containing one of the above files.  If "moveit_ros_planning_interface"
[2.250s]   provides a separate development package or SDK, be sure it has been
[2.250s]   installed.
[2.251s] 
[2.251s] [0m
[2.251s] -- Configuring incomplete, errors occurred!
[2.260s] Invoked command in '/home/michael/ros2_ws/mega_prosjekt/src/mekatronikk_mega_prosjekt/build/robot_controller' returned '1': CMAKE_PREFIX_PATH=${CMAKE_PREFIX_PATH}:/home/michael/ros2_ws/mega_prosjekt/src/mekatronikk_mega_prosjekt/install/usb_cam:/home/michael/ros2_ws/mega_prosjekt/install/process_handler:/home/michael/ros2_ws/mega_prosjekt/install/input_handler:/home/michael/ros2_ws/mega_prosjekt/install/camera_processor:/home/michael/ros2_ws/mega_prosjekt/install/bringup_robot:/home/michael/ros2_ws/MegaProsjekt/install/launch_files:/home/michael/ros2_ws/MegaProsjekt/install/camera_processor:/opt/ros/jazzy DEBUGINFOD_URLS=https://debuginfod.ubuntu.com PS1=(.venv) \[\e]0;\u@\h: \w\a\]${debian_chroot:+($debian_chroot)}\[\033[01;32m\]\u@\h\[\033[00m\]:\[\033[01;34m\]\w\[\033[00m\]\$ VIRTUAL_ENV_PROMPT=(.venv) /usr/bin/cmake /home/michael/ros2_ws/mega_prosjekt/src/mekatronikk_mega_prosjekt/robot_controller -DCMAKE_INSTALL_PREFIX=/home/michael/ros2_ws/mega_prosjekt/src/mekatronikk_mega_prosjekt/install/robot_controller
