[0.984s] Invoking command in '/home/michael/ros2_ws/mega_prosjekt/src/mekatronikk_mega_prosjekt/build/scene_handler': CMAKE_PREFIX_PATH=${CMAKE_PREFIX_PATH}:/home/michael/ros2_ws/mega_prosjekt/src/mekatronikk_mega_prosjekt/install/usb_cam:/home/michael/ros2_ws/mega_prosjekt/install/process_handler:/home/michael/ros2_ws/mega_prosjekt/install/input_handler:/home/michael/ros2_ws/mega_prosjekt/install/camera_processor:/home/michael/ros2_ws/mega_prosjekt/install/bringup_robot:/home/michael/ros2_ws/MegaProsjekt/install/launch_files:/home/michael/ros2_ws/MegaProsjekt/install/camera_processor:/opt/ros/jazzy DEBUGINFOD_URLS=https://debuginfod.ubuntu.com PS1=(.venv) \[\e]0;\u@\h: \w\a\]${debian_chroot:+($debian_chroot)}\[\033[01;32m\]\u@\h\[\033[00m\]:\[\033[01;34m\]\w\[\033[00m\]\$ VIRTUAL_ENV_PROMPT=(.venv) /usr/bin/cmake /home/michael/ros2_ws/mega_prosjekt/src/mekatronikk_mega_prosjekt/scene_handler -DCMAKE_INSTALL_PREFIX=/home/michael/ros2_ws/mega_prosjekt/src/mekatronikk_mega_prosjekt/install/scene_handler
[1.236s] -- The C compiler identification is GNU 13.3.0
[1.236s] -- The CXX compiler identification is GNU 13.3.0
[1.236s] -- Detecting C compiler ABI info
[1.254s] -- Detecting C compiler ABI info - done
[1.267s] -- Check for working C compiler: /usr/bin/cc - skipped
[1.267s] -- Detecting C compile features
[1.268s] -- Detecting C compile features - done
[1.280s] -- Detecting CXX compiler ABI info
[1.401s] -- Detecting CXX compiler ABI info - done
[1.413s] -- Check for working CXX compiler: /usr/bin/c++ - skipped
[1.413s] -- Detecting CXX compile features
[1.413s] -- Detecting CXX compile features - done
[1.416s] -- Found ament_cmake: 2.5.4 (/opt/ros/jazzy/share/ament_cmake/cmake)
[1.614s] -- Found Python3: /home/michael/ros2_ws/.venv/bin/python3 (found version "3.12.3") found components: Interpreter 
[1.754s] -- Found rclcpp: 28.1.6 (/opt/ros/jazzy/share/rclcpp/cmake)
[1.802s] -- Found rosidl_generator_c: 4.6.5 (/opt/ros/jazzy/share/rosidl_generator_c/cmake)
[1.817s] -- Found rosidl_generator_cpp: 4.6.5 (/opt/ros/jazzy/share/rosidl_generator_cpp/cmake)
[1.836s] -- Using all available rosidl_typesupport_c: rosidl_typesupport_fastrtps_c;rosidl_typesupport_introspection_c
[1.858s] -- Using all available rosidl_typesupport_cpp: rosidl_typesupport_fastrtps_cpp;rosidl_typesupport_introspection_cpp
[1.962s] -- Found rmw_implementation_cmake: 7.3.1 (/opt/ros/jazzy/share/rmw_implementation_cmake/cmake)
[1.967s] -- Found rmw_fastrtps_cpp: 8.4.1 (/opt/ros/jazzy/share/rmw_fastrtps_cpp/cmake)
[2.066s] -- Found OpenSSL: /usr/lib/x86_64-linux-gnu/libcrypto.so (found version "3.0.13")  
[2.098s] -- Found FastRTPS: /opt/ros/jazzy/include (Required is at least version "2.13") 
[2.137s] -- Using RMW implementation 'rmw_fastrtps_cpp' as default
[2.282s] [31mCMake Error at CMakeLists.txt:11 (find_package):
[2.283s]   By not providing "Findmoveit_visual_tools.cmake" in CMAKE_MODULE_PATH this
[2.283s]   project has asked CMake to find a package configuration file provided by
[2.283s]   "moveit_visual_tools", but CMake did not find one.
[2.283s] 
[2.283s]   Could not find a package configuration file provided by
[2.283s]   "moveit_visual_tools" with any of the following names:
[2.283s] 
[2.283s]     moveit_visual_toolsConfig.cmake
[2.284s]     moveit_visual_tools-config.cmake
[2.284s] 
[2.284s]   Add the installation prefix of "moveit_visual_tools" to CMAKE_PREFIX_PATH
[2.284s]   or set "moveit_visual_tools_DIR" to a directory containing one of the above
[2.284s]   files.  If "moveit_visual_tools" provides a separate development package or
[2.284s]   SDK, be sure it has been installed.
[2.284s] 
[2.284s] [0m
[2.284s] -- Configuring incomplete, errors occurred!
