running egg_info
writing build/camera_processor/camera_processor.egg-info/PKG-INFO
writing dependency_links to build/camera_processor/camera_processor.egg-info/dependency_links.txt
writing entry points to build/camera_processor/camera_processor.egg-info/entry_points.txt
writing requirements to build/camera_processor/camera_processor.egg-info/requires.txt
writing top-level names to build/camera_processor/camera_processor.egg-info/top_level.txt
reading manifest file 'build/camera_processor/camera_processor.egg-info/SOURCES.txt'
writing manifest file 'build/camera_processor/camera_processor.egg-info/SOURCES.txt'
running build
running build_py
running install
running install_lib
running install_data
copying resource/usb_cam_parameters.yaml -> /home/michael/ros2_ws/mega_prosjekt/src/mekatronikk_mega_prosjekt/camera_processor/install/camera_processor/share/camera_processor/config
running install_egg_info
Copying build/camera_processor/camera_processor.egg-info to /home/michael/ros2_ws/mega_prosjekt/src/mekatronikk_mega_prosjekt/camera_processor/install/camera_processor/lib/python3.12/site-packages/camera_processor-0.0.0-py3.12.egg-info
running install_scripts
Installing cube_tracker script to /home/michael/ros2_ws/mega_prosjekt/src/mekatronikk_mega_prosjekt/camera_processor/install/camera_processor/lib/camera_processor
Installing red_cube_detector script to /home/michael/ros2_ws/mega_prosjekt/src/mekatronikk_mega_prosjekt/camera_processor/install/camera_processor/lib/camera_processor
writing list of installed files to '/home/michael/ros2_ws/mega_prosjekt/src/mekatronikk_mega_prosjekt/camera_processor/build/camera_processor/install.log'
