[0.935s] Invoking command in '/home/michael/ros2_ws/mega_prosjekt/src/mekatronikk_mega_prosjekt/camera_processor': DEBUGINFOD_URLS=https://debuginfod.ubuntu.com PS1=\[\e]0;\u@\h: \w\a\]${debian_chroot:+($debian_chroot)}\[\033[01;32m\]\u@\h\[\033[00m\]:\[\033[01;34m\]\w\[\033[00m\]\$ PYTHONPATH=/home/michael/ros2_ws/mega_prosjekt/src/mekatronikk_mega_prosjekt/camera_processor/build/camera_processor/prefix_override:/usr/lib/python3/dist-packages/colcon_core/task/python/colcon_distutils_commands:/home/michael/ros2_ws/mega_prosjekt/src/mekatronikk_mega_prosjekt/camera_processor/install/camera_processor/lib/python3.12/site-packages:${PYTHONPATH} /usr/bin/python3 -W ignore:setup.py install is deprecated -W ignore:easy_install command is deprecated setup.py egg_info --egg-base build/camera_processor build --build-base /home/michael/ros2_ws/mega_prosjekt/src/mekatronikk_mega_prosjekt/camera_processor/build/camera_processor/build install --record /home/michael/ros2_ws/mega_prosjekt/src/mekatronikk_mega_prosjekt/camera_processor/build/camera_processor/install.log --single-version-externally-managed install_data
[1.236s] running egg_info
[1.255s] writing build/camera_processor/camera_processor.egg-info/PKG-INFO
[1.256s] writing dependency_links to build/camera_processor/camera_processor.egg-info/dependency_links.txt
[1.256s] writing entry points to build/camera_processor/camera_processor.egg-info/entry_points.txt
[1.256s] writing requirements to build/camera_processor/camera_processor.egg-info/requires.txt
[1.256s] writing top-level names to build/camera_processor/camera_processor.egg-info/top_level.txt
[1.295s] reading manifest file 'build/camera_processor/camera_processor.egg-info/SOURCES.txt'
[1.296s] writing manifest file 'build/camera_processor/camera_processor.egg-info/SOURCES.txt'
[1.296s] running build
[1.296s] running build_py
[1.297s] running install
[1.304s] running install_lib
[1.325s] running install_data
[1.325s] copying resource/usb_cam_parameters.yaml -> /home/michael/ros2_ws/mega_prosjekt/src/mekatronikk_mega_prosjekt/camera_processor/install/camera_processor/share/camera_processor/config
[1.325s] running install_egg_info
[1.346s] Copying build/camera_processor/camera_processor.egg-info to /home/michael/ros2_ws/mega_prosjekt/src/mekatronikk_mega_prosjekt/camera_processor/install/camera_processor/lib/python3.12/site-packages/camera_processor-0.0.0-py3.12.egg-info
[1.347s] running install_scripts
[1.491s] Installing cube_tracker script to /home/michael/ros2_ws/mega_prosjekt/src/mekatronikk_mega_prosjekt/camera_processor/install/camera_processor/lib/camera_processor
[1.491s] Installing red_cube_detector script to /home/michael/ros2_ws/mega_prosjekt/src/mekatronikk_mega_prosjekt/camera_processor/install/camera_processor/lib/camera_processor
[1.491s] writing list of installed files to '/home/michael/ros2_ws/mega_prosjekt/src/mekatronikk_mega_prosjekt/camera_processor/build/camera_processor/install.log'
[1.522s] Invoked command in '/home/michael/ros2_ws/mega_prosjekt/src/mekatronikk_mega_prosjekt/camera_processor' returned '0': DEBUGINFOD_URLS=https://debuginfod.ubuntu.com PS1=\[\e]0;\u@\h: \w\a\]${debian_chroot:+($debian_chroot)}\[\033[01;32m\]\u@\h\[\033[00m\]:\[\033[01;34m\]\w\[\033[00m\]\$ PYTHONPATH=/home/michael/ros2_ws/mega_prosjekt/src/mekatronikk_mega_prosjekt/camera_processor/build/camera_processor/prefix_override:/usr/lib/python3/dist-packages/colcon_core/task/python/colcon_distutils_commands:/home/michael/ros2_ws/mega_prosjekt/src/mekatronikk_mega_prosjekt/camera_processor/install/camera_processor/lib/python3.12/site-packages:${PYTHONPATH} /usr/bin/python3 -W ignore:setup.py install is deprecated -W ignore:easy_install command is deprecated setup.py egg_info --egg-base build/camera_processor build --build-base /home/michael/ros2_ws/mega_prosjekt/src/mekatronikk_mega_prosjekt/camera_processor/build/camera_processor/build install --record /home/michael/ros2_ws/mega_prosjekt/src/mekatronikk_mega_prosjekt/camera_processor/build/camera_processor/install.log --single-version-externally-managed install_data
