running egg_info
creating ../build/camera_processor/camera_processor.egg-info
writing ../build/camera_processor/camera_processor.egg-info/PKG-INFO
writing dependency_links to ../build/camera_processor/camera_processor.egg-info/dependency_links.txt
writing entry points to ../build/camera_processor/camera_processor.egg-info/entry_points.txt
writing requirements to ../build/camera_processor/camera_processor.egg-info/requires.txt
writing top-level names to ../build/camera_processor/camera_processor.egg-info/top_level.txt
writing manifest file '../build/camera_processor/camera_processor.egg-info/SOURCES.txt'
reading manifest file '../build/camera_processor/camera_processor.egg-info/SOURCES.txt'
writing manifest file '../build/camera_processor/camera_processor.egg-info/SOURCES.txt'
running build
running build_py
creating /home/michael/ros2_ws/mega_prosjekt/src/mekatronikk_mega_prosjekt/build/camera_processor/build/lib/camera_processor
copying camera_processor/cube_tracker.py -> /home/michael/ros2_ws/mega_prosjekt/src/mekatronikk_mega_prosjekt/build/camera_processor/build/lib/camera_processor
copying camera_processor/__init__.py -> /home/michael/ros2_ws/mega_prosjekt/src/mekatronikk_mega_prosjekt/build/camera_processor/build/lib/camera_processor
running install
running install_lib
creating /home/michael/ros2_ws/mega_prosjekt/src/mekatronikk_mega_prosjekt/install/camera_processor/lib/python3.12/site-packages/camera_processor
copying /home/michael/ros2_ws/mega_prosjekt/src/mekatronikk_mega_prosjekt/build/camera_processor/build/lib/camera_processor/cube_tracker.py -> /home/michael/ros2_ws/mega_prosjekt/src/mekatronikk_mega_prosjekt/install/camera_processor/lib/python3.12/site-packages/camera_processor
copying /home/michael/ros2_ws/mega_prosjekt/src/mekatronikk_mega_prosjekt/build/camera_processor/build/lib/camera_processor/__init__.py -> /home/michael/ros2_ws/mega_prosjekt/src/mekatronikk_mega_prosjekt/install/camera_processor/lib/python3.12/site-packages/camera_processor
byte-compiling /home/michael/ros2_ws/mega_prosjekt/src/mekatronikk_mega_prosjekt/install/camera_processor/lib/python3.12/site-packages/camera_processor/cube_tracker.py to cube_tracker.cpython-312.pyc
byte-compiling /home/michael/ros2_ws/mega_prosjekt/src/mekatronikk_mega_prosjekt/install/camera_processor/lib/python3.12/site-packages/camera_processor/__init__.py to __init__.cpython-312.pyc
running install_data
creating /home/michael/ros2_ws/mega_prosjekt/src/mekatronikk_mega_prosjekt/install/camera_processor/share/ament_index/resource_index/packages
copying resource/camera_processor -> /home/michael/ros2_ws/mega_prosjekt/src/mekatronikk_mega_prosjekt/install/camera_processor/share/ament_index/resource_index/packages
copying package.xml -> /home/michael/ros2_ws/mega_prosjekt/src/mekatronikk_mega_prosjekt/install/camera_processor/share/camera_processor
running install_egg_info
Copying ../build/camera_processor/camera_processor.egg-info to /home/michael/ros2_ws/mega_prosjekt/src/mekatronikk_mega_prosjekt/install/camera_processor/lib/python3.12/site-packages/camera_processor-0.0.0-py3.12.egg-info
running install_scripts
Installing cube_tracker script to /home/michael/ros2_ws/mega_prosjekt/src/mekatronikk_mega_prosjekt/install/camera_processor/lib/camera_processor
Installing red_cube_detector script to /home/michael/ros2_ws/mega_prosjekt/src/mekatronikk_mega_prosjekt/install/camera_processor/lib/camera_processor
writing list of installed files to '/home/michael/ros2_ws/mega_prosjekt/src/mekatronikk_mega_prosjekt/build/camera_processor/install.log'
