[1.909s] Invoking command in '/home/michael/ros2_ws/mega_prosjekt/src/mekatronikk_mega_prosjekt/camera_processor': DEBUGINFOD_URLS=https://debuginfod.ubuntu.com PS1=(.venv) \[\e]0;\u@\h: \w\a\]${debian_chroot:+($debian_chroot)}\[\033[01;32m\]\u@\h\[\033[00m\]:\[\033[01;34m\]\w\[\033[00m\]\$ PYTHONPATH=/home/michael/ros2_ws/mega_prosjekt/src/mekatronikk_mega_prosjekt/build/camera_processor/prefix_override:/home/michael/ros2_ws/.venv/lib/python3.12/site-packages/colcon_core/task/python/colcon_distutils_commands:/home/michael/ros2_ws/mega_prosjekt/src/mekatronikk_mega_prosjekt/install/camera_processor/lib/python3.12/site-packages:${PYTHONPATH} VIRTUAL_ENV_PROMPT=(.venv) /home/michael/ros2_ws/.venv/bin/python3.12 -W ignore:setup.py install is deprecated -W ignore:easy_install command is deprecated setup.py egg_info --egg-base ../build/camera_processor build --build-base /home/michael/ros2_ws/mega_prosjekt/src/mekatronikk_mega_prosjekt/build/camera_processor/build install --record /home/michael/ros2_ws/mega_prosjekt/src/mekatronikk_mega_prosjekt/build/camera_processor/install.log --single-version-externally-managed install_data
[2.252s] running egg_info
[2.281s] creating ../build/camera_processor/camera_processor.egg-info
[2.281s] writing ../build/camera_processor/camera_processor.egg-info/PKG-INFO
[2.284s] writing dependency_links to ../build/camera_processor/camera_processor.egg-info/dependency_links.txt
[2.284s] writing entry points to ../build/camera_processor/camera_processor.egg-info/entry_points.txt
[2.284s] writing requirements to ../build/camera_processor/camera_processor.egg-info/requires.txt
[2.284s] writing top-level names to ../build/camera_processor/camera_processor.egg-info/top_level.txt
[2.284s] writing manifest file '../build/camera_processor/camera_processor.egg-info/SOURCES.txt'
[2.345s] reading manifest file '../build/camera_processor/camera_processor.egg-info/SOURCES.txt'
[2.347s] writing manifest file '../build/camera_processor/camera_processor.egg-info/SOURCES.txt'
[2.347s] running build
[2.347s] running build_py
[2.347s] creating /home/michael/ros2_ws/mega_prosjekt/src/mekatronikk_mega_prosjekt/build/camera_processor/build/lib/camera_processor
[2.348s] copying camera_processor/cube_tracker.py -> /home/michael/ros2_ws/mega_prosjekt/src/mekatronikk_mega_prosjekt/build/camera_processor/build/lib/camera_processor
[2.348s] copying camera_processor/__init__.py -> /home/michael/ros2_ws/mega_prosjekt/src/mekatronikk_mega_prosjekt/build/camera_processor/build/lib/camera_processor
[2.349s] running install
[2.358s] running install_lib
[2.378s] creating /home/michael/ros2_ws/mega_prosjekt/src/mekatronikk_mega_prosjekt/install/camera_processor/lib/python3.12/site-packages/camera_processor
[2.378s] copying /home/michael/ros2_ws/mega_prosjekt/src/mekatronikk_mega_prosjekt/build/camera_processor/build/lib/camera_processor/cube_tracker.py -> /home/michael/ros2_ws/mega_prosjekt/src/mekatronikk_mega_prosjekt/install/camera_processor/lib/python3.12/site-packages/camera_processor
[2.379s] copying /home/michael/ros2_ws/mega_prosjekt/src/mekatronikk_mega_prosjekt/build/camera_processor/build/lib/camera_processor/__init__.py -> /home/michael/ros2_ws/mega_prosjekt/src/mekatronikk_mega_prosjekt/install/camera_processor/lib/python3.12/site-packages/camera_processor
[2.379s] byte-compiling /home/michael/ros2_ws/mega_prosjekt/src/mekatronikk_mega_prosjekt/install/camera_processor/lib/python3.12/site-packages/camera_processor/cube_tracker.py to cube_tracker.cpython-312.pyc
[2.381s] byte-compiling /home/michael/ros2_ws/mega_prosjekt/src/mekatronikk_mega_prosjekt/install/camera_processor/lib/python3.12/site-packages/camera_processor/__init__.py to __init__.cpython-312.pyc
[2.381s] running install_data
[2.382s] creating /home/michael/ros2_ws/mega_prosjekt/src/mekatronikk_mega_prosjekt/install/camera_processor/share/ament_index/resource_index/packages
[2.382s] copying resource/camera_processor -> /home/michael/ros2_ws/mega_prosjekt/src/mekatronikk_mega_prosjekt/install/camera_processor/share/ament_index/resource_index/packages
[2.382s] copying package.xml -> /home/michael/ros2_ws/mega_prosjekt/src/mekatronikk_mega_prosjekt/install/camera_processor/share/camera_processor
[2.382s] running install_egg_info
[2.398s] Copying ../build/camera_processor/camera_processor.egg-info to /home/michael/ros2_ws/mega_prosjekt/src/mekatronikk_mega_prosjekt/install/camera_processor/lib/python3.12/site-packages/camera_processor-0.0.0-py3.12.egg-info
[2.399s] running install_scripts
[2.428s] Installing cube_tracker script to /home/michael/ros2_ws/mega_prosjekt/src/mekatronikk_mega_prosjekt/install/camera_processor/lib/camera_processor
[2.429s] Installing red_cube_detector script to /home/michael/ros2_ws/mega_prosjekt/src/mekatronikk_mega_prosjekt/install/camera_processor/lib/camera_processor
[2.429s] writing list of installed files to '/home/michael/ros2_ws/mega_prosjekt/src/mekatronikk_mega_prosjekt/build/camera_processor/install.log'
