[0.984s] Invoking command in '/home/michael/ros2_ws/mega_prosjekt/src/mekatronikk_mega_prosjekt/build/process_msgs': CMAKE_PREFIX_PATH=${CMAKE_PREFIX_PATH}:/home/michael/ros2_ws/mega_prosjekt/src/mekatronikk_mega_prosjekt/install/usb_cam:/home/michael/ros2_ws/mega_prosjekt/install/process_handler:/home/michael/ros2_ws/mega_prosjekt/install/input_handler:/home/michael/ros2_ws/mega_prosjekt/install/camera_processor:/home/michael/ros2_ws/mega_prosjekt/install/bringup_robot:/home/michael/ros2_ws/MegaProsjekt/install/launch_files:/home/michael/ros2_ws/MegaProsjekt/install/camera_processor:/opt/ros/jazzy DEBUGINFOD_URLS=https://debuginfod.ubuntu.com PS1=(.venv) \[\e]0;\u@\h: \w\a\]${debian_chroot:+($debian_chroot)}\[\033[01;32m\]\u@\h\[\033[00m\]:\[\033[01;34m\]\w\[\033[00m\]\$ VIRTUAL_ENV_PROMPT=(.venv) /usr/bin/cmake /home/michael/ros2_ws/mega_prosjekt/src/mekatronikk_mega_prosjekt/process_msgs -DCMAKE_INSTALL_PREFIX=/home/michael/ros2_ws/mega_prosjekt/src/mekatronikk_mega_prosjekt/install/process_msgs
[1.243s] -- The C compiler identification is GNU 13.3.0
[1.243s] -- The CXX compiler identification is GNU 13.3.0
[1.244s] -- Detecting C compiler ABI info
[1.270s] -- Detecting C compiler ABI info - done
[1.284s] -- Check for working C compiler: /usr/bin/cc - skipped
[1.284s] -- Detecting C compile features
[1.285s] -- Detecting C compile features - done
[1.295s] -- Detecting CXX compiler ABI info
[1.425s] -- Detecting CXX compiler ABI info - done
[1.437s] -- Check for working CXX compiler: /usr/bin/c++ - skipped
[1.437s] -- Detecting CXX compile features
[1.437s] -- Detecting CXX compile features - done
[1.440s] -- Found ament_cmake: 2.5.4 (/opt/ros/jazzy/share/ament_cmake/cmake)
[1.601s] -- Found Python3: /home/michael/ros2_ws/.venv/bin/python3 (found version "3.12.3") found components: Interpreter 
[1.791s] -- Found rosidl_default_generators: 1.6.0 (/opt/ros/jazzy/share/rosidl_default_generators/cmake)
[1.804s] -- Using all available rosidl_typesupport_c: rosidl_typesupport_fastrtps_c;rosidl_typesupport_introspection_c
[1.903s] -- Using all available rosidl_typesupport_cpp: rosidl_typesupport_fastrtps_cpp;rosidl_typesupport_introspection_cpp
[1.968s] -- Found rosidl_adapter: 4.6.5 (/opt/ros/jazzy/share/rosidl_adapter/cmake)
[1.975s] -- Found geometry_msgs: 5.3.5 (/opt/ros/jazzy/share/geometry_msgs/cmake)
[2.932s] -- Found ament_cmake_ros: 0.12.0 (/opt/ros/jazzy/share/ament_cmake_ros/cmake)
[3.508s] -- Using all available rosidl_typesupport_c: rosidl_typesupport_fastrtps_c;rosidl_typesupport_introspection_c
[4.259s] -- Using all available rosidl_typesupport_cpp: rosidl_typesupport_fastrtps_cpp;rosidl_typesupport_introspection_cpp
[4.263s] -- Found python_cmake_module: 0.11.1 (/opt/ros/jazzy/share/python_cmake_module/cmake)
[4.411s] -- Found PythonExtra: /home/michael/ros2_ws/.venv/bin/python3  
[5.059s] -- Found Python3: /home/michael/ros2_ws/.venv/bin/python3 (found version "3.12.3") found components: Interpreter Development NumPy Development.Module Development.Embed 
[5.134s] -- Configuring done (4.1s)
[5.191s] -- Generating done (0.0s)
[5.206s] -- Build files have been written to: /home/michael/ros2_ws/mega_prosjekt/src/mekatronikk_mega_prosjekt/build/process_msgs
