running egg_info
creating ../build/bringup_robot/bringup_robot.egg-info
writing ../build/bringup_robot/bringup_robot.egg-info/PKG-INFO
writing dependency_links to ../build/bringup_robot/bringup_robot.egg-info/dependency_links.txt
writing requirements to ../build/bringup_robot/bringup_robot.egg-info/requires.txt
writing top-level names to ../build/bringup_robot/bringup_robot.egg-info/top_level.txt
writing manifest file '../build/bringup_robot/bringup_robot.egg-info/SOURCES.txt'
reading manifest file '../build/bringup_robot/bringup_robot.egg-info/SOURCES.txt'
writing manifest file '../build/bringup_robot/bringup_robot.egg-info/SOURCES.txt'
running build
running build_py
creating /home/michael/ros2_ws/mega_prosjekt/src/mekatronikk_mega_prosjekt/build/bringup_robot/build/lib/bringup_robot
copying bringup_robot/__init__.py -> /home/michael/ros2_ws/mega_prosjekt/src/mekatronikk_mega_prosjekt/build/bringup_robot/build/lib/bringup_robot
running install
running install_lib
creating /home/michael/ros2_ws/mega_prosjekt/src/mekatronikk_mega_prosjekt/install/bringup_robot/lib/python3.12/site-packages/bringup_robot
copying /home/michael/ros2_ws/mega_prosjekt/src/mekatronikk_mega_prosjekt/build/bringup_robot/build/lib/bringup_robot/__init__.py -> /home/michael/ros2_ws/mega_prosjekt/src/mekatronikk_mega_prosjekt/install/bringup_robot/lib/python3.12/site-packages/bringup_robot
byte-compiling /home/michael/ros2_ws/mega_prosjekt/src/mekatronikk_mega_prosjekt/install/bringup_robot/lib/python3.12/site-packages/bringup_robot/__init__.py to __init__.cpython-312.pyc
running install_data
creating /home/michael/ros2_ws/mega_prosjekt/src/mekatronikk_mega_prosjekt/install/bringup_robot/share/ament_index/resource_index/packages
copying resource/bringup_robot -> /home/michael/ros2_ws/mega_prosjekt/src/mekatronikk_mega_prosjekt/install/bringup_robot/share/ament_index/resource_index/packages
copying package.xml -> /home/michael/ros2_ws/mega_prosjekt/src/mekatronikk_mega_prosjekt/install/bringup_robot/share/bringup_robot
running install_egg_info
Copying ../build/bringup_robot/bringup_robot.egg-info to /home/michael/ros2_ws/mega_prosjekt/src/mekatronikk_mega_prosjekt/install/bringup_robot/lib/python3.12/site-packages/bringup_robot-0.0.0-py3.12.egg-info
running install_scripts
writing list of installed files to '/home/michael/ros2_ws/mega_prosjekt/src/mekatronikk_mega_prosjekt/build/bringup_robot/install.log'
