[0.744s] Invoking command in '/home/michael/ros2_ws/mega_prosjekt/src/mekatronikk_mega_prosjekt/usb_cam': DEBUGINFOD_URLS=https://debuginfod.ubuntu.com PS1=(.venv) \[\e]0;\u@\h: \w\a\]${debian_chroot:+($debian_chroot)}\[\033[01;32m\]\u@\h\[\033[00m\]:\[\033[01;34m\]\w\[\033[00m\]\$ PYTHONPATH=/home/michael/ros2_ws/mega_prosjekt/src/mekatronikk_mega_prosjekt/build/usb_cam/prefix_override:/home/michael/ros2_ws/.venv/lib/python3.12/site-packages/colcon_core/task/python/colcon_distutils_commands:/home/michael/ros2_ws/mega_prosjekt/src/mekatronikk_mega_prosjekt/install/usb_cam/lib/python3.12/site-packages:${PYTHONPATH} VIRTUAL_ENV_PROMPT=(.venv) /home/michael/ros2_ws/.venv/bin/python3.12 -W ignore:setup.py install is deprecated -W ignore:easy_install command is deprecated setup.py egg_info --egg-base ../build/usb_cam build --build-base /home/michael/ros2_ws/mega_prosjekt/src/mekatronikk_mega_prosjekt/build/usb_cam/build install --record /home/michael/ros2_ws/mega_prosjekt/src/mekatronikk_mega_prosjekt/build/usb_cam/install.log --single-version-externally-managed install_data
[0.933s] /home/michael/ros2_ws/.venv/lib/python3.12/site-packages/setuptools/_distutils/dist.py:289: UserWarning: Unknown distribution option: 'tests_require'
[0.933s]   warnings.warn(msg)
[1.057s] running egg_info
[1.071s] creating ../build/usb_cam/usb_cam.egg-info
[1.071s] writing ../build/usb_cam/usb_cam.egg-info/PKG-INFO
[1.072s] writing dependency_links to ../build/usb_cam/usb_cam.egg-info/dependency_links.txt
[1.072s] writing requirements to ../build/usb_cam/usb_cam.egg-info/requires.txt
[1.073s] writing top-level names to ../build/usb_cam/usb_cam.egg-info/top_level.txt
[1.073s] writing manifest file '../build/usb_cam/usb_cam.egg-info/SOURCES.txt'
[1.105s] reading manifest file '../build/usb_cam/usb_cam.egg-info/SOURCES.txt'
[1.106s] writing manifest file '../build/usb_cam/usb_cam.egg-info/SOURCES.txt'
[1.106s] running build
[1.106s] running build_py
[1.106s] creating /home/michael/ros2_ws/mega_prosjekt/src/mekatronikk_mega_prosjekt/build/usb_cam/build/lib/usb_cam
[1.107s] copying usb_cam/camera_begin.py -> /home/michael/ros2_ws/mega_prosjekt/src/mekatronikk_mega_prosjekt/build/usb_cam/build/lib/usb_cam
[1.107s] copying usb_cam/__init__.py -> /home/michael/ros2_ws/mega_prosjekt/src/mekatronikk_mega_prosjekt/build/usb_cam/build/lib/usb_cam
[1.108s] running install
[1.114s] running install_lib
[1.131s] creating /home/michael/ros2_ws/mega_prosjekt/src/mekatronikk_mega_prosjekt/install/usb_cam/lib/python3.12/site-packages/usb_cam
[1.132s] copying /home/michael/ros2_ws/mega_prosjekt/src/mekatronikk_mega_prosjekt/build/usb_cam/build/lib/usb_cam/camera_begin.py -> /home/michael/ros2_ws/mega_prosjekt/src/mekatronikk_mega_prosjekt/install/usb_cam/lib/python3.12/site-packages/usb_cam
[1.132s] copying /home/michael/ros2_ws/mega_prosjekt/src/mekatronikk_mega_prosjekt/build/usb_cam/build/lib/usb_cam/__init__.py -> /home/michael/ros2_ws/mega_prosjekt/src/mekatronikk_mega_prosjekt/install/usb_cam/lib/python3.12/site-packages/usb_cam
[1.133s] byte-compiling /home/michael/ros2_ws/mega_prosjekt/src/mekatronikk_mega_prosjekt/install/usb_cam/lib/python3.12/site-packages/usb_cam/camera_begin.py to camera_begin.cpython-312.pyc
[1.133s] byte-compiling /home/michael/ros2_ws/mega_prosjekt/src/mekatronikk_mega_prosjekt/install/usb_cam/lib/python3.12/site-packages/usb_cam/__init__.py to __init__.cpython-312.pyc
[1.133s] running install_data
[1.134s] creating /home/michael/ros2_ws/mega_prosjekt/src/mekatronikk_mega_prosjekt/install/usb_cam/share/ament_index/resource_index/packages
[1.134s] copying resource/usb_cam -> /home/michael/ros2_ws/mega_prosjekt/src/mekatronikk_mega_prosjekt/install/usb_cam/share/ament_index/resource_index/packages
[1.134s] copying package.xml -> /home/michael/ros2_ws/mega_prosjekt/src/mekatronikk_mega_prosjekt/install/usb_cam/share/usb_cam
[1.134s] running install_egg_info
[1.153s] Copying ../build/usb_cam/usb_cam.egg-info to /home/michael/ros2_ws/mega_prosjekt/src/mekatronikk_mega_prosjekt/install/usb_cam/lib/python3.12/site-packages/usb_cam-0.0.0-py3.12.egg-info
[1.154s] running install_scripts
[1.186s] writing list of installed files to '/home/michael/ros2_ws/mega_prosjekt/src/mekatronikk_mega_prosjekt/build/usb_cam/install.log'
[1.217s] Invoked command in '/home/michael/ros2_ws/mega_prosjekt/src/mekatronikk_mega_prosjekt/usb_cam' returned '0': DEBUGINFOD_URLS=https://debuginfod.ubuntu.com PS1=(.venv) \[\e]0;\u@\h: \w\a\]${debian_chroot:+($debian_chroot)}\[\033[01;32m\]\u@\h\[\033[00m\]:\[\033[01;34m\]\w\[\033[00m\]\$ PYTHONPATH=/home/michael/ros2_ws/mega_prosjekt/src/mekatronikk_mega_prosjekt/build/usb_cam/prefix_override:/home/michael/ros2_ws/.venv/lib/python3.12/site-packages/colcon_core/task/python/colcon_distutils_commands:/home/michael/ros2_ws/mega_prosjekt/src/mekatronikk_mega_prosjekt/install/usb_cam/lib/python3.12/site-packages:${PYTHONPATH} VIRTUAL_ENV_PROMPT=(.venv) /home/michael/ros2_ws/.venv/bin/python3.12 -W ignore:setup.py install is deprecated -W ignore:easy_install command is deprecated setup.py egg_info --egg-base ../build/usb_cam build --build-base /home/michael/ros2_ws/mega_prosjekt/src/mekatronikk_mega_prosjekt/build/usb_cam/build install --record /home/michael/ros2_ws/mega_prosjekt/src/mekatronikk_mega_prosjekt/build/usb_cam/install.log --single-version-externally-managed install_data
